INFO Watching for file changes with StatReloader
INFO [GET] method: 2020-12-22 19:02:58 ,ip: 127.0.0.1,	path: /,	user_id: 2,	sesion_id: nk3hw8hkbkpxhw19a6q7i36zo3k7dx4j	
INFO "GET / HTTP/1.1" 200 181671
INFO "GET /static/dist/css/ionicons.css HTTP/1.1" 200 51293
INFO "GET /static/dist/css/adminlte.min.css HTTP/1.1" 200 689621
INFO "GET /static/plugins/select2/css/select2.min.css HTTP/1.1" 200 14966
INFO "GET /static/plugins/fontawesome-free/css/all.min.css HTTP/1.1" 200 58578
INFO "GET /static/plugins/jquery/jquery.min.js HTTP/1.1" 200 88145
INFO "GET /static/plugins/select2-bootstrap4-theme/select2-bootstrap4.min.css HTTP/1.1" 200 5158
INFO "GET /static/plugins/daterangepicker/daterangepicker.css HTTP/1.1" 200 8063
INFO "GET /static/dist/img/AdminLTELogo.png HTTP/1.1" 200 10380
INFO "GET /static/plugins/select2/js/select2.full.min.js HTTP/1.1" 200 79172
INFO "GET /static/plugins/inputmask/min/jquery.inputmask.bundle.min.js HTTP/1.1" 200 118400
INFO "GET /static/plugins/chart.js/Chart.min.js HTTP/1.1" 200 172812
INFO "GET /static/plugins/moment/moment.min.js HTTP/1.1" 200 53324
INFO "GET /static/plugins/fontawesome-free/webfonts/fa-solid-900.woff2 HTTP/1.1" 200 79444
INFO "GET /static/plugins/daterangepicker/daterangepicker.js HTTP/1.1" 200 67268
INFO "GET /static/dist/js/adminlte.min.js HTTP/1.1" 200 25193
INFO [GET] method: 2020-12-22 19:03:00 ,ip: 127.0.0.1,	path: /media/profile_pic/DSC_0487.JPG,	user_id: 2,	sesion_id: nk3hw8hkbkpxhw19a6q7i36zo3k7dx4j	
INFO "GET /static/plugins/bootstrap/js/bootstrap.bundle.min.js HTTP/1.1" 200 80698
INFO "GET /media/profile_pic/DSC_0487.JPG HTTP/1.1" 200 4672255
INFO [GET] method: 2020-12-22 19:03:00 ,ip: 127.0.0.1,	path: /financial/get_report_data/,	user_id: 2,	sesion_id: nk3hw8hkbkpxhw19a6q7i36zo3k7dx4j	
INFO [GET] method: 2020-12-22 19:03:00 ,ip: 127.0.0.1,	path: /favicon.ico,	user_id: 2,	sesion_id: nk3hw8hkbkpxhw19a6q7i36zo3k7dx4j	
INFO "GET /financial/get_report_data/?period=30&m_name=Account&field=name HTTP/1.1" 200 484
WARNING Not Found: /favicon.ico
WARNING "GET /favicon.ico HTTP/1.1" 404 5260
INFO [GET] method: 2020-12-22 19:03:03 ,ip: 127.0.0.1,	path: /financial/,	user_id: 2,	sesion_id: nk3hw8hkbkpxhw19a6q7i36zo3k7dx4j	
INFO "GET /financial/ HTTP/1.1" 200 40452
INFO [GET] method: 2020-12-22 19:03:03 ,ip: 127.0.0.1,	path: /financial/get_report_data/,	user_id: 2,	sesion_id: nk3hw8hkbkpxhw19a6q7i36zo3k7dx4j	
INFO [GET] method: 2020-12-22 19:03:03 ,ip: 127.0.0.1,	path: /financial/get_report_data/,	user_id: 2,	sesion_id: nk3hw8hkbkpxhw19a6q7i36zo3k7dx4j	
INFO [GET] method: 2020-12-22 19:03:03 ,ip: 127.0.0.1,	path: /financial/get_report_data/,	user_id: 2,	sesion_id: nk3hw8hkbkpxhw19a6q7i36zo3k7dx4j	
INFO "GET /financial/get_report_data/?period=30&m_name=Transaction&field=category&type_id=1 HTTP/1.1" 200 253
INFO "GET /financial/get_report_data/?period=30&m_name=Account&field=name&type_id= HTTP/1.1" 200 484
INFO "GET /financial/get_report_data/?period=30&m_name=Transaction&field=corporation&type_id=1 HTTP/1.1" 200 394
INFO [GET] method: 2020-12-22 19:03:03 ,ip: 127.0.0.1,	path: /financial/get_report_data/,	user_id: 2,	sesion_id: nk3hw8hkbkpxhw19a6q7i36zo3k7dx4j	
INFO [GET] method: 2020-12-22 19:03:03 ,ip: 127.0.0.1,	path: /financial/get_report_data/,	user_id: 2,	sesion_id: nk3hw8hkbkpxhw19a6q7i36zo3k7dx4j	
INFO "GET /financial/get_report_data/?period=30&m_name=Transaction&field=corporation&type_id=2 HTTP/1.1" 200 101
INFO "GET /financial/get_report_data/?period=30&m_name=Transaction&field=account&type_id=1 HTTP/1.1" 200 183
INFO [GET] method: 2020-12-22 19:03:06 ,ip: 127.0.0.1,	path: /list/Transaction/,	user_id: 2,	sesion_id: nk3hw8hkbkpxhw19a6q7i36zo3k7dx4j	
INFO "GET /list/Transaction/ HTTP/1.1" 200 176157
INFO [GET] method: 2020-12-22 19:04:05 ,ip: 127.0.0.1,	path: /list/Transaction/,	user_id: 2,	sesion_id: nk3hw8hkbkpxhw19a6q7i36zo3k7dx4j	
ERROR Internal Server Error: /list/Transaction/
Traceback (most recent call last):
  File "C:\Python\lib\site-packages\django\db\models\fields\__init__.py", line 1774, in get_prep_value
    return int(value)
ValueError: invalid literal for int() with base 10: 'Market'

The above exception was the direct cause of the following exception:

Traceback (most recent call last):
  File "C:\Python\lib\site-packages\django\core\handlers\exception.py", line 47, in inner
    response = get_response(request)
  File "C:\Python\lib\site-packages\django\core\handlers\base.py", line 179, in _get_response
    response = wrapped_callback(request, *callback_args, **callback_kwargs)
  File "C:\Python\lib\site-packages\django\views\generic\base.py", line 70, in view
    return self.dispatch(request, *args, **kwargs)
  File "C:\Python\lib\site-packages\django\views\generic\base.py", line 98, in dispatch
    return handler(request, *args, **kwargs)
  File "C:\Python\lib\site-packages\django\views\generic\list.py", line 142, in get
    self.object_list = self.get_queryset()
  File "D:\Talha\Masaüstü\Masaüstü\Kodlama\myERP\myERP\views.py", line 208, in get_queryset
    object_list = af.get_queryset(self.request.user, self.model_obj.name,filter_dict=self.get_filter())
  File "D:\Talha\Masaüstü\Masaüstü\Kodlama\myERP\functions\auth_func.py", line 136, in get_queryset
    object_list=object_list.filter(filter_q_and)
  File "C:\Python\lib\site-packages\django\db\models\query.py", line 942, in filter
    return self._filter_or_exclude(False, *args, **kwargs)
  File "C:\Python\lib\site-packages\django\db\models\query.py", line 962, in _filter_or_exclude
    clone._filter_or_exclude_inplace(negate, *args, **kwargs)
  File "C:\Python\lib\site-packages\django\db\models\query.py", line 969, in _filter_or_exclude_inplace
    self._query.add_q(Q(*args, **kwargs))
  File "C:\Python\lib\site-packages\django\db\models\sql\query.py", line 1358, in add_q
    clause, _ = self._add_q(q_object, self.used_aliases)
  File "C:\Python\lib\site-packages\django\db\models\sql\query.py", line 1377, in _add_q
    child_clause, needed_inner = self.build_filter(
  File "C:\Python\lib\site-packages\django\db\models\sql\query.py", line 1237, in build_filter
    return self._add_q(
  File "C:\Python\lib\site-packages\django\db\models\sql\query.py", line 1377, in _add_q
    child_clause, needed_inner = self.build_filter(
  File "C:\Python\lib\site-packages\django\db\models\sql\query.py", line 1319, in build_filter
    condition = self.build_lookup(lookups, col, value)
  File "C:\Python\lib\site-packages\django\db\models\sql\query.py", line 1165, in build_lookup
    lookup = lookup_class(lhs, rhs)
  File "C:\Python\lib\site-packages\django\db\models\lookups.py", line 24, in __init__
    self.rhs = self.get_prep_lookup()
  File "C:\Python\lib\site-packages\django\db\models\fields\related_lookups.py", line 117, in get_prep_lookup
    self.rhs = target_field.get_prep_value(self.rhs)
  File "C:\Python\lib\site-packages\django\db\models\fields\__init__.py", line 1776, in get_prep_value
    raise e.__class__(
ValueError: Field 'id' expected a number but got 'Market'.
ERROR "GET /list/Transaction/?category=Market HTTP/1.1" 500 155809
INFO [GET] method: 2020-12-22 19:05:45 ,ip: 127.0.0.1,	path: /list/Transaction/,	user_id: 2,	sesion_id: nk3hw8hkbkpxhw19a6q7i36zo3k7dx4j	
INFO "GET /list/Transaction/?page=2 HTTP/1.1" 200 176370
INFO [GET] method: 2020-12-22 19:05:51 ,ip: 127.0.0.1,	path: /list/Transaction/,	user_id: 2,	sesion_id: nk3hw8hkbkpxhw19a6q7i36zo3k7dx4j	
INFO "GET /list/Transaction/?page=1 HTTP/1.1" 200 176157
INFO [GET] method: 2020-12-22 19:06:06 ,ip: 127.0.0.1,	path: /detail/Transaction/2685/,	user_id: 2,	sesion_id: nk3hw8hkbkpxhw19a6q7i36zo3k7dx4j	
INFO "GET /detail/Transaction/2685/ HTTP/1.1" 200 38563
INFO [GET] method: 2020-12-22 19:06:10 ,ip: 127.0.0.1,	path: /update/Transaction/2685/,	user_id: 2,	sesion_id: nk3hw8hkbkpxhw19a6q7i36zo3k7dx4j	
INFO "GET /update/Transaction/2685/ HTTP/1.1" 200 46372
INFO "GET /static/plugins/tempusdominus-bootstrap-4/js/tempusdominus-bootstrap-4.min.js HTTP/1.1" 200 56879
INFO "GET /static/plugins/tempusdominus-bootstrap-4/css/tempusdominus-bootstrap-4.min.css HTTP/1.1" 200 9063
INFO [POST] method: 2020-12-22 19:06:17 ,ip: 127.0.0.1,	path: /update/Transaction/2685/,	user_id: 2,	sesion_id: nk3hw8hkbkpxhw19a6q7i36zo3k7dx4j	
INFO "POST /update/Transaction/2685/ HTTP/1.1" 302 0
INFO [GET] method: 2020-12-22 19:06:17 ,ip: 127.0.0.1,	path: /detail/Transaction/2685/,	user_id: 2,	sesion_id: nk3hw8hkbkpxhw19a6q7i36zo3k7dx4j	
INFO "GET /detail/Transaction/2685/ HTTP/1.1" 200 38568
INFO [GET] method: 2020-12-22 19:06:21 ,ip: 127.0.0.1,	path: /financial/,	user_id: 2,	sesion_id: nk3hw8hkbkpxhw19a6q7i36zo3k7dx4j	
INFO "GET /financial/ HTTP/1.1" 200 40452
INFO [GET] method: 2020-12-22 19:06:21 ,ip: 127.0.0.1,	path: /financial/get_report_data/,	user_id: 2,	sesion_id: nk3hw8hkbkpxhw19a6q7i36zo3k7dx4j	
INFO [GET] method: 2020-12-22 19:06:21 ,ip: 127.0.0.1,	path: /financial/get_report_data/,	user_id: 2,	sesion_id: nk3hw8hkbkpxhw19a6q7i36zo3k7dx4j	
INFO [GET] method: 2020-12-22 19:06:21 ,ip: 127.0.0.1,	path: /financial/get_report_data/,	user_id: 2,	sesion_id: nk3hw8hkbkpxhw19a6q7i36zo3k7dx4j	
INFO "GET /financial/get_report_data/?period=30&m_name=Transaction&field=corporation&type_id=2 HTTP/1.1" 200 101
INFO [GET] method: 2020-12-22 19:06:21 ,ip: 127.0.0.1,	path: /financial/get_report_data/,	user_id: 2,	sesion_id: nk3hw8hkbkpxhw19a6q7i36zo3k7dx4j	
INFO [GET] method: 2020-12-22 19:06:21 ,ip: 127.0.0.1,	path: /financial/get_report_data/,	user_id: 2,	sesion_id: nk3hw8hkbkpxhw19a6q7i36zo3k7dx4j	
INFO "GET /financial/get_report_data/?period=30&m_name=Transaction&field=corporation&type_id=1 HTTP/1.1" 200 394
INFO "GET /financial/get_report_data/?period=30&m_name=Transaction&field=category&type_id=1 HTTP/1.1" 200 253
INFO "GET /financial/get_report_data/?period=30&m_name=Account&field=name&type_id= HTTP/1.1" 200 484
INFO "GET /financial/get_report_data/?period=30&m_name=Transaction&field=account&type_id=1 HTTP/1.1" 200 183
INFO [GET] method: 2020-12-22 19:06:27 ,ip: 127.0.0.1,	path: /update/Transaction/2685/,	user_id: 2,	sesion_id: nk3hw8hkbkpxhw19a6q7i36zo3k7dx4j	
INFO "GET /update/Transaction/2685/ HTTP/1.1" 200 46372
INFO [GET] method: 2020-12-22 19:06:28 ,ip: 127.0.0.1,	path: /list/Transaction/,	user_id: 2,	sesion_id: nk3hw8hkbkpxhw19a6q7i36zo3k7dx4j	
INFO "GET /list/Transaction/ HTTP/1.1" 200 176152
INFO [GET] method: 2020-12-22 19:06:51 ,ip: 127.0.0.1,	path: /list/Transaction/,	user_id: 2,	sesion_id: nk3hw8hkbkpxhw19a6q7i36zo3k7dx4j	
INFO "GET /list/Transaction/ HTTP/1.1" 200 176152
INFO [POST] method: 2020-12-22 19:07:14 ,ip: 127.0.0.1,	path: /update/Transaction/2685/,	user_id: 2,	sesion_id: nk3hw8hkbkpxhw19a6q7i36zo3k7dx4j	
INFO "POST /update/Transaction/2685/ HTTP/1.1" 302 0
INFO [GET] method: 2020-12-22 19:07:14 ,ip: 127.0.0.1,	path: /detail/Transaction/2685/,	user_id: 2,	sesion_id: nk3hw8hkbkpxhw19a6q7i36zo3k7dx4j	
INFO "GET /detail/Transaction/2685/ HTTP/1.1" 200 38568
INFO [GET] method: 2020-12-22 19:07:16 ,ip: 127.0.0.1,	path: /list/Transaction/,	user_id: 2,	sesion_id: nk3hw8hkbkpxhw19a6q7i36zo3k7dx4j	
INFO "GET /list/Transaction/ HTTP/1.1" 200 176162
INFO Watching for file changes with StatReloader
INFO [GET] method: 2020-12-22 19:08:59 ,ip: 127.0.0.1,	path: /,	user_id: 2,	sesion_id: nk3hw8hkbkpxhw19a6q7i36zo3k7dx4j	
INFO "GET / HTTP/1.1" 200 181671
INFO "GET /static/dist/css/ionicons.css HTTP/1.1" 200 51293
INFO "GET /static/plugins/fontawesome-free/css/all.min.css HTTP/1.1" 200 58578
INFO "GET /static/plugins/select2/css/select2.min.css HTTP/1.1" 200 14966
INFO "GET /static/plugins/select2-bootstrap4-theme/select2-bootstrap4.min.css HTTP/1.1" 200 5158
INFO "GET /static/plugins/daterangepicker/daterangepicker.css HTTP/1.1" 200 8063
INFO "GET /static/dist/img/AdminLTELogo.png HTTP/1.1" 200 10380
INFO "GET /static/plugins/jquery/jquery.min.js HTTP/1.1" 200 88145
INFO "GET /static/dist/css/adminlte.min.css HTTP/1.1" 200 689621
INFO "GET /static/plugins/bootstrap/js/bootstrap.bundle.min.js HTTP/1.1" 200 80698
INFO "GET /static/plugins/chart.js/Chart.min.js HTTP/1.1" 200 172812
INFO "GET /static/plugins/select2/js/select2.full.min.js HTTP/1.1" 200 79172
INFO "GET /static/plugins/moment/moment.min.js HTTP/1.1" 200 53324
INFO "GET /static/plugins/inputmask/min/jquery.inputmask.bundle.min.js HTTP/1.1" 200 118400
INFO "GET /static/plugins/daterangepicker/daterangepicker.js HTTP/1.1" 200 67268
INFO "GET /static/dist/js/adminlte.min.js HTTP/1.1" 200 25193
INFO [GET] method: 2020-12-22 19:09:00 ,ip: 127.0.0.1,	path: /media/profile_pic/DSC_0487.JPG,	user_id: 2,	sesion_id: nk3hw8hkbkpxhw19a6q7i36zo3k7dx4j	
INFO "GET /media/profile_pic/DSC_0487.JPG HTTP/1.1" 200 4672255
INFO "GET /static/plugins/fontawesome-free/webfonts/fa-solid-900.woff2 HTTP/1.1" 200 79444
INFO [GET] method: 2020-12-22 19:09:00 ,ip: 127.0.0.1,	path: /financial/get_report_data/,	user_id: 2,	sesion_id: nk3hw8hkbkpxhw19a6q7i36zo3k7dx4j	
INFO [GET] method: 2020-12-22 19:09:00 ,ip: 127.0.0.1,	path: /favicon.ico,	user_id: 2,	sesion_id: nk3hw8hkbkpxhw19a6q7i36zo3k7dx4j	
WARNING Not Found: /favicon.ico
WARNING "GET /favicon.ico HTTP/1.1" 404 5260
INFO "GET /financial/get_report_data/?period=30&m_name=Account&field=name HTTP/1.1" 200 484
INFO [GET] method: 2020-12-22 19:09:06 ,ip: 127.0.0.1,	path: /financial/,	user_id: 2,	sesion_id: nk3hw8hkbkpxhw19a6q7i36zo3k7dx4j	
INFO "GET /financial/ HTTP/1.1" 200 40452
INFO [GET] method: 2020-12-22 19:09:06 ,ip: 127.0.0.1,	path: /financial/get_report_data/,	user_id: 2,	sesion_id: nk3hw8hkbkpxhw19a6q7i36zo3k7dx4j	
INFO [GET] method: 2020-12-22 19:09:06 ,ip: 127.0.0.1,	path: /financial/get_report_data/,	user_id: 2,	sesion_id: nk3hw8hkbkpxhw19a6q7i36zo3k7dx4j	
INFO "GET /financial/get_report_data/?period=30&m_name=Transaction&field=account&type_id=1 HTTP/1.1" 200 183
INFO "GET /financial/get_report_data/?period=30&m_name=Transaction&field=corporation&type_id=2 HTTP/1.1" 200 101
INFO [GET] method: 2020-12-22 19:09:06 ,ip: 127.0.0.1,	path: /financial/get_report_data/,	user_id: 2,	sesion_id: nk3hw8hkbkpxhw19a6q7i36zo3k7dx4j	
INFO "GET /financial/get_report_data/?period=30&m_name=Transaction&field=corporation&type_id=1 HTTP/1.1" 200 394
INFO [GET] method: 2020-12-22 19:09:06 ,ip: 127.0.0.1,	path: /financial/get_report_data/,	user_id: 2,	sesion_id: nk3hw8hkbkpxhw19a6q7i36zo3k7dx4j	
INFO "GET /financial/get_report_data/?period=30&m_name=Account&field=name&type_id= HTTP/1.1" 200 484
INFO [GET] method: 2020-12-22 19:09:07 ,ip: 127.0.0.1,	path: /financial/get_report_data/,	user_id: 2,	sesion_id: nk3hw8hkbkpxhw19a6q7i36zo3k7dx4j	
INFO "GET /financial/get_report_data/?period=30&m_name=Transaction&field=category&type_id=1 HTTP/1.1" 200 253
INFO [GET] method: 2020-12-22 19:10:27 ,ip: 127.0.0.1,	path: /list/Transaction/,	user_id: 2,	sesion_id: nk3hw8hkbkpxhw19a6q7i36zo3k7dx4j	
INFO "GET /list/Transaction/ HTTP/1.1" 200 176162
INFO [GET] method: 2020-12-22 19:10:30 ,ip: 127.0.0.1,	path: /detail/Transaction/2725/,	user_id: 2,	sesion_id: nk3hw8hkbkpxhw19a6q7i36zo3k7dx4j	
INFO "GET /detail/Transaction/2725/ HTTP/1.1" 200 38902
INFO [GET] method: 2020-12-22 19:10:32 ,ip: 127.0.0.1,	path: /update/Transaction/2725/,	user_id: 2,	sesion_id: nk3hw8hkbkpxhw19a6q7i36zo3k7dx4j	
INFO "GET /update/Transaction/2725/ HTTP/1.1" 200 46493
INFO "GET /static/plugins/tempusdominus-bootstrap-4/css/tempusdominus-bootstrap-4.min.css HTTP/1.1" 200 9063
INFO "GET /static/plugins/tempusdominus-bootstrap-4/js/tempusdominus-bootstrap-4.min.js HTTP/1.1" 200 56879
INFO [POST] method: 2020-12-22 19:11:05 ,ip: 127.0.0.1,	path: /update/Transaction/2725/,	user_id: 2,	sesion_id: nk3hw8hkbkpxhw19a6q7i36zo3k7dx4j	
INFO "POST /update/Transaction/2725/ HTTP/1.1" 302 0
INFO [GET] method: 2020-12-22 19:11:06 ,ip: 127.0.0.1,	path: /detail/Transaction/2725/,	user_id: 2,	sesion_id: nk3hw8hkbkpxhw19a6q7i36zo3k7dx4j	
INFO "GET /detail/Transaction/2725/ HTTP/1.1" 200 38900
INFO [GET] method: 2020-12-22 19:11:07 ,ip: 127.0.0.1,	path: /financial/,	user_id: 2,	sesion_id: nk3hw8hkbkpxhw19a6q7i36zo3k7dx4j	
INFO "GET /financial/ HTTP/1.1" 200 40452
INFO [GET] method: 2020-12-22 19:11:08 ,ip: 127.0.0.1,	path: /financial/get_report_data/,	user_id: 2,	sesion_id: nk3hw8hkbkpxhw19a6q7i36zo3k7dx4j	
INFO [GET] method: 2020-12-22 19:11:08 ,ip: 127.0.0.1,	path: /financial/get_report_data/,	user_id: 2,	sesion_id: nk3hw8hkbkpxhw19a6q7i36zo3k7dx4j	
INFO [GET] method: 2020-12-22 19:11:08 ,ip: 127.0.0.1,	path: /financial/get_report_data/,	user_id: 2,	sesion_id: nk3hw8hkbkpxhw19a6q7i36zo3k7dx4j	
INFO [GET] method: 2020-12-22 19:11:08 ,ip: 127.0.0.1,	path: /financial/get_report_data/,	user_id: 2,	sesion_id: nk3hw8hkbkpxhw19a6q7i36zo3k7dx4j	
INFO "GET /financial/get_report_data/?period=30&m_name=Account&field=name&type_id= HTTP/1.1" 200 484
INFO "GET /financial/get_report_data/?period=30&m_name=Transaction&field=account&type_id=1 HTTP/1.1" 200 183
INFO [GET] method: 2020-12-22 19:11:08 ,ip: 127.0.0.1,	path: /financial/get_report_data/,	user_id: 2,	sesion_id: nk3hw8hkbkpxhw19a6q7i36zo3k7dx4j	
INFO "GET /financial/get_report_data/?period=30&m_name=Transaction&field=corporation&type_id=1 HTTP/1.1" 200 395
INFO "GET /financial/get_report_data/?period=30&m_name=Transaction&field=corporation&type_id=2 HTTP/1.1" 200 101
INFO "GET /financial/get_report_data/?period=30&m_name=Transaction&field=category&type_id=1 HTTP/1.1" 200 255
