INFO Watching for file changes with StatReloader
INFO [GET] method: 2020-12-16 00:05:54 ,ip: 127.0.0.1,	path: /update/Series/599/,	user_id: 2,	sesion_id: nk3hw8hkbkpxhw19a6q7i36zo3k7dx4j	
INFO "GET /update/Series/599/ HTTP/1.1" 200 36838
INFO [POST] method: 2020-12-16 00:06:00 ,ip: 127.0.0.1,	path: /update/Series/599/,	user_id: 2,	sesion_id: nk3hw8hkbkpxhw19a6q7i36zo3k7dx4j	
INFO "POST /update/Series/599/ HTTP/1.1" 200 36896
INFO [GET] method: 2020-12-16 00:06:09 ,ip: 127.0.0.1,	path: /add/SeriesGenre/,	user_id: 2,	sesion_id: nk3hw8hkbkpxhw19a6q7i36zo3k7dx4j	
INFO "GET /add/SeriesGenre/?series=818 HTTP/1.1" 200 62635
INFO [POST] method: 2020-12-16 00:06:18 ,ip: 127.0.0.1,	path: /add/SeriesGenre/,	user_id: 2,	sesion_id: nk3hw8hkbkpxhw19a6q7i36zo3k7dx4j	
ERROR Internal Server Error: /add/SeriesGenre/
Traceback (most recent call last):
  File "C:\Python\lib\site-packages\django\core\handlers\exception.py", line 47, in inner
    response = get_response(request)
  File "C:\Python\lib\site-packages\django\core\handlers\base.py", line 179, in _get_response
    response = wrapped_callback(request, *callback_args, **callback_kwargs)
  File "C:\Python\lib\site-packages\django\views\generic\base.py", line 70, in view
    return self.dispatch(request, *args, **kwargs)
  File "C:\Python\lib\site-packages\django\views\generic\base.py", line 98, in dispatch
    return handler(request, *args, **kwargs)
  File "C:\Python\lib\site-packages\django\views\generic\edit.py", line 172, in post
    return super().post(request, *args, **kwargs)
  File "C:\Python\lib\site-packages\django\views\generic\edit.py", line 142, in post
    return self.form_valid(form)
  File "D:\Talha\Masaüstü\Masaüstü\Kodlama\myERP\myERP\views.py", line 81, in form_valid
    if form.cleaned_data["user"]==None:
KeyError: 'user'
ERROR "POST /add/SeriesGenre/?series=818 HTTP/1.1" 500 85050
INFO Watching for file changes with StatReloader
INFO [POST] method: 2020-12-16 00:07:09 ,ip: 127.0.0.1,	path: /add/SeriesGenre/,	user_id: 2,	sesion_id: nk3hw8hkbkpxhw19a6q7i36zo3k7dx4j	
INFO "POST /add/SeriesGenre/?series=818 HTTP/1.1" 302 0
INFO [GET] method: 2020-12-16 00:07:10 ,ip: 127.0.0.1,	path: /detail/SeriesGenre/1793/,	user_id: 2,	sesion_id: nk3hw8hkbkpxhw19a6q7i36zo3k7dx4j	
INFO "GET /detail/SeriesGenre/1793/ HTTP/1.1" 200 34608
INFO [GET] method: 2020-12-16 00:07:15 ,ip: 127.0.0.1,	path: /add/SeriesGenre/,	user_id: 2,	sesion_id: nk3hw8hkbkpxhw19a6q7i36zo3k7dx4j	
INFO "GET /add/SeriesGenre/?series=818 HTTP/1.1" 200 62635
INFO [POST] method: 2020-12-16 00:07:27 ,ip: 127.0.0.1,	path: /add/SeriesGenre/,	user_id: 2,	sesion_id: nk3hw8hkbkpxhw19a6q7i36zo3k7dx4j	
INFO "POST /add/SeriesGenre/?series=818 HTTP/1.1" 302 0
INFO [GET] method: 2020-12-16 00:07:27 ,ip: 127.0.0.1,	path: /detail/SeriesGenre/1793/,	user_id: 2,	sesion_id: nk3hw8hkbkpxhw19a6q7i36zo3k7dx4j	
INFO "GET /detail/SeriesGenre/1793/ HTTP/1.1" 200 34608
ERROR Internal Server Error: /add/SeriesGenre/
Traceback (most recent call last):
  File "C:\Python\lib\site-packages\django\db\backends\utils.py", line 84, in _execute
    return self.cursor.execute(sql, params)
  File "C:\Python\lib\site-packages\django\db\backends\sqlite3\base.py", line 413, in execute
    return Database.Cursor.execute(self, query, params)
sqlite3.OperationalError: database is locked

The above exception was the direct cause of the following exception:

Traceback (most recent call last):
  File "C:\Python\lib\site-packages\django\core\handlers\exception.py", line 47, in inner
    response = get_response(request)
  File "C:\Python\lib\site-packages\django\utils\deprecation.py", line 113, in __call__
    response = self.process_request(request)
  File "D:\Talha\Masaüstü\Masaüstü\Kodlama\myERP\functions\logger.py", line 32, in process_request
    model.objects.create(date=date,time=time,ip=ip,action=method,web_address=path,user_name_id=user_id,session=session,csrftoken=csrftoken)
  File "C:\Python\lib\site-packages\django\db\models\manager.py", line 85, in manager_method
    return getattr(self.get_queryset(), name)(*args, **kwargs)
  File "C:\Python\lib\site-packages\django\db\models\query.py", line 447, in create
    obj.save(force_insert=True, using=self.db)
  File "C:\Python\lib\site-packages\django\db\models\base.py", line 753, in save
    self.save_base(using=using, force_insert=force_insert,
  File "C:\Python\lib\site-packages\django\db\models\base.py", line 790, in save_base
    updated = self._save_table(
  File "C:\Python\lib\site-packages\django\db\models\base.py", line 895, in _save_table
    results = self._do_insert(cls._base_manager, using, fields, returning_fields, raw)
  File "C:\Python\lib\site-packages\django\db\models\base.py", line 933, in _do_insert
    return manager._insert(
  File "C:\Python\lib\site-packages\django\db\models\manager.py", line 85, in manager_method
    return getattr(self.get_queryset(), name)(*args, **kwargs)
  File "C:\Python\lib\site-packages\django\db\models\query.py", line 1254, in _insert
    return query.get_compiler(using=using).execute_sql(returning_fields)
  File "C:\Python\lib\site-packages\django\db\models\sql\compiler.py", line 1397, in execute_sql
    cursor.execute(sql, params)
  File "C:\Python\lib\site-packages\django\db\backends\utils.py", line 98, in execute
    return super().execute(sql, params)
  File "C:\Python\lib\site-packages\django\db\backends\utils.py", line 66, in execute
    return self._execute_with_wrappers(sql, params, many=False, executor=self._execute)
  File "C:\Python\lib\site-packages\django\db\backends\utils.py", line 75, in _execute_with_wrappers
    return executor(sql, params, many, context)
  File "C:\Python\lib\site-packages\django\db\backends\utils.py", line 84, in _execute
    return self.cursor.execute(sql, params)
  File "C:\Python\lib\site-packages\django\db\utils.py", line 90, in __exit__
    raise dj_exc_value.with_traceback(traceback) from exc_value
  File "C:\Python\lib\site-packages\django\db\backends\utils.py", line 84, in _execute
    return self.cursor.execute(sql, params)
  File "C:\Python\lib\site-packages\django\db\backends\sqlite3\base.py", line 413, in execute
    return Database.Cursor.execute(self, query, params)
django.db.utils.OperationalError: database is locked
ERROR "GET /add/SeriesGenre/?series=818 HTTP/1.1" 500 165000
INFO [GET] method: 2020-12-16 00:08:02 ,ip: 127.0.0.1,	path: /add/SeriesGenre/,	user_id: 2,	sesion_id: nk3hw8hkbkpxhw19a6q7i36zo3k7dx4j	
INFO "GET /add/SeriesGenre/?series=818 HTTP/1.1" 200 62635
INFO "GET /static/plugins/bootstrap/js/bootstrap.bundle.min.js.map HTTP/1.1" 200 318045
INFO "GET /static/dist/js/adminlte.min.js.map HTTP/1.1" 200 82896
INFO "GET /static/dist/css/adminlte.min.css.map HTTP/1.1" 200 1483310
INFO D:\Talha\Masaüstü\Masaüstü\Kodlama\myERP\myERP\views.py changed, reloading.
INFO Watching for file changes with StatReloader
INFO [POST] method: 2020-12-16 00:09:19 ,ip: 127.0.0.1,	path: /add/SeriesGenre/,	user_id: 2,	sesion_id: nk3hw8hkbkpxhw19a6q7i36zo3k7dx4j	
INFO "POST /add/SeriesGenre/?series=818 HTTP/1.1" 302 0
INFO [GET] method: 2020-12-16 00:09:20 ,ip: 127.0.0.1,	path: /detail/SeriesGenre/1797/,	user_id: 2,	sesion_id: nk3hw8hkbkpxhw19a6q7i36zo3k7dx4j	
INFO "GET /detail/SeriesGenre/1797/ HTTP/1.1" 200 34593
INFO [GET] method: 2020-12-16 00:36:30 ,ip: 127.0.0.1,	path: /add/SeriesGenre/,	user_id: 2,	sesion_id: nk3hw8hkbkpxhw19a6q7i36zo3k7dx4j	
INFO "GET /add/SeriesGenre/ HTTP/1.1" 200 60062
INFO [GET] method: 2020-12-16 00:36:35 ,ip: 127.0.0.1,	path: /list/Series/,	user_id: 2,	sesion_id: nk3hw8hkbkpxhw19a6q7i36zo3k7dx4j	
INFO "GET /list/Series/ HTTP/1.1" 200 294974
INFO [GET] method: 2020-12-16 00:36:40 ,ip: 127.0.0.1,	path: /add/Series/,	user_id: 2,	sesion_id: nk3hw8hkbkpxhw19a6q7i36zo3k7dx4j	
INFO "GET /add/Series/ HTTP/1.1" 200 36396
INFO [POST] method: 2020-12-16 00:38:24 ,ip: 127.0.0.1,	path: /add/Series/,	user_id: 2,	sesion_id: nk3hw8hkbkpxhw19a6q7i36zo3k7dx4j	
INFO "POST /add/Series/ HTTP/1.1" 302 0
INFO [GET] method: 2020-12-16 00:38:25 ,ip: 127.0.0.1,	path: /detail/Series/819/,	user_id: 2,	sesion_id: nk3hw8hkbkpxhw19a6q7i36zo3k7dx4j	
INFO "GET /detail/Series/819/ HTTP/1.1" 200 40459
INFO [GET] method: 2020-12-16 00:38:30 ,ip: 127.0.0.1,	path: /add/SeriesGenre/,	user_id: 2,	sesion_id: nk3hw8hkbkpxhw19a6q7i36zo3k7dx4j	
INFO "GET /add/SeriesGenre/?series=819 HTTP/1.1" 200 60113
INFO [POST] method: 2020-12-16 00:38:35 ,ip: 127.0.0.1,	path: /add/SeriesGenre/,	user_id: 2,	sesion_id: nk3hw8hkbkpxhw19a6q7i36zo3k7dx4j	
INFO "POST /add/SeriesGenre/?series=819 HTTP/1.1" 302 0
INFO [GET] method: 2020-12-16 00:38:36 ,ip: 127.0.0.1,	path: /detail/SeriesGenre/1798/,	user_id: 2,	sesion_id: nk3hw8hkbkpxhw19a6q7i36zo3k7dx4j	
INFO "GET /detail/SeriesGenre/1798/ HTTP/1.1" 200 34596
INFO [GET] method: 2020-12-16 00:38:36 ,ip: 127.0.0.1,	path: /add/SeriesGenre/,	user_id: 2,	sesion_id: nk3hw8hkbkpxhw19a6q7i36zo3k7dx4j	
INFO "GET /add/SeriesGenre/?series=819 HTTP/1.1" 200 60113
INFO [POST] method: 2020-12-16 00:38:40 ,ip: 127.0.0.1,	path: /add/SeriesGenre/,	user_id: 2,	sesion_id: nk3hw8hkbkpxhw19a6q7i36zo3k7dx4j	
INFO "POST /add/SeriesGenre/?series=819 HTTP/1.1" 302 0
INFO [GET] method: 2020-12-16 00:38:41 ,ip: 127.0.0.1,	path: /detail/SeriesGenre/1799/,	user_id: 2,	sesion_id: nk3hw8hkbkpxhw19a6q7i36zo3k7dx4j	
INFO "GET /detail/SeriesGenre/1799/ HTTP/1.1" 200 34585
INFO [GET] method: 2020-12-16 00:38:41 ,ip: 127.0.0.1,	path: /add/SeriesGenre/,	user_id: 2,	sesion_id: nk3hw8hkbkpxhw19a6q7i36zo3k7dx4j	
INFO "GET /add/SeriesGenre/?series=819 HTTP/1.1" 200 60113
INFO [POST] method: 2020-12-16 00:38:45 ,ip: 127.0.0.1,	path: /add/SeriesGenre/,	user_id: 2,	sesion_id: nk3hw8hkbkpxhw19a6q7i36zo3k7dx4j	
INFO "POST /add/SeriesGenre/?series=819 HTTP/1.1" 302 0
INFO [GET] method: 2020-12-16 00:38:45 ,ip: 127.0.0.1,	path: /detail/SeriesGenre/1800/,	user_id: 2,	sesion_id: nk3hw8hkbkpxhw19a6q7i36zo3k7dx4j	
INFO "GET /detail/SeriesGenre/1800/ HTTP/1.1" 200 34589
INFO [GET] method: 2020-12-16 00:38:46 ,ip: 127.0.0.1,	path: /add/SeriesGenre/,	user_id: 2,	sesion_id: nk3hw8hkbkpxhw19a6q7i36zo3k7dx4j	
INFO "GET /add/SeriesGenre/?series=819 HTTP/1.1" 200 60113
INFO [POST] method: 2020-12-16 00:38:51 ,ip: 127.0.0.1,	path: /add/SeriesGenre/,	user_id: 2,	sesion_id: nk3hw8hkbkpxhw19a6q7i36zo3k7dx4j	
INFO "POST /add/SeriesGenre/?series=819 HTTP/1.1" 302 0
INFO [GET] method: 2020-12-16 00:38:51 ,ip: 127.0.0.1,	path: /detail/SeriesGenre/1801/,	user_id: 2,	sesion_id: nk3hw8hkbkpxhw19a6q7i36zo3k7dx4j	
INFO "GET /detail/SeriesGenre/1801/ HTTP/1.1" 200 34593
INFO [GET] method: 2020-12-16 00:38:56 ,ip: 127.0.0.1,	path: /add/SeriesGenre/,	user_id: 2,	sesion_id: nk3hw8hkbkpxhw19a6q7i36zo3k7dx4j	
INFO "GET /add/SeriesGenre/?series=819 HTTP/1.1" 200 60113
INFO [POST] method: 2020-12-16 00:39:01 ,ip: 127.0.0.1,	path: /add/SeriesGenre/,	user_id: 2,	sesion_id: nk3hw8hkbkpxhw19a6q7i36zo3k7dx4j	
INFO "POST /add/SeriesGenre/?series=819 HTTP/1.1" 302 0
INFO [GET] method: 2020-12-16 00:39:01 ,ip: 127.0.0.1,	path: /detail/SeriesGenre/1802/,	user_id: 2,	sesion_id: nk3hw8hkbkpxhw19a6q7i36zo3k7dx4j	
INFO "GET /detail/SeriesGenre/1802/ HTTP/1.1" 200 34617
INFO [GET] method: 2020-12-16 00:39:02 ,ip: 127.0.0.1,	path: /add/SeriesGenre/,	user_id: 2,	sesion_id: nk3hw8hkbkpxhw19a6q7i36zo3k7dx4j	
INFO "GET /add/SeriesGenre/?series=819 HTTP/1.1" 200 60113
INFO [POST] method: 2020-12-16 00:39:09 ,ip: 127.0.0.1,	path: /add/SeriesGenre/,	user_id: 2,	sesion_id: nk3hw8hkbkpxhw19a6q7i36zo3k7dx4j	
INFO "POST /add/SeriesGenre/?series=819 HTTP/1.1" 302 0
INFO [GET] method: 2020-12-16 00:39:10 ,ip: 127.0.0.1,	path: /detail/SeriesGenre/1803/,	user_id: 2,	sesion_id: nk3hw8hkbkpxhw19a6q7i36zo3k7dx4j	
INFO "GET /detail/SeriesGenre/1803/ HTTP/1.1" 200 34597
INFO [GET] method: 2020-12-16 00:39:10 ,ip: 127.0.0.1,	path: /add/SeriesGenre/,	user_id: 2,	sesion_id: nk3hw8hkbkpxhw19a6q7i36zo3k7dx4j	
INFO "GET /add/SeriesGenre/?series=819 HTTP/1.1" 200 60113
INFO [POST] method: 2020-12-16 00:39:13 ,ip: 127.0.0.1,	path: /add/SeriesGenre/,	user_id: 2,	sesion_id: nk3hw8hkbkpxhw19a6q7i36zo3k7dx4j	
INFO "POST /add/SeriesGenre/?series=819 HTTP/1.1" 302 0
INFO [GET] method: 2020-12-16 00:39:13 ,ip: 127.0.0.1,	path: /detail/SeriesGenre/1804/,	user_id: 2,	sesion_id: nk3hw8hkbkpxhw19a6q7i36zo3k7dx4j	
INFO "GET /detail/SeriesGenre/1804/ HTTP/1.1" 200 34629
INFO [GET] method: 2020-12-16 00:39:15 ,ip: 127.0.0.1,	path: /add/SeriesGenre/,	user_id: 2,	sesion_id: nk3hw8hkbkpxhw19a6q7i36zo3k7dx4j	
INFO "GET /add/SeriesGenre/?series=819 HTTP/1.1" 200 60113
INFO [GET] method: 2020-12-16 00:39:19 ,ip: 127.0.0.1,	path: /detail/Series/819/,	user_id: 2,	sesion_id: nk3hw8hkbkpxhw19a6q7i36zo3k7dx4j	
INFO "GET /detail/Series/819/ HTTP/1.1" 200 41593
INFO D:\Talha\Masaüstü\Masaüstü\Kodlama\myERP\myERP\views.py changed, reloading.
INFO Watching for file changes with StatReloader
INFO D:\Talha\Masaüstü\Masaüstü\Kodlama\myERP\note\admin.py changed, reloading.
INFO Watching for file changes with StatReloader
INFO D:\Talha\Masaüstü\Masaüstü\Kodlama\myERP\main\models.py changed, reloading.
INFO Watching for file changes with StatReloader
INFO D:\Talha\Masaüstü\Masaüstü\Kodlama\myERP\authentication\models.py changed, reloading.
INFO Watching for file changes with StatReloader
INFO D:\Talha\Masaüstü\Masaüstü\Kodlama\myERP\main\models.py changed, reloading.
INFO Watching for file changes with StatReloader
INFO [GET] method: 2020-12-16 00:46:44 ,ip: 127.0.0.1,	path: /list/ModelLM/,	user_id: 2,	sesion_id: nk3hw8hkbkpxhw19a6q7i36zo3k7dx4j	
INFO "GET /list/ModelLM/ HTTP/1.1" 200 224823
INFO [GET] method: 2020-12-16 00:46:46 ,ip: 127.0.0.1,	path: /detail/ModelLM/2/,	user_id: 2,	sesion_id: nk3hw8hkbkpxhw19a6q7i36zo3k7dx4j	
INFO "GET /detail/ModelLM/2/ HTTP/1.1" 200 39244
INFO [GET] method: 2020-12-16 00:46:49 ,ip: 127.0.0.1,	path: /detail/ModelLM/6/,	user_id: 2,	sesion_id: nk3hw8hkbkpxhw19a6q7i36zo3k7dx4j	
INFO "GET /detail/ModelLM/6/ HTTP/1.1" 200 40594
INFO [GET] method: 2020-12-16 00:46:55 ,ip: 127.0.0.1,	path: /detail/FieldLM/28/,	user_id: 2,	sesion_id: nk3hw8hkbkpxhw19a6q7i36zo3k7dx4j	
INFO "GET /detail/FieldLM/28/ HTTP/1.1" 200 40983
INFO Watching for file changes with StatReloader
INFO [GET] method: 2020-12-16 00:49:46 ,ip: 127.0.0.1,	path: /list/FieldLM/,	user_id: 2,	sesion_id: nk3hw8hkbkpxhw19a6q7i36zo3k7dx4j	
INFO "GET /list/FieldLM/ HTTP/1.1" 200 353331
INFO [GET] method: 2020-12-16 00:49:55 ,ip: 127.0.0.1,	path: /list/FieldLM/,	user_id: 2,	sesion_id: nk3hw8hkbkpxhw19a6q7i36zo3k7dx4j	
INFO "GET /list/FieldLM/ HTTP/1.1" 200 353331
INFO [GET] method: 2020-12-16 00:50:01 ,ip: 127.0.0.1,	path: /list/FieldLM/,	user_id: 2,	sesion_id: nk3hw8hkbkpxhw19a6q7i36zo3k7dx4j	
INFO "GET /list/FieldLM/?search=desc HTTP/1.1" 200 353225
INFO Watching for file changes with StatReloader
INFO [GET] method: 2020-12-16 00:50:53 ,ip: 127.0.0.1,	path: /list/FieldLM/,	user_id: 2,	sesion_id: nk3hw8hkbkpxhw19a6q7i36zo3k7dx4j	
INFO "GET /list/FieldLM/?search=desc HTTP/1.1" 200 353225
INFO Watching for file changes with StatReloader
INFO [GET] method: 2020-12-16 00:51:46 ,ip: 127.0.0.1,	path: /list/FieldLM/,	user_id: 2,	sesion_id: nk3hw8hkbkpxhw19a6q7i36zo3k7dx4j	
INFO "GET /list/FieldLM/?search=desc HTTP/1.1" 200 353225
INFO Watching for file changes with StatReloader
INFO [GET] method: 2020-12-16 00:51:57 ,ip: 127.0.0.1,	path: /list/FieldLM/,	user_id: 2,	sesion_id: nk3hw8hkbkpxhw19a6q7i36zo3k7dx4j	
INFO "GET /list/FieldLM/?search=desc HTTP/1.1" 200 353225
INFO Watching for file changes with StatReloader
INFO [GET] method: 2020-12-16 00:52:20 ,ip: 127.0.0.1,	path: /list/FieldLM/,	user_id: 2,	sesion_id: nk3hw8hkbkpxhw19a6q7i36zo3k7dx4j	
INFO "GET /list/FieldLM/?search=desc HTTP/1.1" 200 353225
INFO D:\Talha\Masaüstü\Masaüstü\Kodlama\myERP\functions\auth_func.py changed, reloading.
INFO Watching for file changes with StatReloader
INFO [GET] method: 2020-12-16 00:54:20 ,ip: 127.0.0.1,	path: /list/FieldLM/,	user_id: 2,	sesion_id: nk3hw8hkbkpxhw19a6q7i36zo3k7dx4j	
INFO "GET /list/FieldLM/?page=2&search=desc HTTP/1.1" 200 51512
INFO [GET] method: 2020-12-16 00:56:38 ,ip: 127.0.0.1,	path: /,	user_id: 2,	sesion_id: nk3hw8hkbkpxhw19a6q7i36zo3k7dx4j	
INFO "GET / HTTP/1.1" 200 184704
INFO [GET] method: 2020-12-16 00:56:39 ,ip: 127.0.0.1,	path: /financial/get_report_data/,	user_id: 2,	sesion_id: nk3hw8hkbkpxhw19a6q7i36zo3k7dx4j	
INFO "GET /financial/get_report_data/?period=30&m_name=Account&field=name HTTP/1.1" 200 472
INFO [GET] method: 2020-12-16 01:05:14 ,ip: 127.0.0.1,	path: /financial/,	user_id: 2,	sesion_id: nk3hw8hkbkpxhw19a6q7i36zo3k7dx4j	
INFO "GET /financial/ HTTP/1.1" 200 40452
INFO [GET] method: 2020-12-16 01:05:14 ,ip: 127.0.0.1,	path: /financial/get_report_data/,	user_id: 2,	sesion_id: nk3hw8hkbkpxhw19a6q7i36zo3k7dx4j	
INFO [GET] method: 2020-12-16 01:05:14 ,ip: 127.0.0.1,	path: /financial/get_report_data/,	user_id: 2,	sesion_id: nk3hw8hkbkpxhw19a6q7i36zo3k7dx4j	
INFO "GET /financial/get_report_data/?period=30&m_name=Account&field=name&type_id= HTTP/1.1" 200 472
INFO [GET] method: 2020-12-16 01:05:14 ,ip: 127.0.0.1,	path: /financial/get_report_data/,	user_id: 2,	sesion_id: nk3hw8hkbkpxhw19a6q7i36zo3k7dx4j	
INFO "GET /financial/get_report_data/?period=30&m_name=Transaction&field=corporation&type_id=1 HTTP/1.1" 200 391
INFO [GET] method: 2020-12-16 01:05:14 ,ip: 127.0.0.1,	path: /financial/get_report_data/,	user_id: 2,	sesion_id: nk3hw8hkbkpxhw19a6q7i36zo3k7dx4j	
INFO "GET /financial/get_report_data/?period=30&m_name=Transaction&field=category&type_id=1 HTTP/1.1" 200 193
INFO [GET] method: 2020-12-16 01:05:14 ,ip: 127.0.0.1,	path: /financial/get_report_data/,	user_id: 2,	sesion_id: nk3hw8hkbkpxhw19a6q7i36zo3k7dx4j	
INFO "GET /financial/get_report_data/?period=30&m_name=Transaction&field=corporation&type_id=2 HTTP/1.1" 200 79
INFO "GET /financial/get_report_data/?period=30&m_name=Transaction&field=account&type_id=1 HTTP/1.1" 200 172
INFO Watching for file changes with StatReloader
INFO [GET] method: 2020-12-16 12:33:06 ,ip: 127.0.0.1,	path: /,	user_id: 2,	sesion_id: nk3hw8hkbkpxhw19a6q7i36zo3k7dx4j	
INFO "GET / HTTP/1.1" 200 184704
INFO "GET /static/dist/css/ionicons.css HTTP/1.1" 200 51293
INFO "GET /static/plugins/select2-bootstrap4-theme/select2-bootstrap4.min.css HTTP/1.1" 200 5158
INFO "GET /static/dist/css/adminlte.min.css HTTP/1.1" 200 689621
INFO "GET /static/plugins/select2/css/select2.min.css HTTP/1.1" 200 14966
INFO "GET /static/plugins/fontawesome-free/css/all.min.css HTTP/1.1" 200 58578
INFO "GET /static/plugins/jquery/jquery.min.js HTTP/1.1" 200 88145
INFO "GET /static/plugins/daterangepicker/daterangepicker.css HTTP/1.1" 200 8063
INFO "GET /static/plugins/bootstrap/js/bootstrap.bundle.min.js HTTP/1.1" 200 80698
INFO "GET /static/plugins/select2/js/select2.full.min.js HTTP/1.1" 200 79172
INFO "GET /static/plugins/chart.js/Chart.min.js HTTP/1.1" 200 172812
INFO "GET /static/plugins/moment/moment.min.js HTTP/1.1" 200 53324
INFO "GET /static/plugins/daterangepicker/daterangepicker.js HTTP/1.1" 200 67268
INFO "GET /static/plugins/inputmask/min/jquery.inputmask.bundle.min.js HTTP/1.1" 200 118400
INFO "GET /static/dist/img/AdminLTELogo.png HTTP/1.1" 200 10380
INFO "GET /static/dist/js/adminlte.min.js HTTP/1.1" 200 25193
INFO "GET /static/plugins/fontawesome-free/webfonts/fa-solid-900.woff2 HTTP/1.1" 200 79444
INFO [GET] method: 2020-12-16 12:33:08 ,ip: 127.0.0.1,	path: /media/profile_pic/DSC_0487.JPG,	user_id: 2,	sesion_id: nk3hw8hkbkpxhw19a6q7i36zo3k7dx4j	
INFO [GET] method: 2020-12-16 12:33:08 ,ip: 127.0.0.1,	path: /financial/get_report_data/,	user_id: 2,	sesion_id: nk3hw8hkbkpxhw19a6q7i36zo3k7dx4j	
INFO "GET /financial/get_report_data/?period=30&m_name=Account&field=name HTTP/1.1" 200 472
INFO "GET /media/profile_pic/DSC_0487.JPG HTTP/1.1" 200 4672255
INFO [GET] method: 2020-12-16 12:33:08 ,ip: 127.0.0.1,	path: /favicon.ico,	user_id: 2,	sesion_id: nk3hw8hkbkpxhw19a6q7i36zo3k7dx4j	
WARNING Not Found: /favicon.ico
WARNING "GET /favicon.ico HTTP/1.1" 404 5260
INFO [GET] method: 2020-12-16 15:36:00 ,ip: 127.0.0.1,	path: /list/Series/,	user_id: 2,	sesion_id: nk3hw8hkbkpxhw19a6q7i36zo3k7dx4j	
INFO "GET /list/Series/ HTTP/1.1" 200 294974
INFO [GET] method: 2020-12-16 20:02:59 ,ip: 127.0.0.1,	path: /financial/,	user_id: 2,	sesion_id: nk3hw8hkbkpxhw19a6q7i36zo3k7dx4j	
INFO "GET /financial/ HTTP/1.1" 200 40452
INFO [GET] method: 2020-12-16 20:02:59 ,ip: 127.0.0.1,	path: /financial/get_report_data/,	user_id: 2,	sesion_id: nk3hw8hkbkpxhw19a6q7i36zo3k7dx4j	
INFO [GET] method: 2020-12-16 20:02:59 ,ip: 127.0.0.1,	path: /financial/get_report_data/,	user_id: 2,	sesion_id: nk3hw8hkbkpxhw19a6q7i36zo3k7dx4j	
INFO [GET] method: 2020-12-16 20:02:59 ,ip: 127.0.0.1,	path: /financial/get_report_data/,	user_id: 2,	sesion_id: nk3hw8hkbkpxhw19a6q7i36zo3k7dx4j	
INFO [GET] method: 2020-12-16 20:02:59 ,ip: 127.0.0.1,	path: /financial/get_report_data/,	user_id: 2,	sesion_id: nk3hw8hkbkpxhw19a6q7i36zo3k7dx4j	
INFO "GET /financial/get_report_data/?period=30&m_name=Account&field=name&type_id= HTTP/1.1" 200 472
INFO "GET /financial/get_report_data/?period=30&m_name=Transaction&field=account&type_id=1 HTTP/1.1" 200 172
INFO "GET /financial/get_report_data/?period=30&m_name=Transaction&field=corporation&type_id=1 HTTP/1.1" 200 391
INFO [GET] method: 2020-12-16 20:02:59 ,ip: 127.0.0.1,	path: /financial/get_report_data/,	user_id: 2,	sesion_id: nk3hw8hkbkpxhw19a6q7i36zo3k7dx4j	
INFO "GET /financial/get_report_data/?period=30&m_name=Transaction&field=corporation&type_id=2 HTTP/1.1" 200 79
INFO "GET /financial/get_report_data/?period=30&m_name=Transaction&field=category&type_id=1 HTTP/1.1" 200 193
