INFO Watching for file changes with StatReloader
INFO [GET] method: 2021-01-17 00:00:50 ,ip: 127.0.0.1,	path: /add/UserGroup/,	user_id: 2,	sesion_id: 7astfq9hbwivjdxl2h5si5sg8c594qdp	
ERROR Internal Server Error: /add/UserGroup/
Traceback (most recent call last):
  File "D:\Talha\Masaüstü\Masaüstü\Kodlama\venv\lib\site-packages\django\core\handlers\exception.py", line 47, in inner
    response = get_response(request)
  File "D:\Talha\Masaüstü\Masaüstü\Kodlama\venv\lib\site-packages\django\core\handlers\base.py", line 179, in _get_response
    response = wrapped_callback(request, *callback_args, **callback_kwargs)
  File "D:\Talha\Masaüstü\Masaüstü\Kodlama\venv\lib\site-packages\django\views\generic\base.py", line 70, in view
    return self.dispatch(request, *args, **kwargs)
  File "D:\Talha\Masaüstü\Masaüstü\Kodlama\venv\lib\site-packages\django\views\generic\base.py", line 98, in dispatch
    return handler(request, *args, **kwargs)
  File "D:\Talha\Masaüstü\Masaüstü\Kodlama\venv\lib\site-packages\django\views\generic\edit.py", line 168, in get
    return super().get(request, *args, **kwargs)
  File "D:\Talha\Masaüstü\Masaüstü\Kodlama\venv\lib\site-packages\django\views\generic\edit.py", line 133, in get
    return self.render_to_response(self.get_context_data())
  File "D:\Talha\Masaüstü\Masaüstü\Kodlama\myERP\myERP\views.py", line 60, in get_context_data
    context = super(GlobalAddView, self).get_context_data()
  File "D:\Talha\Masaüstü\Masaüstü\Kodlama\venv\lib\site-packages\django\views\generic\edit.py", line 66, in get_context_data
    kwargs['form'] = self.get_form()
  File "D:\Talha\Masaüstü\Masaüstü\Kodlama\myERP\myERP\views.py", line 91, in get_form
    form = super(GlobalAddView, self).get_form(form_class)
  File "D:\Talha\Masaüstü\Masaüstü\Kodlama\venv\lib\site-packages\django\views\generic\edit.py", line 32, in get_form
    form_class = self.get_form_class()
  File "D:\Talha\Masaüstü\Masaüstü\Kodlama\venv\lib\site-packages\django\views\generic\edit.py", line 101, in get_form_class
    return model_forms.modelform_factory(model, fields=self.fields)
  File "D:\Talha\Masaüstü\Masaüstü\Kodlama\venv\lib\site-packages\django\forms\models.py", line 555, in modelform_factory
    return type(form)(class_name, (form,), form_class_attrs)
  File "D:\Talha\Masaüstü\Masaüstü\Kodlama\venv\lib\site-packages\django\forms\models.py", line 268, in __new__
    raise FieldError(message)
django.core.exceptions.FieldError: Unknown field(s) (user_name) specified for UserGroup
ERROR "GET /add/UserGroup/ HTTP/1.1" 500 116020
INFO [GET] method: 2021-01-17 00:00:56 ,ip: 127.0.0.1,	path: /,	user_id: 2,	sesion_id: 7astfq9hbwivjdxl2h5si5sg8c594qdp	
INFO "GET / HTTP/1.1" 200 4058
INFO [GET] method: 2021-01-17 00:00:57 ,ip: 127.0.0.1,	path: /home/,	user_id: 2,	sesion_id: 7astfq9hbwivjdxl2h5si5sg8c594qdp	
INFO "GET /home/ HTTP/1.1" 200 168642
INFO [GET] method: 2021-01-17 00:00:58 ,ip: 127.0.0.1,	path: /financial/get_report_data/,	user_id: 2,	sesion_id: 7astfq9hbwivjdxl2h5si5sg8c594qdp	
INFO "GET /financial/get_report_data/?period=30&m_name=Account&field=name HTTP/1.1" 200 474
INFO [GET] method: 2021-01-17 00:01:05 ,ip: 127.0.0.1,	path: /main/code_to_database/,	user_id: 2,	sesion_id: 7astfq9hbwivjdxl2h5si5sg8c594qdp	
INFO "GET /main/code_to_database/ HTTP/1.1" 302 0
INFO [GET] method: 2021-01-17 00:01:31 ,ip: 127.0.0.1,	path: /home/,	user_id: 2,	sesion_id: 7astfq9hbwivjdxl2h5si5sg8c594qdp	
ERROR Internal Server Error: /home/
Traceback (most recent call last):
  File "D:\Talha\Masaüstü\Masaüstü\Kodlama\venv\lib\site-packages\django\core\handlers\exception.py", line 47, in inner
    response = get_response(request)
  File "D:\Talha\Masaüstü\Masaüstü\Kodlama\venv\lib\site-packages\django\core\handlers\base.py", line 179, in _get_response
    response = wrapped_callback(request, *callback_args, **callback_kwargs)
  File "D:\Talha\Masaüstü\Masaüstü\Kodlama\venv\lib\site-packages\django\views\generic\base.py", line 70, in view
    return self.dispatch(request, *args, **kwargs)
  File "D:\Talha\Masaüstü\Masaüstü\Kodlama\venv\lib\site-packages\django\views\generic\base.py", line 98, in dispatch
    return handler(request, *args, **kwargs)
  File "D:\Talha\Masaüstü\Masaüstü\Kodlama\myERP\myERP\views.py", line 43, in get
    return render(request, self.template_name, context=self.get_context_data())
  File "D:\Talha\Masaüstü\Masaüstü\Kodlama\venv\lib\site-packages\django\shortcuts.py", line 19, in render
    content = loader.render_to_string(template_name, context, request, using=using)
  File "D:\Talha\Masaüstü\Masaüstü\Kodlama\venv\lib\site-packages\django\template\loader.py", line 62, in render_to_string
    return template.render(context, request)
  File "D:\Talha\Masaüstü\Masaüstü\Kodlama\venv\lib\site-packages\django\template\backends\django.py", line 61, in render
    return self.template.render(context)
  File "D:\Talha\Masaüstü\Masaüstü\Kodlama\venv\lib\site-packages\django\template\base.py", line 170, in render
    return self._render(context)
  File "D:\Talha\Masaüstü\Masaüstü\Kodlama\venv\lib\site-packages\django\template\base.py", line 162, in _render
    return self.nodelist.render(context)
  File "D:\Talha\Masaüstü\Masaüstü\Kodlama\venv\lib\site-packages\django\template\base.py", line 938, in render
    bit = node.render_annotated(context)
  File "D:\Talha\Masaüstü\Masaüstü\Kodlama\venv\lib\site-packages\django\template\base.py", line 905, in render_annotated
    return self.render(context)
  File "D:\Talha\Masaüstü\Masaüstü\Kodlama\venv\lib\site-packages\django\template\loader_tags.py", line 150, in render
    return compiled_parent._render(context)
  File "D:\Talha\Masaüstü\Masaüstü\Kodlama\venv\lib\site-packages\django\template\base.py", line 162, in _render
    return self.nodelist.render(context)
  File "D:\Talha\Masaüstü\Masaüstü\Kodlama\venv\lib\site-packages\django\template\base.py", line 938, in render
    bit = node.render_annotated(context)
  File "D:\Talha\Masaüstü\Masaüstü\Kodlama\venv\lib\site-packages\django\template\base.py", line 905, in render_annotated
    return self.render(context)
  File "D:\Talha\Masaüstü\Masaüstü\Kodlama\venv\lib\site-packages\django\template\defaulttags.py", line 312, in render
    return nodelist.render(context)
  File "D:\Talha\Masaüstü\Masaüstü\Kodlama\venv\lib\site-packages\django\template\base.py", line 938, in render
    bit = node.render_annotated(context)
  File "D:\Talha\Masaüstü\Masaüstü\Kodlama\venv\lib\site-packages\django\template\base.py", line 905, in render_annotated
    return self.render(context)
  File "D:\Talha\Masaüstü\Masaüstü\Kodlama\venv\lib\site-packages\django\template\library.py", line 214, in render
    _dict = self.func(*resolved_args, **resolved_kwargs)
  File "D:\Talha\Masaüstü\Masaüstü\Kodlama\myERP\functions\template_funcs.py", line 29, in get_sidebar
    sidebar_dict=hd.get_model_list_path()
  File "D:\Talha\Masaüstü\Masaüstü\Kodlama\myERP\functions\general.py", line 24, in get_model_list_path
    path_dict[model.panel].append(model)
KeyError: None
ERROR "GET /home/ HTTP/1.1" 500 222390
INFO [GET] method: 2021-01-17 00:03:02 ,ip: 127.0.0.1,	path: /home/,	user_id: 2,	sesion_id: 7astfq9hbwivjdxl2h5si5sg8c594qdp	
INFO "GET /home/ HTTP/1.1" 200 168642
INFO [GET] method: 2021-01-17 00:03:03 ,ip: 127.0.0.1,	path: /financial/get_report_data/,	user_id: 2,	sesion_id: 7astfq9hbwivjdxl2h5si5sg8c594qdp	
INFO "GET /financial/get_report_data/?period=30&m_name=Account&field=name HTTP/1.1" 200 474
INFO [GET] method: 2021-01-17 00:03:43 ,ip: 127.0.0.1,	path: /list/UserGroup/,	user_id: 2,	sesion_id: 7astfq9hbwivjdxl2h5si5sg8c594qdp	
ERROR Internal Server Error: /list/UserGroup/
Traceback (most recent call last):
  File "D:\Talha\Masaüstü\Masaüstü\Kodlama\venv\lib\site-packages\django\db\backends\utils.py", line 84, in _execute
    return self.cursor.execute(sql, params)
  File "D:\Talha\Masaüstü\Masaüstü\Kodlama\venv\lib\site-packages\django\db\backends\sqlite3\base.py", line 413, in execute
    return Database.Cursor.execute(self, query, params)
sqlite3.OperationalError: no such column: user_group.user_id

The above exception was the direct cause of the following exception:

Traceback (most recent call last):
  File "D:\Talha\Masaüstü\Masaüstü\Kodlama\venv\lib\site-packages\django\core\handlers\exception.py", line 47, in inner
    response = get_response(request)
  File "D:\Talha\Masaüstü\Masaüstü\Kodlama\venv\lib\site-packages\django\core\handlers\base.py", line 179, in _get_response
    response = wrapped_callback(request, *callback_args, **callback_kwargs)
  File "D:\Talha\Masaüstü\Masaüstü\Kodlama\venv\lib\site-packages\django\views\generic\base.py", line 70, in view
    return self.dispatch(request, *args, **kwargs)
  File "D:\Talha\Masaüstü\Masaüstü\Kodlama\venv\lib\site-packages\django\views\generic\base.py", line 98, in dispatch
    return handler(request, *args, **kwargs)
  File "D:\Talha\Masaüstü\Masaüstü\Kodlama\venv\lib\site-packages\django\views\generic\list.py", line 157, in get
    context = self.get_context_data()
  File "D:\Talha\Masaüstü\Masaüstü\Kodlama\myERP\myERP\views.py", line 206, in get_context_data
    context = super(GlobalListView, self).get_context_data()
  File "D:\Talha\Masaüstü\Masaüstü\Kodlama\venv\lib\site-packages\django\views\generic\list.py", line 119, in get_context_data
    paginator, page, queryset, is_paginated = self.paginate_queryset(queryset, page_size)
  File "D:\Talha\Masaüstü\Masaüstü\Kodlama\venv\lib\site-packages\django\views\generic\list.py", line 69, in paginate_queryset
    page = paginator.page(page_number)
  File "D:\Talha\Masaüstü\Masaüstü\Kodlama\venv\lib\site-packages\django\core\paginator.py", line 73, in page
    number = self.validate_number(number)
  File "D:\Talha\Masaüstü\Masaüstü\Kodlama\venv\lib\site-packages\django\core\paginator.py", line 51, in validate_number
    if number > self.num_pages:
  File "D:\Talha\Masaüstü\Masaüstü\Kodlama\venv\lib\site-packages\django\utils\functional.py", line 48, in __get__
    res = instance.__dict__[self.name] = self.func(instance)
  File "D:\Talha\Masaüstü\Masaüstü\Kodlama\venv\lib\site-packages\django\core\paginator.py", line 100, in num_pages
    if self.count == 0 and not self.allow_empty_first_page:
  File "D:\Talha\Masaüstü\Masaüstü\Kodlama\venv\lib\site-packages\django\utils\functional.py", line 48, in __get__
    res = instance.__dict__[self.name] = self.func(instance)
  File "D:\Talha\Masaüstü\Masaüstü\Kodlama\venv\lib\site-packages\django\core\paginator.py", line 94, in count
    return c()
  File "D:\Talha\Masaüstü\Masaüstü\Kodlama\venv\lib\site-packages\django\db\models\query.py", line 411, in count
    return self.query.get_count(using=self.db)
  File "D:\Talha\Masaüstü\Masaüstü\Kodlama\venv\lib\site-packages\django\db\models\sql\query.py", line 515, in get_count
    number = obj.get_aggregation(using, ['__count'])['__count']
  File "D:\Talha\Masaüstü\Masaüstü\Kodlama\venv\lib\site-packages\django\db\models\sql\query.py", line 500, in get_aggregation
    result = compiler.execute_sql(SINGLE)
  File "D:\Talha\Masaüstü\Masaüstü\Kodlama\venv\lib\site-packages\django\db\models\sql\compiler.py", line 1156, in execute_sql
    cursor.execute(sql, params)
  File "D:\Talha\Masaüstü\Masaüstü\Kodlama\venv\lib\site-packages\django\db\backends\utils.py", line 98, in execute
    return super().execute(sql, params)
  File "D:\Talha\Masaüstü\Masaüstü\Kodlama\venv\lib\site-packages\django\db\backends\utils.py", line 66, in execute
    return self._execute_with_wrappers(sql, params, many=False, executor=self._execute)
  File "D:\Talha\Masaüstü\Masaüstü\Kodlama\venv\lib\site-packages\django\db\backends\utils.py", line 75, in _execute_with_wrappers
    return executor(sql, params, many, context)
  File "D:\Talha\Masaüstü\Masaüstü\Kodlama\venv\lib\site-packages\django\db\backends\utils.py", line 84, in _execute
    return self.cursor.execute(sql, params)
  File "D:\Talha\Masaüstü\Masaüstü\Kodlama\venv\lib\site-packages\django\db\utils.py", line 90, in __exit__
    raise dj_exc_value.with_traceback(traceback) from exc_value
  File "D:\Talha\Masaüstü\Masaüstü\Kodlama\venv\lib\site-packages\django\db\backends\utils.py", line 84, in _execute
    return self.cursor.execute(sql, params)
  File "D:\Talha\Masaüstü\Masaüstü\Kodlama\venv\lib\site-packages\django\db\backends\sqlite3\base.py", line 413, in execute
    return Database.Cursor.execute(self, query, params)
django.db.utils.OperationalError: no such column: user_group.user_id
ERROR "GET /list/UserGroup/ HTTP/1.1" 500 174250
INFO [GET] method: 2021-01-17 00:05:06 ,ip: 127.0.0.1,	path: /list/UserGroup/,	user_id: 2,	sesion_id: 7astfq9hbwivjdxl2h5si5sg8c594qdp	
INFO "GET /list/UserGroup/ HTTP/1.1" 200 34994
INFO [GET] method: 2021-01-17 00:05:07 ,ip: 127.0.0.1,	path: /add/UserGroup/,	user_id: 2,	sesion_id: 7astfq9hbwivjdxl2h5si5sg8c594qdp	
INFO "GET /add/UserGroup/ HTTP/1.1" 200 34665
INFO [POST] method: 2021-01-17 00:05:11 ,ip: 127.0.0.1,	path: /add/UserGroup/,	user_id: 2,	sesion_id: 7astfq9hbwivjdxl2h5si5sg8c594qdp	
INFO "POST /add/UserGroup/ HTTP/1.1" 302 0
INFO [GET] method: 2021-01-17 00:05:12 ,ip: 127.0.0.1,	path: /detail/UserGroup/1/,	user_id: 2,	sesion_id: 7astfq9hbwivjdxl2h5si5sg8c594qdp	
INFO "GET /detail/UserGroup/1/ HTTP/1.1" 200 35130
INFO [GET] method: 2021-01-17 00:05:16 ,ip: 127.0.0.1,	path: /list/MyGroup/,	user_id: 2,	sesion_id: 7astfq9hbwivjdxl2h5si5sg8c594qdp	
INFO "GET /list/MyGroup/ HTTP/1.1" 200 36549
INFO [GET] method: 2021-01-17 00:05:18 ,ip: 127.0.0.1,	path: /add/MyGroup/,	user_id: 2,	sesion_id: 7astfq9hbwivjdxl2h5si5sg8c594qdp	
INFO "GET /add/MyGroup/ HTTP/1.1" 200 43194
INFO [POST] method: 2021-01-17 00:06:08 ,ip: 127.0.0.1,	path: /add/MyGroup/,	user_id: 2,	sesion_id: 7astfq9hbwivjdxl2h5si5sg8c594qdp	
INFO "POST /add/MyGroup/ HTTP/1.1" 302 0
INFO [GET] method: 2021-01-17 00:06:08 ,ip: 127.0.0.1,	path: /detail/MyGroup/2/,	user_id: 2,	sesion_id: 7astfq9hbwivjdxl2h5si5sg8c594qdp	
INFO "GET /detail/MyGroup/2/ HTTP/1.1" 200 36026
INFO [GET] method: 2021-01-17 00:06:11 ,ip: 127.0.0.1,	path: /list/UserGroup/,	user_id: 2,	sesion_id: 7astfq9hbwivjdxl2h5si5sg8c594qdp	
INFO "GET /list/UserGroup/ HTTP/1.1" 200 36041
INFO [GET] method: 2021-01-17 00:06:12 ,ip: 127.0.0.1,	path: /add/UserGroup/,	user_id: 2,	sesion_id: 7astfq9hbwivjdxl2h5si5sg8c594qdp	
INFO "GET /add/UserGroup/ HTTP/1.1" 200 34724
INFO [POST] method: 2021-01-17 00:06:16 ,ip: 127.0.0.1,	path: /add/UserGroup/,	user_id: 2,	sesion_id: 7astfq9hbwivjdxl2h5si5sg8c594qdp	
INFO "POST /add/UserGroup/ HTTP/1.1" 302 0
INFO [GET] method: 2021-01-17 00:06:17 ,ip: 127.0.0.1,	path: /detail/UserGroup/2/,	user_id: 2,	sesion_id: 7astfq9hbwivjdxl2h5si5sg8c594qdp	
INFO "GET /detail/UserGroup/2/ HTTP/1.1" 200 35194
INFO [GET] method: 2021-01-17 00:06:19 ,ip: 127.0.0.1,	path: /list/MyGroup/,	user_id: 2,	sesion_id: 7astfq9hbwivjdxl2h5si5sg8c594qdp	
INFO "GET /list/MyGroup/ HTTP/1.1" 200 37749
INFO [GET] method: 2021-01-17 00:06:22 ,ip: 127.0.0.1,	path: /add/MyGroup/,	user_id: 2,	sesion_id: 7astfq9hbwivjdxl2h5si5sg8c594qdp	
INFO "GET /add/MyGroup/ HTTP/1.1" 200 43194
INFO [POST] method: 2021-01-17 00:07:05 ,ip: 127.0.0.1,	path: /add/MyGroup/,	user_id: 2,	sesion_id: 7astfq9hbwivjdxl2h5si5sg8c594qdp	
INFO "POST /add/MyGroup/ HTTP/1.1" 302 0
INFO [GET] method: 2021-01-17 00:07:05 ,ip: 127.0.0.1,	path: /detail/MyGroup/3/,	user_id: 2,	sesion_id: 7astfq9hbwivjdxl2h5si5sg8c594qdp	
INFO "GET /detail/MyGroup/3/ HTTP/1.1" 200 35959
INFO [GET] method: 2021-01-17 00:07:35 ,ip: 127.0.0.1,	path: /add/UserGroup/,	user_id: 2,	sesion_id: 7astfq9hbwivjdxl2h5si5sg8c594qdp	
INFO "GET /add/UserGroup/?group=3 HTTP/1.1" 200 34768
INFO [POST] method: 2021-01-17 00:07:37 ,ip: 127.0.0.1,	path: /add/UserGroup/,	user_id: 2,	sesion_id: 7astfq9hbwivjdxl2h5si5sg8c594qdp	
INFO "POST /add/UserGroup/?group=3 HTTP/1.1" 302 0
INFO [GET] method: 2021-01-17 00:07:38 ,ip: 127.0.0.1,	path: /detail/UserGroup/3/,	user_id: 2,	sesion_id: 7astfq9hbwivjdxl2h5si5sg8c594qdp	
INFO "GET /detail/UserGroup/3/ HTTP/1.1" 200 35110
INFO Watching for file changes with StatReloader
INFO [GET] method: 2021-01-17 00:16:06 ,ip: 127.0.0.1,	path: /detail/UserGroup/3/,	user_id: 2,	sesion_id: 7astfq9hbwivjdxl2h5si5sg8c594qdp	
INFO "GET /detail/UserGroup/3/ HTTP/1.1" 200 10801
INFO D:\Talha\Masaüstü\Masaüstü\Kodlama\myERP\functions\general.py changed, reloading.
INFO Watching for file changes with StatReloader
INFO Watching for file changes with StatReloader
INFO Watching for file changes with StatReloader
INFO [GET] method: 2021-01-17 00:33:56 ,ip: 127.0.0.1,	path: /home/,	user_id: 2,	sesion_id: 7astfq9hbwivjdxl2h5si5sg8c594qdp	
ERROR Internal Server Error: /home/
Traceback (most recent call last):
  File "D:\Talha\Masaüstü\Masaüstü\Kodlama\venv\lib\site-packages\django\core\handlers\exception.py", line 47, in inner
    response = get_response(request)
  File "D:\Talha\Masaüstü\Masaüstü\Kodlama\venv\lib\site-packages\django\core\handlers\base.py", line 179, in _get_response
    response = wrapped_callback(request, *callback_args, **callback_kwargs)
  File "D:\Talha\Masaüstü\Masaüstü\Kodlama\venv\lib\site-packages\django\views\generic\base.py", line 70, in view
    return self.dispatch(request, *args, **kwargs)
  File "D:\Talha\Masaüstü\Masaüstü\Kodlama\venv\lib\site-packages\django\views\generic\base.py", line 98, in dispatch
    return handler(request, *args, **kwargs)
  File "D:\Talha\Masaüstü\Masaüstü\Kodlama\myERP\myERP\views.py", line 43, in get
    return render(request, self.template_name, context=self.get_context_data())
  File "D:\Talha\Masaüstü\Masaüstü\Kodlama\venv\lib\site-packages\django\shortcuts.py", line 19, in render
    content = loader.render_to_string(template_name, context, request, using=using)
  File "D:\Talha\Masaüstü\Masaüstü\Kodlama\venv\lib\site-packages\django\template\loader.py", line 62, in render_to_string
    return template.render(context, request)
  File "D:\Talha\Masaüstü\Masaüstü\Kodlama\venv\lib\site-packages\django\template\backends\django.py", line 61, in render
    return self.template.render(context)
  File "D:\Talha\Masaüstü\Masaüstü\Kodlama\venv\lib\site-packages\django\template\base.py", line 170, in render
    return self._render(context)
  File "D:\Talha\Masaüstü\Masaüstü\Kodlama\venv\lib\site-packages\django\template\base.py", line 162, in _render
    return self.nodelist.render(context)
  File "D:\Talha\Masaüstü\Masaüstü\Kodlama\venv\lib\site-packages\django\template\base.py", line 938, in render
    bit = node.render_annotated(context)
  File "D:\Talha\Masaüstü\Masaüstü\Kodlama\venv\lib\site-packages\django\template\base.py", line 905, in render_annotated
    return self.render(context)
  File "D:\Talha\Masaüstü\Masaüstü\Kodlama\venv\lib\site-packages\django\template\loader_tags.py", line 150, in render
    return compiled_parent._render(context)
  File "D:\Talha\Masaüstü\Masaüstü\Kodlama\venv\lib\site-packages\django\template\base.py", line 162, in _render
    return self.nodelist.render(context)
  File "D:\Talha\Masaüstü\Masaüstü\Kodlama\venv\lib\site-packages\django\template\base.py", line 938, in render
    bit = node.render_annotated(context)
  File "D:\Talha\Masaüstü\Masaüstü\Kodlama\venv\lib\site-packages\django\template\base.py", line 905, in render_annotated
    return self.render(context)
  File "D:\Talha\Masaüstü\Masaüstü\Kodlama\venv\lib\site-packages\django\template\defaulttags.py", line 312, in render
    return nodelist.render(context)
  File "D:\Talha\Masaüstü\Masaüstü\Kodlama\venv\lib\site-packages\django\template\base.py", line 938, in render
    bit = node.render_annotated(context)
  File "D:\Talha\Masaüstü\Masaüstü\Kodlama\venv\lib\site-packages\django\template\base.py", line 905, in render_annotated
    return self.render(context)
  File "D:\Talha\Masaüstü\Masaüstü\Kodlama\venv\lib\site-packages\django\template\library.py", line 214, in render
    _dict = self.func(*resolved_args, **resolved_kwargs)
  File "D:\Talha\Masaüstü\Masaüstü\Kodlama\myERP\functions\template_funcs.py", line 29, in get_sidebar
    sidebar_dict=hd.get_model_list_path()
  File "D:\Talha\Masaüstü\Masaüstü\Kodlama\myERP\functions\general.py", line 32, in get_model_list_path
    valid_panel_list=PanelPermission.objects.filter(panel__type="panel").filter(filter_q)
  File "D:\Talha\Masaüstü\Masaüstü\Kodlama\venv\lib\site-packages\django\db\models\query.py", line 942, in filter
    return self._filter_or_exclude(False, *args, **kwargs)
  File "D:\Talha\Masaüstü\Masaüstü\Kodlama\venv\lib\site-packages\django\db\models\query.py", line 962, in _filter_or_exclude
    clone._filter_or_exclude_inplace(negate, *args, **kwargs)
  File "D:\Talha\Masaüstü\Masaüstü\Kodlama\venv\lib\site-packages\django\db\models\query.py", line 969, in _filter_or_exclude_inplace
    self._query.add_q(Q(*args, **kwargs))
  File "D:\Talha\Masaüstü\Masaüstü\Kodlama\venv\lib\site-packages\django\db\models\sql\query.py", line 1358, in add_q
    clause, _ = self._add_q(q_object, self.used_aliases)
  File "D:\Talha\Masaüstü\Masaüstü\Kodlama\venv\lib\site-packages\django\db\models\sql\query.py", line 1377, in _add_q
    child_clause, needed_inner = self.build_filter(
  File "D:\Talha\Masaüstü\Masaüstü\Kodlama\venv\lib\site-packages\django\db\models\sql\query.py", line 1237, in build_filter
    return self._add_q(
  File "D:\Talha\Masaüstü\Masaüstü\Kodlama\venv\lib\site-packages\django\db\models\sql\query.py", line 1377, in _add_q
    child_clause, needed_inner = self.build_filter(
  File "D:\Talha\Masaüstü\Masaüstü\Kodlama\venv\lib\site-packages\django\db\models\sql\query.py", line 1255, in build_filter
    arg, value = filter_expr
ValueError: too many values to unpack (expected 2)
ERROR "GET /home/ HTTP/1.1" 500 260135
INFO Watching for file changes with StatReloader
INFO [GET] method: 2021-01-17 00:34:42 ,ip: 127.0.0.1,	path: /home/,	user_id: 2,	sesion_id: 7astfq9hbwivjdxl2h5si5sg8c594qdp	
INFO "GET /home/ HTTP/1.1" 200 168642
INFO [GET] method: 2021-01-17 00:34:43 ,ip: 127.0.0.1,	path: /financial/get_report_data/,	user_id: 2,	sesion_id: 7astfq9hbwivjdxl2h5si5sg8c594qdp	
INFO "GET /financial/get_report_data/?period=30&m_name=Account&field=name HTTP/1.1" 200 474
INFO Watching for file changes with StatReloader
INFO [GET] method: 2021-01-17 00:35:23 ,ip: 127.0.0.1,	path: /home/,	user_id: 2,	sesion_id: 7astfq9hbwivjdxl2h5si5sg8c594qdp	
INFO "GET /home/ HTTP/1.1" 200 168642
INFO [GET] method: 2021-01-17 00:35:24 ,ip: 127.0.0.1,	path: /financial/get_report_data/,	user_id: 2,	sesion_id: 7astfq9hbwivjdxl2h5si5sg8c594qdp	
INFO "GET /financial/get_report_data/?period=30&m_name=Account&field=name HTTP/1.1" 200 474
INFO D:\Talha\Masaüstü\Masaüstü\Kodlama\myERP\functions\general.py changed, reloading.
INFO Watching for file changes with StatReloader
INFO [GET] method: 2021-01-17 00:36:30 ,ip: 127.0.0.1,	path: /list/PanelLM/,	user_id: 2,	sesion_id: 7astfq9hbwivjdxl2h5si5sg8c594qdp	
INFO "GET /list/PanelLM/ HTTP/1.1" 200 36461
INFO [GET] method: 2021-01-17 00:36:35 ,ip: 127.0.0.1,	path: /detail/PanelLM/1/,	user_id: 2,	sesion_id: 7astfq9hbwivjdxl2h5si5sg8c594qdp	
INFO "GET /detail/PanelLM/1/ HTTP/1.1" 200 14391
INFO [GET] method: 2021-01-17 00:36:43 ,ip: 127.0.0.1,	path: /list/PanelLM/,	user_id: 2,	sesion_id: 7astfq9hbwivjdxl2h5si5sg8c594qdp	
INFO "GET /list/PanelLM/ HTTP/1.1" 200 36461
INFO "GET /static/dist/js/adminlte.min.js.map HTTP/1.1" 200 82896
INFO "GET /static/plugins/bootstrap/js/bootstrap.bundle.min.js.map HTTP/1.1" 200 318045
INFO "GET /static/dist/css/adminlte.min.css.map HTTP/1.1" 200 1483310
ERROR Internal Server Error: /list/UserGroup/
Traceback (most recent call last):
  File "D:\Talha\Masaüstü\Masaüstü\Kodlama\venv\lib\site-packages\django\db\backends\utils.py", line 84, in _execute
    return self.cursor.execute(sql, params)
  File "D:\Talha\Masaüstü\Masaüstü\Kodlama\venv\lib\site-packages\django\db\backends\sqlite3\base.py", line 413, in execute
    return Database.Cursor.execute(self, query, params)
sqlite3.OperationalError: database is locked

The above exception was the direct cause of the following exception:

Traceback (most recent call last):
  File "D:\Talha\Masaüstü\Masaüstü\Kodlama\venv\lib\site-packages\django\core\handlers\exception.py", line 47, in inner
    response = get_response(request)
  File "D:\Talha\Masaüstü\Masaüstü\Kodlama\venv\lib\site-packages\django\utils\deprecation.py", line 113, in __call__
    response = self.process_request(request)
  File "D:\Talha\Masaüstü\Masaüstü\Kodlama\myERP\functions\logger.py", line 32, in process_request
    last_record=model.objects.create(date=date,time=time,ip=ip,action=method,web_address=path,user_name_id=user_id,session=session,csrftoken=csrftoken)
  File "D:\Talha\Masaüstü\Masaüstü\Kodlama\venv\lib\site-packages\django\db\models\manager.py", line 85, in manager_method
    return getattr(self.get_queryset(), name)(*args, **kwargs)
  File "D:\Talha\Masaüstü\Masaüstü\Kodlama\venv\lib\site-packages\django\db\models\query.py", line 447, in create
    obj.save(force_insert=True, using=self.db)
  File "D:\Talha\Masaüstü\Masaüstü\Kodlama\venv\lib\site-packages\django\db\models\base.py", line 753, in save
    self.save_base(using=using, force_insert=force_insert,
  File "D:\Talha\Masaüstü\Masaüstü\Kodlama\venv\lib\site-packages\django\db\models\base.py", line 790, in save_base
    updated = self._save_table(
  File "D:\Talha\Masaüstü\Masaüstü\Kodlama\venv\lib\site-packages\django\db\models\base.py", line 895, in _save_table
    results = self._do_insert(cls._base_manager, using, fields, returning_fields, raw)
  File "D:\Talha\Masaüstü\Masaüstü\Kodlama\venv\lib\site-packages\django\db\models\base.py", line 933, in _do_insert
    return manager._insert(
  File "D:\Talha\Masaüstü\Masaüstü\Kodlama\venv\lib\site-packages\django\db\models\manager.py", line 85, in manager_method
    return getattr(self.get_queryset(), name)(*args, **kwargs)
  File "D:\Talha\Masaüstü\Masaüstü\Kodlama\venv\lib\site-packages\django\db\models\query.py", line 1254, in _insert
    return query.get_compiler(using=using).execute_sql(returning_fields)
  File "D:\Talha\Masaüstü\Masaüstü\Kodlama\venv\lib\site-packages\django\db\models\sql\compiler.py", line 1397, in execute_sql
    cursor.execute(sql, params)
  File "D:\Talha\Masaüstü\Masaüstü\Kodlama\venv\lib\site-packages\django\db\backends\utils.py", line 98, in execute
    return super().execute(sql, params)
  File "D:\Talha\Masaüstü\Masaüstü\Kodlama\venv\lib\site-packages\django\db\backends\utils.py", line 66, in execute
    return self._execute_with_wrappers(sql, params, many=False, executor=self._execute)
  File "D:\Talha\Masaüstü\Masaüstü\Kodlama\venv\lib\site-packages\django\db\backends\utils.py", line 75, in _execute_with_wrappers
    return executor(sql, params, many, context)
  File "D:\Talha\Masaüstü\Masaüstü\Kodlama\venv\lib\site-packages\django\db\backends\utils.py", line 84, in _execute
    return self.cursor.execute(sql, params)
  File "D:\Talha\Masaüstü\Masaüstü\Kodlama\venv\lib\site-packages\django\db\utils.py", line 90, in __exit__
    raise dj_exc_value.with_traceback(traceback) from exc_value
  File "D:\Talha\Masaüstü\Masaüstü\Kodlama\venv\lib\site-packages\django\db\backends\utils.py", line 84, in _execute
    return self.cursor.execute(sql, params)
  File "D:\Talha\Masaüstü\Masaüstü\Kodlama\venv\lib\site-packages\django\db\backends\sqlite3\base.py", line 413, in execute
    return Database.Cursor.execute(self, query, params)
django.db.utils.OperationalError: database is locked
ERROR "GET /list/UserGroup/ HTTP/1.1" 500 167803
INFO Watching for file changes with StatReloader
INFO [GET] method: 2021-01-17 00:38:42 ,ip: 127.0.0.1,	path: /home/,	user_id: 2,	sesion_id: 7astfq9hbwivjdxl2h5si5sg8c594qdp	
ERROR Internal Server Error: /home/
Traceback (most recent call last):
  File "D:\Talha\Masaüstü\Masaüstü\Kodlama\venv\lib\site-packages\django\core\handlers\exception.py", line 47, in inner
    response = get_response(request)
  File "D:\Talha\Masaüstü\Masaüstü\Kodlama\venv\lib\site-packages\django\core\handlers\base.py", line 179, in _get_response
    response = wrapped_callback(request, *callback_args, **callback_kwargs)
  File "D:\Talha\Masaüstü\Masaüstü\Kodlama\venv\lib\site-packages\django\views\generic\base.py", line 70, in view
    return self.dispatch(request, *args, **kwargs)
  File "D:\Talha\Masaüstü\Masaüstü\Kodlama\venv\lib\site-packages\django\views\generic\base.py", line 98, in dispatch
    return handler(request, *args, **kwargs)
  File "D:\Talha\Masaüstü\Masaüstü\Kodlama\myERP\myERP\views.py", line 43, in get
    return render(request, self.template_name, context=self.get_context_data())
  File "D:\Talha\Masaüstü\Masaüstü\Kodlama\venv\lib\site-packages\django\shortcuts.py", line 19, in render
    content = loader.render_to_string(template_name, context, request, using=using)
  File "D:\Talha\Masaüstü\Masaüstü\Kodlama\venv\lib\site-packages\django\template\loader.py", line 62, in render_to_string
    return template.render(context, request)
  File "D:\Talha\Masaüstü\Masaüstü\Kodlama\venv\lib\site-packages\django\template\backends\django.py", line 61, in render
    return self.template.render(context)
  File "D:\Talha\Masaüstü\Masaüstü\Kodlama\venv\lib\site-packages\django\template\base.py", line 170, in render
    return self._render(context)
  File "D:\Talha\Masaüstü\Masaüstü\Kodlama\venv\lib\site-packages\django\template\base.py", line 162, in _render
    return self.nodelist.render(context)
  File "D:\Talha\Masaüstü\Masaüstü\Kodlama\venv\lib\site-packages\django\template\base.py", line 938, in render
    bit = node.render_annotated(context)
  File "D:\Talha\Masaüstü\Masaüstü\Kodlama\venv\lib\site-packages\django\template\base.py", line 905, in render_annotated
    return self.render(context)
  File "D:\Talha\Masaüstü\Masaüstü\Kodlama\venv\lib\site-packages\django\template\loader_tags.py", line 150, in render
    return compiled_parent._render(context)
  File "D:\Talha\Masaüstü\Masaüstü\Kodlama\venv\lib\site-packages\django\template\base.py", line 162, in _render
    return self.nodelist.render(context)
  File "D:\Talha\Masaüstü\Masaüstü\Kodlama\venv\lib\site-packages\django\template\base.py", line 938, in render
    bit = node.render_annotated(context)
  File "D:\Talha\Masaüstü\Masaüstü\Kodlama\venv\lib\site-packages\django\template\base.py", line 905, in render_annotated
    return self.render(context)
  File "D:\Talha\Masaüstü\Masaüstü\Kodlama\venv\lib\site-packages\django\template\defaulttags.py", line 312, in render
    return nodelist.render(context)
  File "D:\Talha\Masaüstü\Masaüstü\Kodlama\venv\lib\site-packages\django\template\base.py", line 938, in render
    bit = node.render_annotated(context)
  File "D:\Talha\Masaüstü\Masaüstü\Kodlama\venv\lib\site-packages\django\template\base.py", line 905, in render_annotated
    return self.render(context)
  File "D:\Talha\Masaüstü\Masaüstü\Kodlama\venv\lib\site-packages\django\template\library.py", line 214, in render
    _dict = self.func(*resolved_args, **resolved_kwargs)
  File "D:\Talha\Masaüstü\Masaüstü\Kodlama\myERP\functions\template_funcs.py", line 29, in get_sidebar
    sidebar_dict=hd.get_model_list_path()
  File "D:\Talha\Masaüstü\Masaüstü\Kodlama\myERP\functions\general.py", line 34, in get_model_list_path
    valid_model_list=ModelPermission.objects.filter(panel=panel_perm.panel).filter(filter_q)
  File "D:\Talha\Masaüstü\Masaüstü\Kodlama\venv\lib\site-packages\django\db\models\manager.py", line 85, in manager_method
    return getattr(self.get_queryset(), name)(*args, **kwargs)
  File "D:\Talha\Masaüstü\Masaüstü\Kodlama\venv\lib\site-packages\django\db\models\query.py", line 942, in filter
    return self._filter_or_exclude(False, *args, **kwargs)
  File "D:\Talha\Masaüstü\Masaüstü\Kodlama\venv\lib\site-packages\django\db\models\query.py", line 962, in _filter_or_exclude
    clone._filter_or_exclude_inplace(negate, *args, **kwargs)
  File "D:\Talha\Masaüstü\Masaüstü\Kodlama\venv\lib\site-packages\django\db\models\query.py", line 969, in _filter_or_exclude_inplace
    self._query.add_q(Q(*args, **kwargs))
  File "D:\Talha\Masaüstü\Masaüstü\Kodlama\venv\lib\site-packages\django\db\models\sql\query.py", line 1358, in add_q
    clause, _ = self._add_q(q_object, self.used_aliases)
  File "D:\Talha\Masaüstü\Masaüstü\Kodlama\venv\lib\site-packages\django\db\models\sql\query.py", line 1377, in _add_q
    child_clause, needed_inner = self.build_filter(
  File "D:\Talha\Masaüstü\Masaüstü\Kodlama\venv\lib\site-packages\django\db\models\sql\query.py", line 1258, in build_filter
    lookups, parts, reffed_expression = self.solve_lookup_type(arg)
  File "D:\Talha\Masaüstü\Masaüstü\Kodlama\venv\lib\site-packages\django\db\models\sql\query.py", line 1084, in solve_lookup_type
    _, field, _, lookup_parts = self.names_to_path(lookup_splitted, self.get_meta())
  File "D:\Talha\Masaüstü\Masaüstü\Kodlama\venv\lib\site-packages\django\db\models\sql\query.py", line 1481, in names_to_path
    raise FieldError("Cannot resolve keyword '%s' into field. "
django.core.exceptions.FieldError: Cannot resolve keyword 'panel' into field. Choices are: desc, group, group_id, id, model, model_id, user, user_id, userpermission
ERROR "GET /home/ HTTP/1.1" 500 270082
INFO Watching for file changes with StatReloader
INFO [GET] method: 2021-01-17 00:39:18 ,ip: 127.0.0.1,	path: /home/,	user_id: 2,	sesion_id: 7astfq9hbwivjdxl2h5si5sg8c594qdp	
INFO "GET /home/ HTTP/1.1" 200 147833
INFO [GET] method: 2021-01-17 00:39:19 ,ip: 127.0.0.1,	path: /financial/get_report_data/,	user_id: 2,	sesion_id: 7astfq9hbwivjdxl2h5si5sg8c594qdp	
INFO "GET /financial/get_report_data/?period=30&m_name=Account&field=name HTTP/1.1" 200 474
INFO [GET] method: 2021-01-17 00:43:31 ,ip: 127.0.0.1,	path: /home/,	user_id: 2,	sesion_id: 7astfq9hbwivjdxl2h5si5sg8c594qdp	
INFO "GET /home/ HTTP/1.1" 200 168642
INFO [GET] method: 2021-01-17 00:43:31 ,ip: 127.0.0.1,	path: /financial/get_report_data/,	user_id: 2,	sesion_id: 7astfq9hbwivjdxl2h5si5sg8c594qdp	
INFO "GET /financial/get_report_data/?period=30&m_name=Account&field=name HTTP/1.1" 200 474
INFO [GET] method: 2021-01-17 00:43:58 ,ip: 127.0.0.1,	path: /home/,	user_id: 2,	sesion_id: 7astfq9hbwivjdxl2h5si5sg8c594qdp	
INFO "GET /home/ HTTP/1.1" 200 165977
INFO [GET] method: 2021-01-17 00:43:59 ,ip: 127.0.0.1,	path: /financial/get_report_data/,	user_id: 2,	sesion_id: 7astfq9hbwivjdxl2h5si5sg8c594qdp	
INFO "GET /financial/get_report_data/?period=30&m_name=Account&field=name HTTP/1.1" 200 474
INFO [GET] method: 2021-01-17 00:44:26 ,ip: 127.0.0.1,	path: /list/ModelLM/,	user_id: 2,	sesion_id: 7astfq9hbwivjdxl2h5si5sg8c594qdp	
INFO "GET /list/ModelLM/ HTTP/1.1" 200 223455
INFO [GET] method: 2021-01-17 00:45:14 ,ip: 127.0.0.1,	path: /list/ModelLM/,	user_id: 2,	sesion_id: 7astfq9hbwivjdxl2h5si5sg8c594qdp	
INFO "GET /list/ModelLM/ HTTP/1.1" 200 226120
INFO D:\Talha\Masaüstü\Masaüstü\Kodlama\myERP\functions\general.py changed, reloading.
INFO Watching for file changes with StatReloader
INFO D:\Talha\Masaüstü\Masaüstü\Kodlama\myERP\functions\general.py changed, reloading.
INFO Watching for file changes with StatReloader
INFO Watching for file changes with StatReloader
INFO [GET] method: 2021-01-17 01:04:46 ,ip: 127.0.0.1,	path: /list/ModelLM/,	user_id: 2,	sesion_id: 7astfq9hbwivjdxl2h5si5sg8c594qdp	
INFO "GET /list/ModelLM/ HTTP/1.1" 200 223966
INFO D:\Talha\Masaüstü\Masaüstü\Kodlama\myERP\functions\general.py changed, reloading.
INFO Watching for file changes with StatReloader
INFO D:\Talha\Masaüstü\Masaüstü\Kodlama\myERP\functions\general.py changed, reloading.
INFO Watching for file changes with StatReloader
INFO [GET] method: 2021-01-17 01:06:23 ,ip: 127.0.0.1,	path: /list/ModelLM/,	user_id: 2,	sesion_id: 7astfq9hbwivjdxl2h5si5sg8c594qdp	
INFO "GET /list/ModelLM/ HTTP/1.1" 200 226120
INFO [GET] method: 2021-01-17 01:08:28 ,ip: 127.0.0.1,	path: /financial/build_transaction_history/,	user_id: 2,	sesion_id: 7astfq9hbwivjdxl2h5si5sg8c594qdp	
INFO [GET] method: 2021-01-17 01:08:31 ,ip: 127.0.0.1,	path: /home/,	user_id: 2,	sesion_id: 7astfq9hbwivjdxl2h5si5sg8c594qdp	
ERROR Internal Server Error: /home/
Traceback (most recent call last):
  File "D:\Talha\Masaüstü\Masaüstü\Kodlama\venv\lib\site-packages\django\db\models\fields\related_descriptors.py", line 173, in __get__
    rel_obj = self.field.get_cached_value(instance)
  File "D:\Talha\Masaüstü\Masaüstü\Kodlama\venv\lib\site-packages\django\db\models\fields\mixins.py", line 15, in get_cached_value
    return instance._state.fields_cache[cache_name]
KeyError: 'panel'

During handling of the above exception, another exception occurred:

Traceback (most recent call last):
  File "D:\Talha\Masaüstü\Masaüstü\Kodlama\venv\lib\site-packages\django\db\backends\utils.py", line 84, in _execute
    return self.cursor.execute(sql, params)
  File "D:\Talha\Masaüstü\Masaüstü\Kodlama\venv\lib\site-packages\django\db\backends\sqlite3\base.py", line 413, in execute
    return Database.Cursor.execute(self, query, params)
sqlite3.OperationalError: database is locked

The above exception was the direct cause of the following exception:

Traceback (most recent call last):
  File "D:\Talha\Masaüstü\Masaüstü\Kodlama\venv\lib\site-packages\django\core\handlers\exception.py", line 47, in inner
    response = get_response(request)
  File "D:\Talha\Masaüstü\Masaüstü\Kodlama\venv\lib\site-packages\django\core\handlers\base.py", line 179, in _get_response
    response = wrapped_callback(request, *callback_args, **callback_kwargs)
  File "D:\Talha\Masaüstü\Masaüstü\Kodlama\venv\lib\site-packages\django\views\generic\base.py", line 70, in view
    return self.dispatch(request, *args, **kwargs)
  File "D:\Talha\Masaüstü\Masaüstü\Kodlama\venv\lib\site-packages\django\views\generic\base.py", line 98, in dispatch
    return handler(request, *args, **kwargs)
  File "D:\Talha\Masaüstü\Masaüstü\Kodlama\myERP\myERP\views.py", line 43, in get
    return render(request, self.template_name, context=self.get_context_data())
  File "D:\Talha\Masaüstü\Masaüstü\Kodlama\venv\lib\site-packages\django\shortcuts.py", line 19, in render
    content = loader.render_to_string(template_name, context, request, using=using)
  File "D:\Talha\Masaüstü\Masaüstü\Kodlama\venv\lib\site-packages\django\template\loader.py", line 62, in render_to_string
    return template.render(context, request)
  File "D:\Talha\Masaüstü\Masaüstü\Kodlama\venv\lib\site-packages\django\template\backends\django.py", line 61, in render
    return self.template.render(context)
  File "D:\Talha\Masaüstü\Masaüstü\Kodlama\venv\lib\site-packages\django\template\base.py", line 170, in render
    return self._render(context)
  File "D:\Talha\Masaüstü\Masaüstü\Kodlama\venv\lib\site-packages\django\template\base.py", line 162, in _render
    return self.nodelist.render(context)
  File "D:\Talha\Masaüstü\Masaüstü\Kodlama\venv\lib\site-packages\django\template\base.py", line 938, in render
    bit = node.render_annotated(context)
  File "D:\Talha\Masaüstü\Masaüstü\Kodlama\venv\lib\site-packages\django\template\base.py", line 905, in render_annotated
    return self.render(context)
  File "D:\Talha\Masaüstü\Masaüstü\Kodlama\venv\lib\site-packages\django\template\loader_tags.py", line 150, in render
    return compiled_parent._render(context)
  File "D:\Talha\Masaüstü\Masaüstü\Kodlama\venv\lib\site-packages\django\template\base.py", line 162, in _render
    return self.nodelist.render(context)
  File "D:\Talha\Masaüstü\Masaüstü\Kodlama\venv\lib\site-packages\django\template\base.py", line 938, in render
    bit = node.render_annotated(context)
  File "D:\Talha\Masaüstü\Masaüstü\Kodlama\venv\lib\site-packages\django\template\base.py", line 905, in render_annotated
    return self.render(context)
  File "D:\Talha\Masaüstü\Masaüstü\Kodlama\venv\lib\site-packages\django\template\loader_tags.py", line 62, in render
    result = block.nodelist.render(context)
  File "D:\Talha\Masaüstü\Masaüstü\Kodlama\venv\lib\site-packages\django\template\base.py", line 938, in render
    bit = node.render_annotated(context)
  File "D:\Talha\Masaüstü\Masaüstü\Kodlama\venv\lib\site-packages\django\template\base.py", line 905, in render_annotated
    return self.render(context)
  File "D:\Talha\Masaüstü\Masaüstü\Kodlama\venv\lib\site-packages\django\template\defaulttags.py", line 312, in render
    return nodelist.render(context)
  File "D:\Talha\Masaüstü\Masaüstü\Kodlama\venv\lib\site-packages\django\template\base.py", line 938, in render
    bit = node.render_annotated(context)
  File "D:\Talha\Masaüstü\Masaüstü\Kodlama\venv\lib\site-packages\django\template\base.py", line 905, in render_annotated
    return self.render(context)
  File "D:\Talha\Masaüstü\Masaüstü\Kodlama\venv\lib\site-packages\django\template\defaulttags.py", line 211, in render
    nodelist.append(node.render_annotated(context))
  File "D:\Talha\Masaüstü\Masaüstü\Kodlama\venv\lib\site-packages\django\template\base.py", line 905, in render_annotated
    return self.render(context)
  File "D:\Talha\Masaüstü\Masaüstü\Kodlama\venv\lib\site-packages\django\template\defaulttags.py", line 163, in render
    values = self.sequence.resolve(context, ignore_failures=True)
  File "D:\Talha\Masaüstü\Masaüstü\Kodlama\venv\lib\site-packages\django\template\base.py", line 671, in resolve
    obj = self.var.resolve(context)
  File "D:\Talha\Masaüstü\Masaüstü\Kodlama\venv\lib\site-packages\django\template\base.py", line 796, in resolve
    value = self._resolve_lookup(context)
  File "D:\Talha\Masaüstü\Masaüstü\Kodlama\venv\lib\site-packages\django\template\base.py", line 858, in _resolve_lookup
    current = current()
  File "D:\Talha\Masaüstü\Masaüstü\Kodlama\myERP\people\models.py", line 46, in remote_attr_dict
    return AttrDict(self).get_remote_attr_dict()
  File "D:\Talha\Masaüstü\Masaüstü\Kodlama\myERP\functions\model.py", line 11, in __init__
    self.model_obj,self.model=af.get_model(self.m_name)
  File "D:\Talha\Masaüstü\Masaüstü\Kodlama\myERP\functions\auth_func.py", line 27, in get_model
    model = apps.get_model(model_obj.panel.name,model_obj.name)
  File "D:\Talha\Masaüstü\Masaüstü\Kodlama\venv\lib\site-packages\django\db\models\fields\related_descriptors.py", line 187, in __get__
    rel_obj = self.get_object(instance)
  File "D:\Talha\Masaüstü\Masaüstü\Kodlama\venv\lib\site-packages\django\db\models\fields\related_descriptors.py", line 154, in get_object
    return qs.get(self.field.get_reverse_related_filter(instance))
  File "D:\Talha\Masaüstü\Masaüstü\Kodlama\venv\lib\site-packages\django\db\models\query.py", line 425, in get
    num = len(clone)
  File "D:\Talha\Masaüstü\Masaüstü\Kodlama\venv\lib\site-packages\django\db\models\query.py", line 269, in __len__
    self._fetch_all()
  File "D:\Talha\Masaüstü\Masaüstü\Kodlama\venv\lib\site-packages\django\db\models\query.py", line 1308, in _fetch_all
    self._result_cache = list(self._iterable_class(self))
  File "D:\Talha\Masaüstü\Masaüstü\Kodlama\venv\lib\site-packages\django\db\models\query.py", line 53, in __iter__
    results = compiler.execute_sql(chunked_fetch=self.chunked_fetch, chunk_size=self.chunk_size)
  File "D:\Talha\Masaüstü\Masaüstü\Kodlama\venv\lib\site-packages\django\db\models\sql\compiler.py", line 1156, in execute_sql
    cursor.execute(sql, params)
  File "D:\Talha\Masaüstü\Masaüstü\Kodlama\venv\lib\site-packages\django\db\backends\utils.py", line 98, in execute
    return super().execute(sql, params)
  File "D:\Talha\Masaüstü\Masaüstü\Kodlama\venv\lib\site-packages\django\db\backends\utils.py", line 66, in execute
    return self._execute_with_wrappers(sql, params, many=False, executor=self._execute)
  File "D:\Talha\Masaüstü\Masaüstü\Kodlama\venv\lib\site-packages\django\db\backends\utils.py", line 75, in _execute_with_wrappers
    return executor(sql, params, many, context)
  File "D:\Talha\Masaüstü\Masaüstü\Kodlama\venv\lib\site-packages\django\db\backends\utils.py", line 84, in _execute
    return self.cursor.execute(sql, params)
  File "D:\Talha\Masaüstü\Masaüstü\Kodlama\venv\lib\site-packages\django\db\utils.py", line 90, in __exit__
    raise dj_exc_value.with_traceback(traceback) from exc_value
  File "D:\Talha\Masaüstü\Masaüstü\Kodlama\venv\lib\site-packages\django\db\backends\utils.py", line 84, in _execute
    return self.cursor.execute(sql, params)
  File "D:\Talha\Masaüstü\Masaüstü\Kodlama\venv\lib\site-packages\django\db\backends\sqlite3\base.py", line 413, in execute
    return Database.Cursor.execute(self, query, params)
django.db.utils.OperationalError: database is locked
ERROR Internal Server Error: /home/
Traceback (most recent call last):
  File "D:\Talha\Masaüstü\Masaüstü\Kodlama\venv\lib\site-packages\django\db\models\fields\related_descriptors.py", line 173, in __get__
    rel_obj = self.field.get_cached_value(instance)
  File "D:\Talha\Masaüstü\Masaüstü\Kodlama\venv\lib\site-packages\django\db\models\fields\mixins.py", line 15, in get_cached_value
    return instance._state.fields_cache[cache_name]
KeyError: 'panel'

During handling of the above exception, another exception occurred:

Traceback (most recent call last):
  File "D:\Talha\Masaüstü\Masaüstü\Kodlama\venv\lib\site-packages\django\db\backends\utils.py", line 84, in _execute
    return self.cursor.execute(sql, params)
  File "D:\Talha\Masaüstü\Masaüstü\Kodlama\venv\lib\site-packages\django\db\backends\sqlite3\base.py", line 413, in execute
    return Database.Cursor.execute(self, query, params)
sqlite3.OperationalError: database is locked

The above exception was the direct cause of the following exception:

Traceback (most recent call last):
  File "D:\Talha\Masaüstü\Masaüstü\Kodlama\venv\lib\site-packages\django\core\handlers\exception.py", line 47, in inner
    response = get_response(request)
  File "D:\Talha\Masaüstü\Masaüstü\Kodlama\venv\lib\site-packages\django\utils\deprecation.py", line 116, in __call__
    response = self.process_response(request, response)
  File "D:\Talha\Masaüstü\Masaüstü\Kodlama\myERP\functions\logger.py", line 90, in process_response
    auth=self.ip_check(ip,request.user)
  File "D:\Talha\Masaüstü\Masaüstü\Kodlama\myERP\functions\logger.py", line 53, in ip_check
    model_obj,model=af.get_model("UserIp")
  File "D:\Talha\Masaüstü\Masaüstü\Kodlama\myERP\functions\auth_func.py", line 27, in get_model
    model = apps.get_model(model_obj.panel.name,model_obj.name)
  File "D:\Talha\Masaüstü\Masaüstü\Kodlama\venv\lib\site-packages\django\db\models\fields\related_descriptors.py", line 187, in __get__
    rel_obj = self.get_object(instance)
  File "D:\Talha\Masaüstü\Masaüstü\Kodlama\venv\lib\site-packages\django\db\models\fields\related_descriptors.py", line 154, in get_object
    return qs.get(self.field.get_reverse_related_filter(instance))
  File "D:\Talha\Masaüstü\Masaüstü\Kodlama\venv\lib\site-packages\django\db\models\query.py", line 425, in get
    num = len(clone)
  File "D:\Talha\Masaüstü\Masaüstü\Kodlama\venv\lib\site-packages\django\db\models\query.py", line 269, in __len__
    self._fetch_all()
  File "D:\Talha\Masaüstü\Masaüstü\Kodlama\venv\lib\site-packages\django\db\models\query.py", line 1308, in _fetch_all
    self._result_cache = list(self._iterable_class(self))
  File "D:\Talha\Masaüstü\Masaüstü\Kodlama\venv\lib\site-packages\django\db\models\query.py", line 53, in __iter__
    results = compiler.execute_sql(chunked_fetch=self.chunked_fetch, chunk_size=self.chunk_size)
  File "D:\Talha\Masaüstü\Masaüstü\Kodlama\venv\lib\site-packages\django\db\models\sql\compiler.py", line 1156, in execute_sql
    cursor.execute(sql, params)
  File "D:\Talha\Masaüstü\Masaüstü\Kodlama\venv\lib\site-packages\django\db\backends\utils.py", line 98, in execute
    return super().execute(sql, params)
  File "D:\Talha\Masaüstü\Masaüstü\Kodlama\venv\lib\site-packages\django\db\backends\utils.py", line 66, in execute
    return self._execute_with_wrappers(sql, params, many=False, executor=self._execute)
  File "D:\Talha\Masaüstü\Masaüstü\Kodlama\venv\lib\site-packages\django\db\backends\utils.py", line 75, in _execute_with_wrappers
    return executor(sql, params, many, context)
  File "D:\Talha\Masaüstü\Masaüstü\Kodlama\venv\lib\site-packages\django\db\backends\utils.py", line 84, in _execute
    return self.cursor.execute(sql, params)
  File "D:\Talha\Masaüstü\Masaüstü\Kodlama\venv\lib\site-packages\django\db\utils.py", line 90, in __exit__
    raise dj_exc_value.with_traceback(traceback) from exc_value
  File "D:\Talha\Masaüstü\Masaüstü\Kodlama\venv\lib\site-packages\django\db\backends\utils.py", line 84, in _execute
    return self.cursor.execute(sql, params)
  File "D:\Talha\Masaüstü\Masaüstü\Kodlama\venv\lib\site-packages\django\db\backends\sqlite3\base.py", line 413, in execute
    return Database.Cursor.execute(self, query, params)
django.db.utils.OperationalError: database is locked
INFO "GET /financial/build_transaction_history/ HTTP/1.1" 302 0
INFO [GET] method: 2021-01-17 01:12:41 ,ip: 127.0.0.1,	path: /list/Transaction/,	user_id: 2,	sesion_id: 7astfq9hbwivjdxl2h5si5sg8c594qdp	
INFO "GET /list/Transaction/ HTTP/1.1" 200 193403
INFO Watching for file changes with StatReloader
INFO [GET] method: 2021-01-17 01:13:33 ,ip: 127.0.0.1,	path: /financial/,	user_id: 2,	sesion_id: 7astfq9hbwivjdxl2h5si5sg8c594qdp	
INFO "GET /financial/ HTTP/1.1" 200 41470
INFO [GET] method: 2021-01-17 01:13:33 ,ip: 127.0.0.1,	path: /financial/get_report_data/,	user_id: 2,	sesion_id: 7astfq9hbwivjdxl2h5si5sg8c594qdp	
INFO [GET] method: 2021-01-17 01:13:33 ,ip: 127.0.0.1,	path: /financial/get_report_data/,	user_id: 2,	sesion_id: 7astfq9hbwivjdxl2h5si5sg8c594qdp	
INFO [GET] method: 2021-01-17 01:13:33 ,ip: 127.0.0.1,	path: /financial/get_report_data/,	user_id: 2,	sesion_id: 7astfq9hbwivjdxl2h5si5sg8c594qdp	
INFO "GET /financial/get_report_data/?period=30&m_name=Account&field=name&type_id= HTTP/1.1" 200 474
INFO "GET /financial/get_report_data/?period=30&m_name=Transaction&field=category&type_id=1 HTTP/1.1" 200 312
INFO "GET /financial/get_report_data/?period=30&m_name=Transaction&field=corporation&type_id=1 HTTP/1.1" 200 373
INFO [GET] method: 2021-01-17 01:13:33 ,ip: 127.0.0.1,	path: /financial/get_report_data/,	user_id: 2,	sesion_id: 7astfq9hbwivjdxl2h5si5sg8c594qdp	
INFO "GET /financial/get_report_data/?period=30&m_name=Transaction&field=corporation&type_id=2 HTTP/1.1" 200 103
INFO [GET] method: 2021-01-17 01:13:33 ,ip: 127.0.0.1,	path: /financial/get_report_data/,	user_id: 2,	sesion_id: 7astfq9hbwivjdxl2h5si5sg8c594qdp	
INFO "GET /financial/get_report_data/?period=30&m_name=Transaction&field=account&type_id=1 HTTP/1.1" 200 141
INFO [GET] method: 2021-01-17 01:13:43 ,ip: 127.0.0.1,	path: /list/Account/,	user_id: 2,	sesion_id: 7astfq9hbwivjdxl2h5si5sg8c594qdp	
INFO "GET /list/Account/ HTTP/1.1" 200 145961
INFO [GET] method: 2021-01-17 01:13:52 ,ip: 127.0.0.1,	path: /list/Transaction/,	user_id: 2,	sesion_id: 7astfq9hbwivjdxl2h5si5sg8c594qdp	
INFO "GET /list/Transaction/ HTTP/1.1" 200 193403
INFO [GET] method: 2021-01-17 01:13:58 ,ip: 127.0.0.1,	path: /detail/Transaction/2789/,	user_id: 2,	sesion_id: 7astfq9hbwivjdxl2h5si5sg8c594qdp	
INFO "GET /detail/Transaction/2789/ HTTP/1.1" 200 39580
INFO "GET /detail/Transaction/2797 HTTP/1.1" 301 0
INFO [GET] method: 2021-01-17 01:14:01 ,ip: 127.0.0.1,	path: /detail/Transaction/2797/,	user_id: 2,	sesion_id: 7astfq9hbwivjdxl2h5si5sg8c594qdp	
INFO "GET /detail/Transaction/2797/ HTTP/1.1" 200 39549
INFO [GET] method: 2021-01-17 01:14:15 ,ip: 127.0.0.1,	path: /detail/Transaction/2796/,	user_id: 2,	sesion_id: 7astfq9hbwivjdxl2h5si5sg8c594qdp	
INFO "GET /detail/Transaction/2796/ HTTP/1.1" 200 39594
INFO [GET] method: 2021-01-17 01:14:24 ,ip: 127.0.0.1,	path: /detail/Transaction/2797/,	user_id: 2,	sesion_id: 7astfq9hbwivjdxl2h5si5sg8c594qdp	
INFO "GET /detail/Transaction/2797/ HTTP/1.1" 200 39549
INFO [GET] method: 2021-01-17 01:14:55 ,ip: 127.0.0.1,	path: /list/PanelPermission/,	user_id: 2,	sesion_id: 7astfq9hbwivjdxl2h5si5sg8c594qdp	
INFO "GET /list/PanelPermission/ HTTP/1.1" 200 35384
INFO [GET] method: 2021-01-17 01:14:58 ,ip: 127.0.0.1,	path: /list/UserGroup/,	user_id: 2,	sesion_id: 7astfq9hbwivjdxl2h5si5sg8c594qdp	
INFO "GET /list/UserGroup/ HTTP/1.1" 200 36041
INFO [GET] method: 2021-01-17 01:15:01 ,ip: 127.0.0.1,	path: /list/ModelPermission/,	user_id: 2,	sesion_id: 7astfq9hbwivjdxl2h5si5sg8c594qdp	
INFO "GET /list/ModelPermission/ HTTP/1.1" 200 35384
INFO [GET] method: 2021-01-17 01:15:05 ,ip: 127.0.0.1,	path: /list/ModelPermission/,	user_id: 2,	sesion_id: 7astfq9hbwivjdxl2h5si5sg8c594qdp	
INFO "GET /list/ModelPermission/ HTTP/1.1" 200 35384
INFO [GET] method: 2021-01-17 01:15:58 ,ip: 127.0.0.1,	path: /add/ModelPermission/,	user_id: 2,	sesion_id: 7astfq9hbwivjdxl2h5si5sg8c594qdp	
INFO "GET /add/ModelPermission/ HTTP/1.1" 200 38385
INFO "GET /detail/ModelPermission/10 HTTP/1.1" 301 0
INFO [GET] method: 2021-01-17 01:16:10 ,ip: 127.0.0.1,	path: /detail/ModelPermission/10/,	user_id: 2,	sesion_id: 7astfq9hbwivjdxl2h5si5sg8c594qdp	
ERROR Internal Server Error: /detail/ModelPermission/10/
Traceback (most recent call last):
  File "D:\Talha\Masaüstü\Masaüstü\Kodlama\venv\lib\site-packages\django\core\handlers\exception.py", line 47, in inner
    response = get_response(request)
  File "D:\Talha\Masaüstü\Masaüstü\Kodlama\venv\lib\site-packages\django\core\handlers\base.py", line 202, in _get_response
    response = response.render()
  File "D:\Talha\Masaüstü\Masaüstü\Kodlama\venv\lib\site-packages\django\template\response.py", line 105, in render
    self.content = self.rendered_content
  File "D:\Talha\Masaüstü\Masaüstü\Kodlama\venv\lib\site-packages\django\template\response.py", line 83, in rendered_content
    return template.render(context, self._request)
  File "D:\Talha\Masaüstü\Masaüstü\Kodlama\venv\lib\site-packages\django\template\backends\django.py", line 61, in render
    return self.template.render(context)
  File "D:\Talha\Masaüstü\Masaüstü\Kodlama\venv\lib\site-packages\django\template\base.py", line 170, in render
    return self._render(context)
  File "D:\Talha\Masaüstü\Masaüstü\Kodlama\venv\lib\site-packages\django\template\base.py", line 162, in _render
    return self.nodelist.render(context)
  File "D:\Talha\Masaüstü\Masaüstü\Kodlama\venv\lib\site-packages\django\template\base.py", line 938, in render
    bit = node.render_annotated(context)
  File "D:\Talha\Masaüstü\Masaüstü\Kodlama\venv\lib\site-packages\django\template\base.py", line 905, in render_annotated
    return self.render(context)
  File "D:\Talha\Masaüstü\Masaüstü\Kodlama\venv\lib\site-packages\django\template\loader_tags.py", line 150, in render
    return compiled_parent._render(context)
  File "D:\Talha\Masaüstü\Masaüstü\Kodlama\venv\lib\site-packages\django\template\base.py", line 162, in _render
    return self.nodelist.render(context)
  File "D:\Talha\Masaüstü\Masaüstü\Kodlama\venv\lib\site-packages\django\template\base.py", line 938, in render
    bit = node.render_annotated(context)
  File "D:\Talha\Masaüstü\Masaüstü\Kodlama\venv\lib\site-packages\django\template\base.py", line 905, in render_annotated
    return self.render(context)
  File "D:\Talha\Masaüstü\Masaüstü\Kodlama\venv\lib\site-packages\django\template\loader_tags.py", line 62, in render
    result = block.nodelist.render(context)
  File "D:\Talha\Masaüstü\Masaüstü\Kodlama\venv\lib\site-packages\django\template\base.py", line 938, in render
    bit = node.render_annotated(context)
  File "D:\Talha\Masaüstü\Masaüstü\Kodlama\venv\lib\site-packages\django\template\base.py", line 905, in render_annotated
    return self.render(context)
  File "D:\Talha\Masaüstü\Masaüstü\Kodlama\venv\lib\site-packages\django\template\library.py", line 214, in render
    _dict = self.func(*resolved_args, **resolved_kwargs)
  File "D:\Talha\Masaüstü\Masaüstü\Kodlama\myERP\functions\template_funcs.py", line 37, in get_page_list
    return {"page_info":pm.get_page(),"ability":pm.ability}
  File "D:\Talha\Masaüstü\Masaüstü\Kodlama\myERP\functions\model.py", line 153, in get_page
    return self.get_detail_page()
  File "D:\Talha\Masaüstü\Masaüstü\Kodlama\myERP\functions\model.py", line 100, in get_detail_page
    self.get_detail_index()
  File "D:\Talha\Masaüstü\Masaüstü\Kodlama\myERP\functions\model.py", line 75, in get_detail_index
    self.last=obj_list[-1].id
IndexError: list index out of range
ERROR "GET /detail/ModelPermission/10/ HTTP/1.1" 500 167862
INFO [GET] method: 2021-01-17 01:16:38 ,ip: 127.0.0.1,	path: /list/PanelPermission/,	user_id: 2,	sesion_id: 7astfq9hbwivjdxl2h5si5sg8c594qdp	
INFO "GET /list/PanelPermission/ HTTP/1.1" 200 35384
INFO Watching for file changes with StatReloader
INFO [GET] method: 2021-01-17 01:24:34 ,ip: 127.0.0.1,	path: /list/PanelPermission/,	user_id: 2,	sesion_id: 7astfq9hbwivjdxl2h5si5sg8c594qdp	
INFO "GET /list/PanelPermission/ HTTP/1.1" 200 35384
INFO [GET] method: 2021-01-17 01:24:44 ,ip: 127.0.0.1,	path: /list/PanelPermission/,	user_id: 2,	sesion_id: 7astfq9hbwivjdxl2h5si5sg8c594qdp	
INFO "GET /list/PanelPermission/?search=none HTTP/1.1" 200 35384
INFO [GET] method: 2021-01-17 01:24:54 ,ip: 127.0.0.1,	path: /list/PanelPermission/,	user_id: 2,	sesion_id: 7astfq9hbwivjdxl2h5si5sg8c594qdp	
INFO "GET /list/PanelPermission/?search=none HTTP/1.1" 200 35384
INFO "GET /static/dist/css/ionicons.css HTTP/1.1" 200 51293
INFO "GET /static/plugins/jquery/jquery.min.js HTTP/1.1" 200 88145
INFO "GET /static/plugins/bootstrap/js/bootstrap.bundle.min.js HTTP/1.1" 200 80698
INFO "GET /static/dist/js/adminlte.min.js HTTP/1.1" 200 25193
INFO "GET /static/dist/css/adminlte.min.css HTTP/1.1" 200 689621
INFO "GET /static/dist/img/AdminLTELogo.png HTTP/1.1" 200 10380
INFO "GET /static/plugins/fontawesome-free/css/all.min.css HTTP/1.1" 200 58578
INFO "GET /static/plugins/fontawesome-free/webfonts/fa-solid-900.woff2 HTTP/1.1" 200 79444
INFO [GET] method: 2021-01-17 01:24:54 ,ip: 127.0.0.1,	path: /media/profile_pic/DSC_0487.JPG,	user_id: 2,	sesion_id: 7astfq9hbwivjdxl2h5si5sg8c594qdp	
INFO "GET /media/profile_pic/DSC_0487.JPG HTTP/1.1" 200 4672255
INFO [GET] method: 2021-01-17 01:24:54 ,ip: 127.0.0.1,	path: /favicon.ico,	user_id: 2,	sesion_id: 7astfq9hbwivjdxl2h5si5sg8c594qdp	
WARNING Not Found: /favicon.ico
WARNING "GET /favicon.ico HTTP/1.1" 404 5372
INFO [GET] method: 2021-01-17 01:25:02 ,ip: 127.0.0.1,	path: /list/PanelPermission/,	user_id: 2,	sesion_id: 7astfq9hbwivjdxl2h5si5sg8c594qdp	
INFO "GET /list/PanelPermission/?search=none&user_id=10 HTTP/1.1" 200 35384
INFO D:\Talha\Masaüstü\Masaüstü\Kodlama\myERP\functions\model.py changed, reloading.
INFO Watching for file changes with StatReloader
INFO [GET] method: 2021-01-17 01:25:15 ,ip: 127.0.0.1,	path: /list/PanelPermission/,	user_id: 2,	sesion_id: 7astfq9hbwivjdxl2h5si5sg8c594qdp	
WARNING Not Found: /list/PanelPermission/
WARNING "GET /list/PanelPermission/?search=none&user_id=10&page=2 HTTP/1.1" 404 1815
INFO [GET] method: 2021-01-17 01:25:37 ,ip: 127.0.0.1,	path: /list/PanelPermission/,	user_id: 2,	sesion_id: 7astfq9hbwivjdxl2h5si5sg8c594qdp	
INFO "GET /list/PanelPermission/?search=none&user_id=10 HTTP/1.1" 200 35384
INFO [GET] method: 2021-01-17 01:25:42 ,ip: 127.0.0.1,	path: /list/PanelPermission/,	user_id: 2,	sesion_id: 7astfq9hbwivjdxl2h5si5sg8c594qdp	
WARNING Not Found: /list/PanelPermission/
WARNING "GET /list/PanelPermission/?search=none&user_id=10&page=2 HTTP/1.1" 404 1815
INFO [GET] method: 2021-01-17 01:25:45 ,ip: 127.0.0.1,	path: /list/PanelPermission/,	user_id: 2,	sesion_id: 7astfq9hbwivjdxl2h5si5sg8c594qdp	
INFO "GET /list/PanelPermission/?search=none&user_id=10&page=1 HTTP/1.1" 200 35384
INFO Watching for file changes with StatReloader
INFO [GET] method: 2021-01-17 01:25:56 ,ip: 127.0.0.1,	path: /list/PanelPermission/,	user_id: 2,	sesion_id: 7astfq9hbwivjdxl2h5si5sg8c594qdp	
INFO "GET /list/PanelPermission/?search=none&user_id=10&page=1 HTTP/1.1" 200 35384
INFO D:\Talha\Masaüstü\Masaüstü\Kodlama\myERP\functions\model.py changed, reloading.
INFO Watching for file changes with StatReloader
INFO D:\Talha\Masaüstü\Masaüstü\Kodlama\myERP\functions\model.py changed, reloading.
INFO Watching for file changes with StatReloader
INFO D:\Talha\Masaüstü\Masaüstü\Kodlama\myERP\functions\model.py changed, reloading.
INFO Watching for file changes with StatReloader
INFO Watching for file changes with StatReloader
INFO [GET] method: 2021-01-17 01:59:24 ,ip: 127.0.0.1,	path: /list/Transaction/,	user_id: 2,	sesion_id: 7astfq9hbwivjdxl2h5si5sg8c594qdp	
INFO "GET /list/Transaction/ HTTP/1.1" 200 193401
INFO Watching for file changes with StatReloader
INFO [GET] method: 2021-01-17 02:04:02 ,ip: 127.0.0.1,	path: /list/Transaction/,	user_id: 2,	sesion_id: 7astfq9hbwivjdxl2h5si5sg8c594qdp	
INFO "GET /list/Transaction/ HTTP/1.1" 200 193401
INFO Watching for file changes with StatReloader
INFO [GET] method: 2021-01-17 02:05:29 ,ip: 127.0.0.1,	path: /list/Transaction/,	user_id: 2,	sesion_id: 7astfq9hbwivjdxl2h5si5sg8c594qdp	
INFO "GET /list/Transaction/ HTTP/1.1" 200 193401
INFO Watching for file changes with StatReloader
INFO [GET] method: 2021-01-17 02:07:42 ,ip: 127.0.0.1,	path: /list/Transaction/,	user_id: 2,	sesion_id: 7astfq9hbwivjdxl2h5si5sg8c594qdp	
INFO "GET /list/Transaction/ HTTP/1.1" 200 193401
INFO Watching for file changes with StatReloader
INFO [GET] method: 2021-01-17 02:08:15 ,ip: 127.0.0.1,	path: /list/Transaction/,	user_id: 2,	sesion_id: 7astfq9hbwivjdxl2h5si5sg8c594qdp	
INFO "GET /list/Transaction/ HTTP/1.1" 200 193403
INFO [GET] method: 2021-01-17 02:08:20 ,ip: 127.0.0.1,	path: /list/Transaction/,	user_id: 2,	sesion_id: 7astfq9hbwivjdxl2h5si5sg8c594qdp	
INFO "GET /list/Transaction/?page=3 HTTP/1.1" 200 193800
INFO [GET] method: 2021-01-17 02:08:35 ,ip: 127.0.0.1,	path: /list/Transaction/,	user_id: 2,	sesion_id: 7astfq9hbwivjdxl2h5si5sg8c594qdp	
INFO "GET /list/Transaction/?page=5 HTTP/1.1" 200 194321
INFO [GET] method: 2021-01-17 02:09:00 ,ip: 127.0.0.1,	path: /list/Transaction/,	user_id: 2,	sesion_id: 7astfq9hbwivjdxl2h5si5sg8c594qdp	
INFO "GET /list/Transaction/?page=53 HTTP/1.1" 200 193516
INFO [GET] method: 2021-01-17 02:09:05 ,ip: 127.0.0.1,	path: /list/Transaction/,	user_id: 2,	sesion_id: 7astfq9hbwivjdxl2h5si5sg8c594qdp	
INFO "GET /list/Transaction/?page=54 HTTP/1.1" 200 193255
INFO [GET] method: 2021-01-17 02:09:08 ,ip: 127.0.0.1,	path: /list/Transaction/,	user_id: 2,	sesion_id: 7astfq9hbwivjdxl2h5si5sg8c594qdp	
INFO "GET /list/Transaction/?page=55 HTTP/1.1" 200 118775
INFO D:\Talha\Masaüstü\Masaüstü\Kodlama\myERP\functions\model.py changed, reloading.
INFO Watching for file changes with StatReloader
INFO [GET] method: 2021-01-17 02:09:54 ,ip: 127.0.0.1,	path: /list/Transaction/,	user_id: 2,	sesion_id: 7astfq9hbwivjdxl2h5si5sg8c594qdp	
INFO "GET /list/Transaction/?category=10 HTTP/1.1" 200 37498
INFO [GET] method: 2021-01-17 02:09:59 ,ip: 127.0.0.1,	path: /list/Transaction/,	user_id: 2,	sesion_id: 7astfq9hbwivjdxl2h5si5sg8c594qdp	
INFO "GET /list/Transaction/?category=1 HTTP/1.1" 200 184192
INFO [GET] method: 2021-01-17 02:10:03 ,ip: 127.0.0.1,	path: /list/Transaction/,	user_id: 2,	sesion_id: 7astfq9hbwivjdxl2h5si5sg8c594qdp	
INFO "GET /list/Transaction/?category=8 HTTP/1.1" 200 43736
INFO D:\Talha\Masaüstü\Masaüstü\Kodlama\myERP\functions\model.py changed, reloading.
INFO Watching for file changes with StatReloader
INFO D:\Talha\Masaüstü\Masaüstü\Kodlama\myERP\functions\model.py changed, reloading.
INFO Watching for file changes with StatReloader
INFO D:\Talha\Masaüstü\Masaüstü\Kodlama\myERP\functions\model.py changed, reloading.
INFO Watching for file changes with StatReloader
INFO [GET] method: 2021-01-17 02:15:25 ,ip: 127.0.0.1,	path: /list/Transaction/,	user_id: 2,	sesion_id: 7astfq9hbwivjdxl2h5si5sg8c594qdp	
ERROR Internal Server Error: /list/Transaction/
Traceback (most recent call last):
  File "D:\Talha\Masaüstü\Masaüstü\Kodlama\venv\lib\site-packages\django\core\handlers\exception.py", line 47, in inner
    response = get_response(request)
  File "D:\Talha\Masaüstü\Masaüstü\Kodlama\venv\lib\site-packages\django\core\handlers\base.py", line 202, in _get_response
    response = response.render()
  File "D:\Talha\Masaüstü\Masaüstü\Kodlama\venv\lib\site-packages\django\template\response.py", line 105, in render
    self.content = self.rendered_content
  File "D:\Talha\Masaüstü\Masaüstü\Kodlama\venv\lib\site-packages\django\template\response.py", line 83, in rendered_content
    return template.render(context, self._request)
  File "D:\Talha\Masaüstü\Masaüstü\Kodlama\venv\lib\site-packages\django\template\backends\django.py", line 61, in render
    return self.template.render(context)
  File "D:\Talha\Masaüstü\Masaüstü\Kodlama\venv\lib\site-packages\django\template\base.py", line 170, in render
    return self._render(context)
  File "D:\Talha\Masaüstü\Masaüstü\Kodlama\venv\lib\site-packages\django\template\base.py", line 162, in _render
    return self.nodelist.render(context)
  File "D:\Talha\Masaüstü\Masaüstü\Kodlama\venv\lib\site-packages\django\template\base.py", line 938, in render
    bit = node.render_annotated(context)
  File "D:\Talha\Masaüstü\Masaüstü\Kodlama\venv\lib\site-packages\django\template\base.py", line 905, in render_annotated
    return self.render(context)
  File "D:\Talha\Masaüstü\Masaüstü\Kodlama\venv\lib\site-packages\django\template\loader_tags.py", line 150, in render
    return compiled_parent._render(context)
  File "D:\Talha\Masaüstü\Masaüstü\Kodlama\venv\lib\site-packages\django\template\base.py", line 162, in _render
    return self.nodelist.render(context)
  File "D:\Talha\Masaüstü\Masaüstü\Kodlama\venv\lib\site-packages\django\template\base.py", line 938, in render
    bit = node.render_annotated(context)
  File "D:\Talha\Masaüstü\Masaüstü\Kodlama\venv\lib\site-packages\django\template\base.py", line 905, in render_annotated
    return self.render(context)
  File "D:\Talha\Masaüstü\Masaüstü\Kodlama\venv\lib\site-packages\django\template\loader_tags.py", line 62, in render
    result = block.nodelist.render(context)
  File "D:\Talha\Masaüstü\Masaüstü\Kodlama\venv\lib\site-packages\django\template\base.py", line 938, in render
    bit = node.render_annotated(context)
  File "D:\Talha\Masaüstü\Masaüstü\Kodlama\venv\lib\site-packages\django\template\base.py", line 905, in render_annotated
    return self.render(context)
  File "D:\Talha\Masaüstü\Masaüstü\Kodlama\venv\lib\site-packages\django\template\library.py", line 214, in render
    _dict = self.func(*resolved_args, **resolved_kwargs)
  File "D:\Talha\Masaüstü\Masaüstü\Kodlama\myERP\functions\template_funcs.py", line 37, in get_page_list
    return {"page_info":pm.get_page(),"ability":pm.ability}
  File "D:\Talha\Masaüstü\Masaüstü\Kodlama\myERP\functions\model.py", line 154, in get_page
    return self.get_list_page()
  File "D:\Talha\Masaüstü\Masaüstü\Kodlama\myERP\functions\model.py", line 128, in get_list_page
    parameters="&".join(["%s=%s" %(str(key),str(value)) for key,value in self.parameter_dict.items()])
AttributeError: 'PageManagement' object has no attribute 'parameter_dict'
ERROR "GET /list/Transaction/?category=2 HTTP/1.1" 500 169419
INFO Watching for file changes with StatReloader
INFO [GET] method: 2021-01-17 02:16:05 ,ip: 127.0.0.1,	path: /list/Transaction/,	user_id: 2,	sesion_id: 7astfq9hbwivjdxl2h5si5sg8c594qdp	
ERROR Internal Server Error: /list/Transaction/
Traceback (most recent call last):
  File "D:\Talha\Masaüstü\Masaüstü\Kodlama\venv\lib\site-packages\django\core\handlers\exception.py", line 47, in inner
    response = get_response(request)
  File "D:\Talha\Masaüstü\Masaüstü\Kodlama\venv\lib\site-packages\django\core\handlers\base.py", line 202, in _get_response
    response = response.render()
  File "D:\Talha\Masaüstü\Masaüstü\Kodlama\venv\lib\site-packages\django\template\response.py", line 105, in render
    self.content = self.rendered_content
  File "D:\Talha\Masaüstü\Masaüstü\Kodlama\venv\lib\site-packages\django\template\response.py", line 83, in rendered_content
    return template.render(context, self._request)
  File "D:\Talha\Masaüstü\Masaüstü\Kodlama\venv\lib\site-packages\django\template\backends\django.py", line 61, in render
    return self.template.render(context)
  File "D:\Talha\Masaüstü\Masaüstü\Kodlama\venv\lib\site-packages\django\template\base.py", line 170, in render
    return self._render(context)
  File "D:\Talha\Masaüstü\Masaüstü\Kodlama\venv\lib\site-packages\django\template\base.py", line 162, in _render
    return self.nodelist.render(context)
  File "D:\Talha\Masaüstü\Masaüstü\Kodlama\venv\lib\site-packages\django\template\base.py", line 938, in render
    bit = node.render_annotated(context)
  File "D:\Talha\Masaüstü\Masaüstü\Kodlama\venv\lib\site-packages\django\template\base.py", line 905, in render_annotated
    return self.render(context)
  File "D:\Talha\Masaüstü\Masaüstü\Kodlama\venv\lib\site-packages\django\template\loader_tags.py", line 150, in render
    return compiled_parent._render(context)
  File "D:\Talha\Masaüstü\Masaüstü\Kodlama\venv\lib\site-packages\django\template\base.py", line 162, in _render
    return self.nodelist.render(context)
  File "D:\Talha\Masaüstü\Masaüstü\Kodlama\venv\lib\site-packages\django\template\base.py", line 938, in render
    bit = node.render_annotated(context)
  File "D:\Talha\Masaüstü\Masaüstü\Kodlama\venv\lib\site-packages\django\template\base.py", line 905, in render_annotated
    return self.render(context)
  File "D:\Talha\Masaüstü\Masaüstü\Kodlama\venv\lib\site-packages\django\template\loader_tags.py", line 62, in render
    result = block.nodelist.render(context)
  File "D:\Talha\Masaüstü\Masaüstü\Kodlama\venv\lib\site-packages\django\template\base.py", line 938, in render
    bit = node.render_annotated(context)
  File "D:\Talha\Masaüstü\Masaüstü\Kodlama\venv\lib\site-packages\django\template\base.py", line 905, in render_annotated
    return self.render(context)
  File "D:\Talha\Masaüstü\Masaüstü\Kodlama\venv\lib\site-packages\django\template\library.py", line 214, in render
    _dict = self.func(*resolved_args, **resolved_kwargs)
  File "D:\Talha\Masaüstü\Masaüstü\Kodlama\myERP\functions\template_funcs.py", line 37, in get_page_list
    return {"page_info":pm.get_page(),"ability":pm.ability}
  File "D:\Talha\Masaüstü\Masaüstü\Kodlama\myERP\functions\model.py", line 154, in get_page
    return self.get_list_page()
  File "D:\Talha\Masaüstü\Masaüstü\Kodlama\myERP\functions\model.py", line 127, in get_list_page
    del self.parameter_dict["page"]
KeyError: 'page'
ERROR "GET /list/Transaction/?category=2 HTTP/1.1" 500 169052
INFO Watching for file changes with StatReloader
INFO [GET] method: 2021-01-17 02:16:31 ,ip: 127.0.0.1,	path: /list/Transaction/,	user_id: 2,	sesion_id: 7astfq9hbwivjdxl2h5si5sg8c594qdp	
INFO "GET /list/Transaction/?category=2 HTTP/1.1" 200 40692
INFO [GET] method: 2021-01-17 02:16:48 ,ip: 127.0.0.1,	path: /list/TransactionCategoryLM/,	user_id: 2,	sesion_id: 7astfq9hbwivjdxl2h5si5sg8c594qdp	
INFO "GET /list/TransactionCategoryLM/ HTTP/1.1" 200 92928
INFO [GET] method: 2021-01-17 02:17:00 ,ip: 127.0.0.1,	path: /detail/TransactionCategoryLM/40/,	user_id: 2,	sesion_id: 7astfq9hbwivjdxl2h5si5sg8c594qdp	
INFO "GET /detail/TransactionCategoryLM/40/ HTTP/1.1" 200 35564
INFO [GET] method: 2021-01-17 02:17:04 ,ip: 127.0.0.1,	path: /list/Transaction/,	user_id: 2,	sesion_id: 7astfq9hbwivjdxl2h5si5sg8c594qdp	
INFO "GET /list/Transaction/?category=40 HTTP/1.1" 200 193677
INFO [GET] method: 2021-01-17 02:17:08 ,ip: 127.0.0.1,	path: /list/Transaction/,	user_id: 2,	sesion_id: 7astfq9hbwivjdxl2h5si5sg8c594qdp	
WARNING Not Found: /list/Transaction/
WARNING "GET /list/Transaction/?page=3category=40 HTTP/1.1" 404 1804
INFO Watching for file changes with StatReloader
INFO [GET] method: 2021-01-17 02:17:56 ,ip: 127.0.0.1,	path: /list/Transaction/,	user_id: 2,	sesion_id: 7astfq9hbwivjdxl2h5si5sg8c594qdp	
INFO "GET /list/Transaction/?category=40 HTTP/1.1" 200 193717
INFO [GET] method: 2021-01-17 02:17:59 ,ip: 127.0.0.1,	path: /list/Transaction/,	user_id: 2,	sesion_id: 7astfq9hbwivjdxl2h5si5sg8c594qdp	
INFO "GET /list/Transaction/?page=3&category=40 HTTP/1.1" 200 194385
INFO [GET] method: 2021-01-17 02:18:09 ,ip: 127.0.0.1,	path: /list/Transaction/,	user_id: 2,	sesion_id: 7astfq9hbwivjdxl2h5si5sg8c594qdp	
WARNING Not Found: /list/Transaction/
WARNING "GET /list/Transaction/?page=55&category=40 HTTP/1.1" 404 1794
INFO D:\Talha\Masaüstü\Masaüstü\Kodlama\myERP\functions\model.py changed, reloading.
INFO Watching for file changes with StatReloader
INFO Watching for file changes with StatReloader
INFO [GET] method: 2021-01-17 02:21:05 ,ip: 127.0.0.1,	path: /list/Transaction/,	user_id: 2,	sesion_id: 7astfq9hbwivjdxl2h5si5sg8c594qdp	
INFO "GET /list/Transaction/?page=3&category=40 HTTP/1.1" 200 194385
INFO [GET] method: 2021-01-17 02:21:10 ,ip: 127.0.0.1,	path: /list/Transaction/,	user_id: 2,	sesion_id: 7astfq9hbwivjdxl2h5si5sg8c594qdp	
INFO "GET /list/Transaction/?page=13&category=40 HTTP/1.1" 200 109311
INFO Watching for file changes with StatReloader
INFO [GET] method: 2021-01-17 12:27:45 ,ip: 127.0.0.1,	path: /,	user_id: None,	sesion_id: None	 ://NoIPNoUser
INFO "GET / HTTP/1.1" 200 3443
INFO "GET /static/dist/css/ionicons.css HTTP/1.1" 200 51293
INFO "GET /static/plugins/fontawesome-free/css/all.min.css HTTP/1.1" 200 58578
INFO "GET /static/plugins/jquery/jquery.min.js HTTP/1.1" 200 88145
INFO "GET /static/dist/js/adminlte.min.js HTTP/1.1" 200 25193
INFO "GET /static/dist/img/AdminLTELogo.png HTTP/1.1" 200 10380
INFO "GET /static/plugins/bootstrap/js/bootstrap.bundle.min.js HTTP/1.1" 200 80698
INFO "GET /static/dist/css/adminlte.min.css HTTP/1.1" 200 689621
INFO "GET /static/plugins/fontawesome-free/webfonts/fa-solid-900.woff2 HTTP/1.1" 200 79444
INFO "GET /static/plugins/fontawesome-free/webfonts/fa-regular-400.woff2 HTTP/1.1" 200 13584
INFO [GET] method: 2021-01-17 12:27:45 ,ip: 127.0.0.1,	path: /favicon.ico,	user_id: None,	sesion_id: None	 ://NoIPNoUser
INFO "GET /favicon.ico HTTP/1.1" 302 0
INFO [GET] method: 2021-01-17 12:27:45 ,ip: 127.0.0.1,	path: /register/,	user_id: None,	sesion_id: None	 ://NoIPNoUser
INFO "GET /register/?warning=NoIPNoUser HTTP/1.1" 200 5590
INFO [GET] method: 2021-01-17 12:27:47 ,ip: 127.0.0.1,	path: /home/,	user_id: None,	sesion_id: None	 ://NoIPNoUser
INFO "GET /home/ HTTP/1.1" 302 0
INFO [GET] method: 2021-01-17 12:27:47 ,ip: 127.0.0.1,	path: /register/,	user_id: None,	sesion_id: None	 ://NoIPNoUser
INFO "GET /register/?warning=NoIPNoUser HTTP/1.1" 200 5590
INFO [GET] method: 2021-01-17 12:27:47 ,ip: 127.0.0.1,	path: /favicon.ico,	user_id: None,	sesion_id: None	 ://NoIPNoUser
INFO "GET /favicon.ico HTTP/1.1" 302 0
INFO [GET] method: 2021-01-17 12:27:48 ,ip: 127.0.0.1,	path: /register/,	user_id: None,	sesion_id: None	 ://NoIPNoUser
INFO "GET /register/?warning=NoIPNoUser HTTP/1.1" 200 5590
INFO [GET] method: 2021-01-17 12:27:52 ,ip: 127.0.0.1,	path: /home/,	user_id: None,	sesion_id: None	 ://NoIPNoUser
INFO "GET /home/ HTTP/1.1" 302 0
INFO [GET] method: 2021-01-17 12:27:52 ,ip: 127.0.0.1,	path: /register/,	user_id: None,	sesion_id: None	 ://NoIPNoUser
INFO "GET /register/?warning=NoIPNoUser HTTP/1.1" 200 5590
INFO [GET] method: 2021-01-17 12:27:52 ,ip: 127.0.0.1,	path: /favicon.ico,	user_id: None,	sesion_id: None	 ://NoIPNoUser
INFO "GET /favicon.ico HTTP/1.1" 302 0
INFO [GET] method: 2021-01-17 12:27:52 ,ip: 127.0.0.1,	path: /register/,	user_id: None,	sesion_id: None	 ://NoIPNoUser
INFO "GET /register/?warning=NoIPNoUser HTTP/1.1" 200 5590
INFO [GET] method: 2021-01-17 12:27:59 ,ip: 127.0.0.1,	path: /login/,	user_id: None,	sesion_id: None	 ://NoIPNoUser
INFO "GET /login/ HTTP/1.1" 200 6323
INFO [GET] method: 2021-01-17 12:28:00 ,ip: 127.0.0.1,	path: /favicon.ico,	user_id: None,	sesion_id: None	 ://NoIPNoUser
INFO "GET /favicon.ico HTTP/1.1" 302 0
INFO [GET] method: 2021-01-17 12:28:00 ,ip: 127.0.0.1,	path: /register/,	user_id: None,	sesion_id: None	 ://NoIPNoUser
INFO "GET /register/?warning=NoIPNoUser HTTP/1.1" 200 5590
INFO [POST] method: 2021-01-17 12:28:01 ,ip: 127.0.0.1,	path: /login/,	user_id: None,	sesion_id: None	 ://NoIPNoUser
INFO "POST /login/ HTTP/1.1" 302 0
INFO "GET /home HTTP/1.1" 301 0
INFO [GET] method: 2021-01-17 12:28:02 ,ip: 127.0.0.1,	path: /home/,	user_id: 2,	sesion_id: 1gh0bgthlwjk6ttwbhty39gykkb6viwn	
INFO "GET /home/ HTTP/1.1" 200 168642
INFO "GET /static/plugins/select2/css/select2.min.css HTTP/1.1" 200 14966
INFO "GET /static/plugins/daterangepicker/daterangepicker.css HTTP/1.1" 200 8063
INFO "GET /static/plugins/select2-bootstrap4-theme/select2-bootstrap4.min.css HTTP/1.1" 200 5158
INFO "GET /static/plugins/select2/js/select2.full.min.js HTTP/1.1" 200 79172
INFO "GET /static/plugins/chart.js/Chart.min.js HTTP/1.1" 200 172812
INFO "GET /static/plugins/moment/moment.min.js HTTP/1.1" 200 53324
INFO "GET /static/plugins/inputmask/min/jquery.inputmask.bundle.min.js HTTP/1.1" 200 118400
INFO "GET /static/plugins/daterangepicker/daterangepicker.js HTTP/1.1" 200 67268
INFO [GET] method: 2021-01-17 12:28:03 ,ip: 127.0.0.1,	path: /financial/get_report_data/,	user_id: 2,	sesion_id: 1gh0bgthlwjk6ttwbhty39gykkb6viwn	
INFO "GET /financial/get_report_data/?period=30&m_name=Account&field=name HTTP/1.1" 200 474
INFO [GET] method: 2021-01-17 12:28:03 ,ip: 127.0.0.1,	path: /media/profile_pic/DSC_0487.JPG,	user_id: 2,	sesion_id: 1gh0bgthlwjk6ttwbhty39gykkb6viwn	
INFO "GET /media/profile_pic/DSC_0487.JPG HTTP/1.1" 200 4672255
INFO [GET] method: 2021-01-17 12:28:04 ,ip: 127.0.0.1,	path: /favicon.ico,	user_id: 2,	sesion_id: 1gh0bgthlwjk6ttwbhty39gykkb6viwn	
WARNING Not Found: /favicon.ico
WARNING "GET /favicon.ico HTTP/1.1" 404 5372
INFO [GET] method: 2021-01-17 12:28:14 ,ip: 127.0.0.1,	path: /financial/multi_transaction_add/,	user_id: 2,	sesion_id: 1gh0bgthlwjk6ttwbhty39gykkb6viwn	
INFO "GET /financial/multi_transaction_add/ HTTP/1.1" 200 82017
INFO "GET /static/plugins/tempusdominus-bootstrap-4/css/tempusdominus-bootstrap-4.min.css HTTP/1.1" 200 9063
INFO "GET /static/plugins/tempusdominus-bootstrap-4/js/tempusdominus-bootstrap-4.min.js HTTP/1.1" 200 56879
INFO [GET] method: 2021-01-17 12:28:16 ,ip: 127.0.0.1,	path: /list/Transaction/,	user_id: 2,	sesion_id: 1gh0bgthlwjk6ttwbhty39gykkb6viwn	
INFO "GET /list/Transaction/ HTTP/1.1" 200 193403
INFO [POST] method: 2021-01-17 12:29:18 ,ip: 127.0.0.1,	path: /financial/multi_transaction_add/,	user_id: 2,	sesion_id: 1gh0bgthlwjk6ttwbhty39gykkb6viwn	
INFO "POST /financial/multi_transaction_add/ HTTP/1.1" 302 0
INFO [GET] method: 2021-01-17 12:29:18 ,ip: 127.0.0.1,	path: /financial/multi_transaction_add/,	user_id: 2,	sesion_id: 1gh0bgthlwjk6ttwbhty39gykkb6viwn	
INFO "GET /financial/multi_transaction_add/?account=2&date=2021-01-15&time=18:25:00&category=43&corporation=102&desc=&tr_type=1&amount=225.01 HTTP/1.1" 200 82037
INFO [GET] method: 2021-01-17 12:58:04 ,ip: 127.0.0.1,	path: /list/Transaction/,	user_id: 2,	sesion_id: 1gh0bgthlwjk6ttwbhty39gykkb6viwn	
INFO "GET /list/Transaction/?search=hgs HTTP/1.1" 200 193702
INFO [POST] method: 2021-01-17 12:58:58 ,ip: 127.0.0.1,	path: /financial/multi_transaction_add/,	user_id: 2,	sesion_id: 1gh0bgthlwjk6ttwbhty39gykkb6viwn	
INFO "POST /financial/multi_transaction_add/?account=2&date=2021-01-15&time=18:25:00&category=43&corporation=102&desc=&tr_type=1&amount=225.01 HTTP/1.1" 302 0
INFO [GET] method: 2021-01-17 12:58:58 ,ip: 127.0.0.1,	path: /financial/multi_transaction_add/,	user_id: 2,	sesion_id: 1gh0bgthlwjk6ttwbhty39gykkb6viwn	
INFO "GET /financial/multi_transaction_add/?account=17&date=2021-01-07&time=14:55:00&category=41&corporation=188&desc=&tr_type=1&amount=13.25 HTTP/1.1" 200 82036
INFO [POST] method: 2021-01-17 12:59:28 ,ip: 127.0.0.1,	path: /financial/multi_transaction_add/,	user_id: 2,	sesion_id: 1gh0bgthlwjk6ttwbhty39gykkb6viwn	
INFO "POST /financial/multi_transaction_add/?account=17&date=2021-01-07&time=14:55:00&category=41&corporation=188&desc=&tr_type=1&amount=13.25 HTTP/1.1" 302 0
INFO [GET] method: 2021-01-17 12:59:28 ,ip: 127.0.0.1,	path: /financial/multi_transaction_add/,	user_id: 2,	sesion_id: 1gh0bgthlwjk6ttwbhty39gykkb6viwn	
INFO "GET /financial/multi_transaction_add/?account=17&date=2021-01-11&time=07:10:00&category=41&corporation=188&desc=&tr_type=1&amount=5.25 HTTP/1.1" 200 82035
INFO [POST] method: 2021-01-17 12:59:43 ,ip: 127.0.0.1,	path: /financial/multi_transaction_add/,	user_id: 2,	sesion_id: 1gh0bgthlwjk6ttwbhty39gykkb6viwn	
INFO "POST /financial/multi_transaction_add/?account=17&date=2021-01-11&time=07:10:00&category=41&corporation=188&desc=&tr_type=1&amount=5.25 HTTP/1.1" 302 0
INFO [GET] method: 2021-01-17 12:59:43 ,ip: 127.0.0.1,	path: /financial/multi_transaction_add/,	user_id: 2,	sesion_id: 1gh0bgthlwjk6ttwbhty39gykkb6viwn	
INFO "GET /financial/multi_transaction_add/?account=17&date=2021-01-11&time=17:20:00&category=41&corporation=188&desc=&tr_type=1&amount=5.25 HTTP/1.1" 200 82035
INFO [GET] method: 2021-01-17 13:00:01 ,ip: 127.0.0.1,	path: /list/Transaction/,	user_id: 2,	sesion_id: 1gh0bgthlwjk6ttwbhty39gykkb6viwn	
INFO "GET /list/Transaction/?search=hgs HTTP/1.1" 200 193679
INFO [POST] method: 2021-01-17 13:00:05 ,ip: 127.0.0.1,	path: /financial/multi_transaction_add/,	user_id: 2,	sesion_id: 1gh0bgthlwjk6ttwbhty39gykkb6viwn	
INFO "POST /financial/multi_transaction_add/?account=17&date=2021-01-11&time=17:20:00&category=41&corporation=188&desc=&tr_type=1&amount=5.25 HTTP/1.1" 302 0
INFO [GET] method: 2021-01-17 13:00:05 ,ip: 127.0.0.1,	path: /financial/multi_transaction_add/,	user_id: 2,	sesion_id: 1gh0bgthlwjk6ttwbhty39gykkb6viwn	
INFO "GET /financial/multi_transaction_add/?account=17&date=2021-01-13&time=17:20:00&category=41&corporation=188&desc=&tr_type=1&amount=5.25 HTTP/1.1" 200 82035
INFO [GET] method: 2021-01-17 13:00:08 ,ip: 127.0.0.1,	path: /list/Transaction/,	user_id: 2,	sesion_id: 1gh0bgthlwjk6ttwbhty39gykkb6viwn	
INFO "GET /list/Transaction/?search=hgs HTTP/1.1" 200 193671
INFO [GET] method: 2021-01-17 13:00:18 ,ip: 127.0.0.1,	path: /home/,	user_id: 2,	sesion_id: 1gh0bgthlwjk6ttwbhty39gykkb6viwn	
INFO "GET /home/ HTTP/1.1" 200 168642
INFO [GET] method: 2021-01-17 13:00:19 ,ip: 127.0.0.1,	path: /financial/get_report_data/,	user_id: 2,	sesion_id: 1gh0bgthlwjk6ttwbhty39gykkb6viwn	
INFO "GET /financial/get_report_data/?period=30&m_name=Account&field=name HTTP/1.1" 200 474
INFO Watching for file changes with StatReloader
