INFO Watching for file changes with StatReloader
INFO [GET] method: 2020-12-05 14:15:34 ,ip: 127.0.0.1,	path: /,	user_id: 2,	sesion_id: yz56ly7buvmc5egtp5d90a7vknqdz90h	
INFO "GET / HTTP/1.1" 200 169371
INFO "GET /static/dist/css/ionicons.css HTTP/1.1" 200 51293
INFO "GET /static/plugins/select2-bootstrap4-theme/select2-bootstrap4.min.css HTTP/1.1" 200 5158
INFO "GET /static/plugins/fontawesome-free/css/all.min.css HTTP/1.1" 200 58578
INFO "GET /static/plugins/jquery/jquery.min.js HTTP/1.1" 200 88145
INFO "GET /static/dist/css/adminlte.min.css HTTP/1.1" 200 689621
INFO "GET /static/plugins/select2/css/select2.min.css HTTP/1.1" 200 14966
INFO "GET /static/plugins/daterangepicker/daterangepicker.css HTTP/1.1" 200 8063
INFO "GET /static/dist/img/AdminLTELogo.png HTTP/1.1" 200 10380
INFO "GET /static/plugins/chart.js/Chart.min.js HTTP/1.1" 200 172812
INFO "GET /static/plugins/fontawesome-free/webfonts/fa-solid-900.woff2 HTTP/1.1" 200 79444
INFO "GET /static/plugins/moment/moment.min.js HTTP/1.1" 200 53324
INFO "GET /static/plugins/select2/js/select2.full.min.js HTTP/1.1" 200 79172
INFO "GET /static/plugins/inputmask/min/jquery.inputmask.bundle.min.js HTTP/1.1" 200 118400
INFO [GET] method: 2020-12-05 14:15:36 ,ip: 127.0.0.1,	path: /media/profile_pic/DSC_0487.JPG,	user_id: 2,	sesion_id: yz56ly7buvmc5egtp5d90a7vknqdz90h	
INFO "GET /static/dist/js/adminlte.min.js HTTP/1.1" 200 25193
INFO "GET /static/plugins/daterangepicker/daterangepicker.js HTTP/1.1" 200 67268
INFO "GET /static/plugins/bootstrap/js/bootstrap.bundle.min.js HTTP/1.1" 200 80698
INFO "GET /media/profile_pic/DSC_0487.JPG HTTP/1.1" 200 4672255
INFO [GET] method: 2020-12-05 14:15:36 ,ip: 127.0.0.1,	path: /financial/get_report_data/,	user_id: 2,	sesion_id: yz56ly7buvmc5egtp5d90a7vknqdz90h	
INFO [GET] method: 2020-12-05 14:15:37 ,ip: 127.0.0.1,	path: /favicon.ico,	user_id: 2,	sesion_id: yz56ly7buvmc5egtp5d90a7vknqdz90h	
INFO "GET /financial/get_report_data/?period=30&m_name=Account&field=name HTTP/1.1" 200 471
INFO "GET /favicon.ico HTTP/1.1" 302 0
INFO [GET] method: 2020-12-05 14:15:37 ,ip: 127.0.0.1,	path: /,	user_id: 2,	sesion_id: yz56ly7buvmc5egtp5d90a7vknqdz90h	
INFO "GET /?warning=unauthorizated_user HTTP/1.1" 200 169371
INFO [GET] method: 2020-12-05 14:15:42 ,ip: 127.0.0.1,	path: /financial/multi_transaction_add/,	user_id: 2,	sesion_id: yz56ly7buvmc5egtp5d90a7vknqdz90h	
INFO "GET /financial/multi_transaction_add/ HTTP/1.1" 200 81007
INFO "GET /static/plugins/tempusdominus-bootstrap-4/js/tempusdominus-bootstrap-4.min.js HTTP/1.1" 200 56879
INFO "GET /static/plugins/tempusdominus-bootstrap-4/css/tempusdominus-bootstrap-4.min.css HTTP/1.1" 200 9063
INFO [GET] method: 2020-12-05 14:15:43 ,ip: 127.0.0.1,	path: /favicon.ico,	user_id: 2,	sesion_id: yz56ly7buvmc5egtp5d90a7vknqdz90h	
INFO "GET /favicon.ico HTTP/1.1" 302 0
INFO [GET] method: 2020-12-05 14:15:43 ,ip: 127.0.0.1,	path: /,	user_id: 2,	sesion_id: yz56ly7buvmc5egtp5d90a7vknqdz90h	
INFO "GET /?warning=unauthorizated_user HTTP/1.1" 200 169371
INFO [POST] method: 2020-12-05 14:16:52 ,ip: 127.0.0.1,	path: /financial/multi_transaction_add/,	user_id: 2,	sesion_id: yz56ly7buvmc5egtp5d90a7vknqdz90h	
INFO "POST /financial/multi_transaction_add/ HTTP/1.1" 302 0
INFO [GET] method: 2020-12-05 14:16:53 ,ip: 127.0.0.1,	path: /financial/multi_transaction_add/,	user_id: 2,	sesion_id: yz56ly7buvmc5egtp5d90a7vknqdz90h	
INFO "GET /financial/multi_transaction_add/?account=8&date=2020-12-01&time=14:15:00&category=29&corporation=30&desc=&tr_type=1&amount=5 HTTP/1.1" 200 81013
INFO [GET] method: 2020-12-05 14:16:53 ,ip: 127.0.0.1,	path: /favicon.ico,	user_id: 2,	sesion_id: yz56ly7buvmc5egtp5d90a7vknqdz90h	
INFO "GET /favicon.ico HTTP/1.1" 302 0
INFO [GET] method: 2020-12-05 14:16:53 ,ip: 127.0.0.1,	path: /,	user_id: 2,	sesion_id: yz56ly7buvmc5egtp5d90a7vknqdz90h	
INFO "GET /?warning=unauthorizated_user HTTP/1.1" 200 169371
INFO [POST] method: 2020-12-05 14:17:14 ,ip: 127.0.0.1,	path: /financial/multi_transaction_add/,	user_id: 2,	sesion_id: yz56ly7buvmc5egtp5d90a7vknqdz90h	
INFO "POST /financial/multi_transaction_add/?account=8&date=2020-12-01&time=14:15:00&category=29&corporation=30&desc=&tr_type=1&amount=5 HTTP/1.1" 302 0
INFO [GET] method: 2020-12-05 14:17:14 ,ip: 127.0.0.1,	path: /financial/multi_transaction_add/,	user_id: 2,	sesion_id: yz56ly7buvmc5egtp5d90a7vknqdz90h	
INFO "GET /financial/multi_transaction_add/?account=8&date=2020-12-04&time=14:15:00&category=47&corporation=164&desc=&tr_type=2&amount=2095 HTTP/1.1" 200 81024
INFO [GET] method: 2020-12-05 14:17:14 ,ip: 127.0.0.1,	path: /favicon.ico,	user_id: 2,	sesion_id: yz56ly7buvmc5egtp5d90a7vknqdz90h	
INFO "GET /favicon.ico HTTP/1.1" 302 0
INFO [GET] method: 2020-12-05 14:17:14 ,ip: 127.0.0.1,	path: /,	user_id: 2,	sesion_id: yz56ly7buvmc5egtp5d90a7vknqdz90h	
INFO "GET /?warning=unauthorizated_user HTTP/1.1" 200 169371
INFO [POST] method: 2020-12-05 14:17:34 ,ip: 127.0.0.1,	path: /financial/multi_transaction_add/,	user_id: 2,	sesion_id: yz56ly7buvmc5egtp5d90a7vknqdz90h	
INFO "POST /financial/multi_transaction_add/?account=8&date=2020-12-04&time=14:15:00&category=47&corporation=164&desc=&tr_type=2&amount=2095 HTTP/1.1" 302 0
INFO [GET] method: 2020-12-05 14:17:35 ,ip: 127.0.0.1,	path: /financial/multi_transaction_add/,	user_id: 2,	sesion_id: yz56ly7buvmc5egtp5d90a7vknqdz90h	
INFO [POST] method: 2020-12-05 14:17:36 ,ip: 127.0.0.1,	path: /financial/multi_transaction_add/,	user_id: 2,	sesion_id: yz56ly7buvmc5egtp5d90a7vknqdz90h	
INFO "POST /financial/multi_transaction_add/?account=8&date=2020-12-04&time=14:15:00&category=47&corporation=164&desc=&tr_type=2&amount=2095 HTTP/1.1" 302 0
INFO [GET] method: 2020-12-05 14:17:37 ,ip: 127.0.0.1,	path: /financial/multi_transaction_add/,	user_id: 2,	sesion_id: yz56ly7buvmc5egtp5d90a7vknqdz90h	
INFO "GET /financial/multi_transaction_add/?account=8&date=2020-12-04&time=13:15:00&category=12&corporation=30&desc=&tr_type=1&amount=20 HTTP/1.1" 200 81022
INFO [GET] method: 2020-12-05 14:17:38 ,ip: 127.0.0.1,	path: /favicon.ico,	user_id: 2,	sesion_id: yz56ly7buvmc5egtp5d90a7vknqdz90h	
INFO "GET /favicon.ico HTTP/1.1" 302 0
INFO [GET] method: 2020-12-05 14:17:39 ,ip: 127.0.0.1,	path: /,	user_id: 2,	sesion_id: yz56ly7buvmc5egtp5d90a7vknqdz90h	
INFO "GET /?warning=unauthorizated_user HTTP/1.1" 200 169371
INFO [POST] method: 2020-12-05 14:18:05 ,ip: 127.0.0.1,	path: /financial/multi_transaction_add/,	user_id: 2,	sesion_id: yz56ly7buvmc5egtp5d90a7vknqdz90h	
INFO "POST /financial/multi_transaction_add/?account=8&date=2020-12-04&time=13:15:00&category=12&corporation=30&desc=&tr_type=1&amount=20 HTTP/1.1" 302 0
INFO [GET] method: 2020-12-05 14:18:07 ,ip: 127.0.0.1,	path: /financial/multi_transaction_add/,	user_id: 2,	sesion_id: yz56ly7buvmc5egtp5d90a7vknqdz90h	
INFO "GET /financial/multi_transaction_add/?account=8&date=2020-12-04&time=15:15:00&category=40&corporation=77&desc=&tr_type=1&amount=200 HTTP/1.1" 200 81026
INFO [GET] method: 2020-12-05 14:18:07 ,ip: 127.0.0.1,	path: /favicon.ico,	user_id: 2,	sesion_id: yz56ly7buvmc5egtp5d90a7vknqdz90h	
INFO "GET /favicon.ico HTTP/1.1" 302 0
INFO [GET] method: 2020-12-05 14:18:07 ,ip: 127.0.0.1,	path: /,	user_id: 2,	sesion_id: yz56ly7buvmc5egtp5d90a7vknqdz90h	
INFO "GET /?warning=unauthorizated_user HTTP/1.1" 200 169371
INFO [POST] method: 2020-12-05 14:19:36 ,ip: 127.0.0.1,	path: /financial/multi_transaction_add/,	user_id: 2,	sesion_id: yz56ly7buvmc5egtp5d90a7vknqdz90h	
INFO "POST /financial/multi_transaction_add/?account=8&date=2020-12-04&time=15:15:00&category=40&corporation=77&desc=&tr_type=1&amount=200 HTTP/1.1" 302 0
INFO [GET] method: 2020-12-05 14:19:37 ,ip: 127.0.0.1,	path: /financial/multi_transaction_add/,	user_id: 2,	sesion_id: yz56ly7buvmc5egtp5d90a7vknqdz90h	
INFO "GET /financial/multi_transaction_add/?account=8&date=2020-12-04&time=20:15:00&category=29&corporation=53&desc=Sigara&tr_type=1&amount=18.5 HTTP/1.1" 200 81047
INFO [GET] method: 2020-12-05 14:19:37 ,ip: 127.0.0.1,	path: /favicon.ico,	user_id: 2,	sesion_id: yz56ly7buvmc5egtp5d90a7vknqdz90h	
INFO "GET /favicon.ico HTTP/1.1" 302 0
INFO [GET] method: 2020-12-05 14:19:37 ,ip: 127.0.0.1,	path: /,	user_id: 2,	sesion_id: yz56ly7buvmc5egtp5d90a7vknqdz90h	
INFO "GET /?warning=unauthorizated_user HTTP/1.1" 200 169371
INFO [GET] method: 2020-12-05 14:21:33 ,ip: 127.0.0.1,	path: /financial/,	user_id: 2,	sesion_id: yz56ly7buvmc5egtp5d90a7vknqdz90h	
INFO "GET /financial/ HTTP/1.1" 200 40101
INFO [GET] method: 2020-12-05 14:21:33 ,ip: 127.0.0.1,	path: /financial/get_report_data/,	user_id: 2,	sesion_id: yz56ly7buvmc5egtp5d90a7vknqdz90h	
INFO [GET] method: 2020-12-05 14:21:33 ,ip: 127.0.0.1,	path: /financial/get_report_data/,	user_id: 2,	sesion_id: yz56ly7buvmc5egtp5d90a7vknqdz90h	
INFO [GET] method: 2020-12-05 14:21:33 ,ip: 127.0.0.1,	path: /financial/get_report_data/,	user_id: 2,	sesion_id: yz56ly7buvmc5egtp5d90a7vknqdz90h	
INFO [GET] method: 2020-12-05 14:21:33 ,ip: 127.0.0.1,	path: /financial/get_report_data/,	user_id: 2,	sesion_id: yz56ly7buvmc5egtp5d90a7vknqdz90h	
INFO [GET] method: 2020-12-05 14:21:33 ,ip: 127.0.0.1,	path: /financial/get_report_data/,	user_id: 2,	sesion_id: yz56ly7buvmc5egtp5d90a7vknqdz90h	
INFO "GET /financial/get_report_data/?period=30&m_name=Transaction&field=corporation&type_id=2 HTTP/1.1" 200 182
INFO [GET] method: 2020-12-05 14:21:34 ,ip: 127.0.0.1,	path: /favicon.ico,	user_id: 2,	sesion_id: yz56ly7buvmc5egtp5d90a7vknqdz90h	
INFO "GET /favicon.ico HTTP/1.1" 302 0
INFO "GET /financial/get_report_data/?period=30&m_name=Account&field=name&type_id= HTTP/1.1" 200 473
INFO "GET /financial/get_report_data/?period=30&m_name=Transaction&field=category&type_id=1 HTTP/1.1" 200 348
INFO [GET] method: 2020-12-05 14:21:34 ,ip: 127.0.0.1,	path: /,	user_id: 2,	sesion_id: yz56ly7buvmc5egtp5d90a7vknqdz90h	
INFO "GET /financial/get_report_data/?period=30&m_name=Transaction&field=account&type_id=1 HTTP/1.1" 200 210
INFO "GET /financial/get_report_data/?period=30&m_name=Transaction&field=corporation&type_id=1 HTTP/1.1" 200 352
INFO "GET /?warning=unauthorizated_user HTTP/1.1" 200 169371
INFO [GET] method: 2020-12-05 14:22:49 ,ip: 127.0.0.1,	path: /financial/,	user_id: 2,	sesion_id: yz56ly7buvmc5egtp5d90a7vknqdz90h	
INFO "GET /financial/ HTTP/1.1" 200 40101
INFO [GET] method: 2020-12-05 14:22:50 ,ip: 127.0.0.1,	path: /financial/get_report_data/,	user_id: 2,	sesion_id: yz56ly7buvmc5egtp5d90a7vknqdz90h	
INFO [GET] method: 2020-12-05 14:22:50 ,ip: 127.0.0.1,	path: /financial/get_report_data/,	user_id: 2,	sesion_id: yz56ly7buvmc5egtp5d90a7vknqdz90h	
INFO "GET /financial/get_report_data/?period=30&m_name=Account&field=name&type_id= HTTP/1.1" 200 473
INFO [GET] method: 2020-12-05 14:22:50 ,ip: 127.0.0.1,	path: /financial/get_report_data/,	user_id: 2,	sesion_id: yz56ly7buvmc5egtp5d90a7vknqdz90h	
INFO [GET] method: 2020-12-05 14:22:50 ,ip: 127.0.0.1,	path: /favicon.ico,	user_id: 2,	sesion_id: yz56ly7buvmc5egtp5d90a7vknqdz90h	
INFO "GET /favicon.ico HTTP/1.1" 302 0
INFO [GET] method: 2020-12-05 14:22:50 ,ip: 127.0.0.1,	path: /financial/get_report_data/,	user_id: 2,	sesion_id: yz56ly7buvmc5egtp5d90a7vknqdz90h	
INFO [GET] method: 2020-12-05 14:22:50 ,ip: 127.0.0.1,	path: /,	user_id: 2,	sesion_id: yz56ly7buvmc5egtp5d90a7vknqdz90h	
INFO [GET] method: 2020-12-05 14:22:50 ,ip: 127.0.0.1,	path: /financial/get_report_data/,	user_id: 2,	sesion_id: yz56ly7buvmc5egtp5d90a7vknqdz90h	
INFO "GET /financial/get_report_data/?period=30&m_name=Transaction&field=corporation&type_id=2 HTTP/1.1" 200 182
INFO "GET /financial/get_report_data/?period=30&m_name=Transaction&field=corporation&type_id=1 HTTP/1.1" 200 352
INFO "GET /financial/get_report_data/?period=30&m_name=Transaction&field=account&type_id=1 HTTP/1.1" 200 210
INFO "GET /financial/get_report_data/?period=30&m_name=Transaction&field=category&type_id=1 HTTP/1.1" 200 348
INFO "GET /?warning=unauthorizated_user HTTP/1.1" 200 169371
INFO [GET] method: 2020-12-05 14:22:59 ,ip: 127.0.0.1,	path: /list/Transaction/,	user_id: 2,	sesion_id: yz56ly7buvmc5egtp5d90a7vknqdz90h	
INFO "GET /list/Transaction/ HTTP/1.1" 200 175768
INFO [GET] method: 2020-12-05 14:23:00 ,ip: 127.0.0.1,	path: /favicon.ico,	user_id: 2,	sesion_id: yz56ly7buvmc5egtp5d90a7vknqdz90h	
INFO "GET /favicon.ico HTTP/1.1" 302 0
INFO [GET] method: 2020-12-05 14:23:00 ,ip: 127.0.0.1,	path: /,	user_id: 2,	sesion_id: yz56ly7buvmc5egtp5d90a7vknqdz90h	
INFO "GET /?warning=unauthorizated_user HTTP/1.1" 200 169371
INFO [GET] method: 2020-12-05 14:24:22 ,ip: 127.0.0.1,	path: /detail/Transaction/2669/,	user_id: 2,	sesion_id: yz56ly7buvmc5egtp5d90a7vknqdz90h	
INFO "GET /detail/Transaction/2669/ HTTP/1.1" 200 38180
INFO [GET] method: 2020-12-05 14:24:22 ,ip: 127.0.0.1,	path: /favicon.ico,	user_id: 2,	sesion_id: yz56ly7buvmc5egtp5d90a7vknqdz90h	
INFO "GET /favicon.ico HTTP/1.1" 302 0
INFO [GET] method: 2020-12-05 14:24:22 ,ip: 127.0.0.1,	path: /,	user_id: 2,	sesion_id: yz56ly7buvmc5egtp5d90a7vknqdz90h	
INFO "GET /?warning=unauthorizated_user HTTP/1.1" 200 169371
ERROR Internal Server Error: /
Traceback (most recent call last):
  File "D:\Talha\Masaüstü\Masaüstü\Kodlama\venv\lib\site-packages\django\db\backends\utils.py", line 84, in _execute
    return self.cursor.execute(sql, params)
  File "D:\Talha\Masaüstü\Masaüstü\Kodlama\venv\lib\site-packages\django\db\backends\sqlite3\base.py", line 413, in execute
    return Database.Cursor.execute(self, query, params)
sqlite3.OperationalError: database is locked

The above exception was the direct cause of the following exception:

Traceback (most recent call last):
  File "D:\Talha\Masaüstü\Masaüstü\Kodlama\venv\lib\site-packages\django\core\handlers\exception.py", line 47, in inner
    response = get_response(request)
  File "D:\Talha\Masaüstü\Masaüstü\Kodlama\venv\lib\site-packages\django\utils\deprecation.py", line 113, in __call__
    response = self.process_request(request)
  File "D:\Talha\Masaüstü\Masaüstü\Kodlama\myERP\functions\logger.py", line 33, in process_request
    model.objects.create(date=date,time=time,ip=ip,action=method,web_address=path,user_id=user_id,session=session,csrftoken=csrftoken)
  File "D:\Talha\Masaüstü\Masaüstü\Kodlama\venv\lib\site-packages\django\db\models\manager.py", line 85, in manager_method
    return getattr(self.get_queryset(), name)(*args, **kwargs)
  File "D:\Talha\Masaüstü\Masaüstü\Kodlama\venv\lib\site-packages\django\db\models\query.py", line 447, in create
    obj.save(force_insert=True, using=self.db)
  File "D:\Talha\Masaüstü\Masaüstü\Kodlama\venv\lib\site-packages\django\db\models\base.py", line 753, in save
    self.save_base(using=using, force_insert=force_insert,
  File "D:\Talha\Masaüstü\Masaüstü\Kodlama\venv\lib\site-packages\django\db\models\base.py", line 790, in save_base
    updated = self._save_table(
  File "D:\Talha\Masaüstü\Masaüstü\Kodlama\venv\lib\site-packages\django\db\models\base.py", line 895, in _save_table
    results = self._do_insert(cls._base_manager, using, fields, returning_fields, raw)
  File "D:\Talha\Masaüstü\Masaüstü\Kodlama\venv\lib\site-packages\django\db\models\base.py", line 933, in _do_insert
    return manager._insert(
  File "D:\Talha\Masaüstü\Masaüstü\Kodlama\venv\lib\site-packages\django\db\models\manager.py", line 85, in manager_method
    return getattr(self.get_queryset(), name)(*args, **kwargs)
  File "D:\Talha\Masaüstü\Masaüstü\Kodlama\venv\lib\site-packages\django\db\models\query.py", line 1254, in _insert
    return query.get_compiler(using=using).execute_sql(returning_fields)
  File "D:\Talha\Masaüstü\Masaüstü\Kodlama\venv\lib\site-packages\django\db\models\sql\compiler.py", line 1397, in execute_sql
    cursor.execute(sql, params)
  File "D:\Talha\Masaüstü\Masaüstü\Kodlama\venv\lib\site-packages\django\db\backends\utils.py", line 98, in execute
    return super().execute(sql, params)
  File "D:\Talha\Masaüstü\Masaüstü\Kodlama\venv\lib\site-packages\django\db\backends\utils.py", line 66, in execute
    return self._execute_with_wrappers(sql, params, many=False, executor=self._execute)
  File "D:\Talha\Masaüstü\Masaüstü\Kodlama\venv\lib\site-packages\django\db\backends\utils.py", line 75, in _execute_with_wrappers
    return executor(sql, params, many, context)
  File "D:\Talha\Masaüstü\Masaüstü\Kodlama\venv\lib\site-packages\django\db\backends\utils.py", line 84, in _execute
    return self.cursor.execute(sql, params)
  File "D:\Talha\Masaüstü\Masaüstü\Kodlama\venv\lib\site-packages\django\db\utils.py", line 90, in __exit__
    raise dj_exc_value.with_traceback(traceback) from exc_value
  File "D:\Talha\Masaüstü\Masaüstü\Kodlama\venv\lib\site-packages\django\db\backends\utils.py", line 84, in _execute
    return self.cursor.execute(sql, params)
  File "D:\Talha\Masaüstü\Masaüstü\Kodlama\venv\lib\site-packages\django\db\backends\sqlite3\base.py", line 413, in execute
    return Database.Cursor.execute(self, query, params)
django.db.utils.OperationalError: database is locked
ERROR Internal Server Error: /list/Transaction/
Traceback (most recent call last):
  File "D:\Talha\Masaüstü\Masaüstü\Kodlama\venv\lib\site-packages\django\db\backends\utils.py", line 84, in _execute
    return self.cursor.execute(sql, params)
  File "D:\Talha\Masaüstü\Masaüstü\Kodlama\venv\lib\site-packages\django\db\backends\sqlite3\base.py", line 413, in execute
    return Database.Cursor.execute(self, query, params)
sqlite3.OperationalError: database is locked

The above exception was the direct cause of the following exception:

Traceback (most recent call last):
  File "D:\Talha\Masaüstü\Masaüstü\Kodlama\venv\lib\site-packages\django\core\handlers\exception.py", line 47, in inner
    response = get_response(request)
  File "D:\Talha\Masaüstü\Masaüstü\Kodlama\venv\lib\site-packages\django\utils\deprecation.py", line 113, in __call__
    response = self.process_request(request)
  File "D:\Talha\Masaüstü\Masaüstü\Kodlama\myERP\functions\logger.py", line 33, in process_request
    model.objects.create(date=date,time=time,ip=ip,action=method,web_address=path,user_id=user_id,session=session,csrftoken=csrftoken)
  File "D:\Talha\Masaüstü\Masaüstü\Kodlama\venv\lib\site-packages\django\db\models\manager.py", line 85, in manager_method
    return getattr(self.get_queryset(), name)(*args, **kwargs)
  File "D:\Talha\Masaüstü\Masaüstü\Kodlama\venv\lib\site-packages\django\db\models\query.py", line 447, in create
    obj.save(force_insert=True, using=self.db)
  File "D:\Talha\Masaüstü\Masaüstü\Kodlama\venv\lib\site-packages\django\db\models\base.py", line 753, in save
    self.save_base(using=using, force_insert=force_insert,
  File "D:\Talha\Masaüstü\Masaüstü\Kodlama\venv\lib\site-packages\django\db\models\base.py", line 790, in save_base
    updated = self._save_table(
  File "D:\Talha\Masaüstü\Masaüstü\Kodlama\venv\lib\site-packages\django\db\models\base.py", line 895, in _save_table
    results = self._do_insert(cls._base_manager, using, fields, returning_fields, raw)
  File "D:\Talha\Masaüstü\Masaüstü\Kodlama\venv\lib\site-packages\django\db\models\base.py", line 933, in _do_insert
    return manager._insert(
  File "D:\Talha\Masaüstü\Masaüstü\Kodlama\venv\lib\site-packages\django\db\models\manager.py", line 85, in manager_method
    return getattr(self.get_queryset(), name)(*args, **kwargs)
  File "D:\Talha\Masaüstü\Masaüstü\Kodlama\venv\lib\site-packages\django\db\models\query.py", line 1254, in _insert
    return query.get_compiler(using=using).execute_sql(returning_fields)
  File "D:\Talha\Masaüstü\Masaüstü\Kodlama\venv\lib\site-packages\django\db\models\sql\compiler.py", line 1397, in execute_sql
    cursor.execute(sql, params)
  File "D:\Talha\Masaüstü\Masaüstü\Kodlama\venv\lib\site-packages\django\db\backends\utils.py", line 98, in execute
    return super().execute(sql, params)
  File "D:\Talha\Masaüstü\Masaüstü\Kodlama\venv\lib\site-packages\django\db\backends\utils.py", line 66, in execute
    return self._execute_with_wrappers(sql, params, many=False, executor=self._execute)
  File "D:\Talha\Masaüstü\Masaüstü\Kodlama\venv\lib\site-packages\django\db\backends\utils.py", line 75, in _execute_with_wrappers
    return executor(sql, params, many, context)
  File "D:\Talha\Masaüstü\Masaüstü\Kodlama\venv\lib\site-packages\django\db\backends\utils.py", line 84, in _execute
    return self.cursor.execute(sql, params)
  File "D:\Talha\Masaüstü\Masaüstü\Kodlama\venv\lib\site-packages\django\db\utils.py", line 90, in __exit__
    raise dj_exc_value.with_traceback(traceback) from exc_value
  File "D:\Talha\Masaüstü\Masaüstü\Kodlama\venv\lib\site-packages\django\db\backends\utils.py", line 84, in _execute
    return self.cursor.execute(sql, params)
  File "D:\Talha\Masaüstü\Masaüstü\Kodlama\venv\lib\site-packages\django\db\backends\sqlite3\base.py", line 413, in execute
    return Database.Cursor.execute(self, query, params)
django.db.utils.OperationalError: database is locked
ERROR "GET /list/Transaction/ HTTP/1.1" 500 167555
INFO [GET] method: 2020-12-05 14:25:24 ,ip: 127.0.0.1,	path: /favicon.ico,	user_id: 2,	sesion_id: yz56ly7buvmc5egtp5d90a7vknqdz90h	
INFO "GET /favicon.ico HTTP/1.1" 302 0
INFO [GET] method: 2020-12-05 14:25:29 ,ip: 127.0.0.1,	path: /,	user_id: 2,	sesion_id: yz56ly7buvmc5egtp5d90a7vknqdz90h	
INFO "GET /?warning=unauthorizated_user HTTP/1.1" 200 169371
INFO [GET] method: 2020-12-05 14:25:36 ,ip: 127.0.0.1,	path: /list/Transaction/,	user_id: 2,	sesion_id: yz56ly7buvmc5egtp5d90a7vknqdz90h	
INFO "GET /list/Transaction/ HTTP/1.1" 200 175771
INFO [GET] method: 2020-12-05 14:25:37 ,ip: 127.0.0.1,	path: /favicon.ico,	user_id: 2,	sesion_id: yz56ly7buvmc5egtp5d90a7vknqdz90h	
INFO "GET /favicon.ico HTTP/1.1" 302 0
INFO [GET] method: 2020-12-05 14:25:37 ,ip: 127.0.0.1,	path: /,	user_id: 2,	sesion_id: yz56ly7buvmc5egtp5d90a7vknqdz90h	
INFO "GET /?warning=unauthorizated_user HTTP/1.1" 200 169371
INFO [GET] method: 2020-12-05 14:28:40 ,ip: 127.0.0.1,	path: /list/Transaction/,	user_id: 2,	sesion_id: yz56ly7buvmc5egtp5d90a7vknqdz90h	
INFO "GET /list/Transaction/ HTTP/1.1" 200 175771
INFO [GET] method: 2020-12-05 14:28:43 ,ip: 127.0.0.1,	path: /favicon.ico,	user_id: 2,	sesion_id: yz56ly7buvmc5egtp5d90a7vknqdz90h	
INFO "GET /favicon.ico HTTP/1.1" 302 0
INFO [GET] method: 2020-12-05 14:28:43 ,ip: 127.0.0.1,	path: /,	user_id: 2,	sesion_id: yz56ly7buvmc5egtp5d90a7vknqdz90h	
INFO "GET /?warning=unauthorizated_user HTTP/1.1" 200 169371
INFO [GET] method: 2020-12-05 14:28:47 ,ip: 127.0.0.1,	path: /detail/Transaction/2656/,	user_id: 2,	sesion_id: yz56ly7buvmc5egtp5d90a7vknqdz90h	
INFO "GET /detail/Transaction/2656/ HTTP/1.1" 200 38199
INFO [GET] method: 2020-12-05 14:28:48 ,ip: 127.0.0.1,	path: /favicon.ico,	user_id: 2,	sesion_id: yz56ly7buvmc5egtp5d90a7vknqdz90h	
INFO "GET /favicon.ico HTTP/1.1" 302 0
INFO [GET] method: 2020-12-05 14:28:48 ,ip: 127.0.0.1,	path: /,	user_id: 2,	sesion_id: yz56ly7buvmc5egtp5d90a7vknqdz90h	
INFO "GET /?warning=unauthorizated_user HTTP/1.1" 200 169371
INFO [POST] method: 2020-12-05 14:30:41 ,ip: 127.0.0.1,	path: /financial/multi_transaction_add/,	user_id: 2,	sesion_id: yz56ly7buvmc5egtp5d90a7vknqdz90h	
INFO "POST /financial/multi_transaction_add/?account=8&date=2020-12-04&time=20:15:00&category=29&corporation=53&desc=Sigara&tr_type=1&amount=18.5 HTTP/1.1" 302 0
INFO [GET] method: 2020-12-05 14:30:42 ,ip: 127.0.0.1,	path: /financial/multi_transaction_add/,	user_id: 2,	sesion_id: yz56ly7buvmc5egtp5d90a7vknqdz90h	
INFO "GET /financial/multi_transaction_add/?account=2&date=2020-11-30&time=20:15:00&category=29&corporation=164&desc=&tr_type=1&amount=21.85 HTTP/1.1" 200 81033
INFO [GET] method: 2020-12-05 14:30:42 ,ip: 127.0.0.1,	path: /favicon.ico,	user_id: 2,	sesion_id: yz56ly7buvmc5egtp5d90a7vknqdz90h	
INFO "GET /favicon.ico HTTP/1.1" 302 0
INFO [GET] method: 2020-12-05 14:30:43 ,ip: 127.0.0.1,	path: /,	user_id: 2,	sesion_id: yz56ly7buvmc5egtp5d90a7vknqdz90h	
INFO "GET /?warning=unauthorizated_user HTTP/1.1" 200 169371
INFO [POST] method: 2020-12-05 14:31:21 ,ip: 127.0.0.1,	path: /financial/multi_transaction_add/,	user_id: 2,	sesion_id: yz56ly7buvmc5egtp5d90a7vknqdz90h	
INFO "POST /financial/multi_transaction_add/?account=2&date=2020-11-30&time=20:15:00&category=29&corporation=164&desc=&tr_type=1&amount=21.85 HTTP/1.1" 302 0
INFO [GET] method: 2020-12-05 14:31:22 ,ip: 127.0.0.1,	path: /financial/multi_transaction_add/,	user_id: 2,	sesion_id: yz56ly7buvmc5egtp5d90a7vknqdz90h	
INFO "GET /financial/multi_transaction_add/?account=2&date=2020-12-01&time=18:15:00&category=29&corporation=18&desc=Sigara&tr_type=1&amount=17 HTTP/1.1" 200 81045
INFO [GET] method: 2020-12-05 14:31:22 ,ip: 127.0.0.1,	path: /favicon.ico,	user_id: 2,	sesion_id: yz56ly7buvmc5egtp5d90a7vknqdz90h	
INFO "GET /favicon.ico HTTP/1.1" 302 0
INFO [GET] method: 2020-12-05 14:31:23 ,ip: 127.0.0.1,	path: /,	user_id: 2,	sesion_id: yz56ly7buvmc5egtp5d90a7vknqdz90h	
INFO "GET /?warning=unauthorizated_user HTTP/1.1" 200 169371
INFO [POST] method: 2020-12-05 14:31:47 ,ip: 127.0.0.1,	path: /financial/multi_transaction_add/,	user_id: 2,	sesion_id: yz56ly7buvmc5egtp5d90a7vknqdz90h	
INFO "POST /financial/multi_transaction_add/?account=2&date=2020-12-01&time=18:15:00&category=29&corporation=18&desc=Sigara&tr_type=1&amount=17 HTTP/1.1" 302 0
INFO [GET] method: 2020-12-05 14:31:48 ,ip: 127.0.0.1,	path: /financial/multi_transaction_add/,	user_id: 2,	sesion_id: yz56ly7buvmc5egtp5d90a7vknqdz90h	
INFO "GET /financial/multi_transaction_add/?account=2&date=2020-12-01&time=18:16:00&category=29&corporation=17&desc=Sigara&tr_type=1&amount=28.3 HTTP/1.1" 200 81047
INFO [GET] method: 2020-12-05 14:31:48 ,ip: 127.0.0.1,	path: /favicon.ico,	user_id: 2,	sesion_id: yz56ly7buvmc5egtp5d90a7vknqdz90h	
INFO "GET /favicon.ico HTTP/1.1" 302 0
INFO [GET] method: 2020-12-05 14:31:48 ,ip: 127.0.0.1,	path: /,	user_id: 2,	sesion_id: yz56ly7buvmc5egtp5d90a7vknqdz90h	
INFO "GET /?warning=unauthorizated_user HTTP/1.1" 200 169371
INFO [POST] method: 2020-12-05 14:32:20 ,ip: 127.0.0.1,	path: /financial/multi_transaction_add/,	user_id: 2,	sesion_id: yz56ly7buvmc5egtp5d90a7vknqdz90h	
INFO "POST /financial/multi_transaction_add/?account=2&date=2020-12-01&time=18:16:00&category=29&corporation=17&desc=Sigara&tr_type=1&amount=28.3 HTTP/1.1" 302 0
INFO [GET] method: 2020-12-05 14:32:21 ,ip: 127.0.0.1,	path: /financial/multi_transaction_add/,	user_id: 2,	sesion_id: yz56ly7buvmc5egtp5d90a7vknqdz90h	
INFO "GET /financial/multi_transaction_add/?account=2&date=2020-12-02&time=18:16:00&category=43&corporation=111&desc=&tr_type=1&amount=150 HTTP/1.1" 200 81031
INFO [GET] method: 2020-12-05 14:32:22 ,ip: 127.0.0.1,	path: /favicon.ico,	user_id: 2,	sesion_id: yz56ly7buvmc5egtp5d90a7vknqdz90h	
INFO "GET /favicon.ico HTTP/1.1" 302 0
INFO [GET] method: 2020-12-05 14:32:22 ,ip: 127.0.0.1,	path: /,	user_id: 2,	sesion_id: yz56ly7buvmc5egtp5d90a7vknqdz90h	
INFO "GET /?warning=unauthorizated_user HTTP/1.1" 200 169371
INFO [POST] method: 2020-12-05 14:32:41 ,ip: 127.0.0.1,	path: /financial/multi_transaction_add/,	user_id: 2,	sesion_id: yz56ly7buvmc5egtp5d90a7vknqdz90h	
INFO "POST /financial/multi_transaction_add/?account=2&date=2020-12-02&time=18:16:00&category=43&corporation=111&desc=&tr_type=1&amount=150 HTTP/1.1" 302 0
INFO [GET] method: 2020-12-05 14:32:41 ,ip: 127.0.0.1,	path: /financial/multi_transaction_add/,	user_id: 2,	sesion_id: yz56ly7buvmc5egtp5d90a7vknqdz90h	
INFO "GET /financial/multi_transaction_add/?account=2&date=2020-12-04&time=18:16:00&category=40&corporation=101&desc=&tr_type=1&amount=140 HTTP/1.1" 200 81031
INFO [GET] method: 2020-12-05 14:32:42 ,ip: 127.0.0.1,	path: /favicon.ico,	user_id: 2,	sesion_id: yz56ly7buvmc5egtp5d90a7vknqdz90h	
INFO "GET /favicon.ico HTTP/1.1" 302 0
INFO [GET] method: 2020-12-05 14:32:42 ,ip: 127.0.0.1,	path: /,	user_id: 2,	sesion_id: yz56ly7buvmc5egtp5d90a7vknqdz90h	
INFO "GET /?warning=unauthorizated_user HTTP/1.1" 200 169371
INFO [POST] method: 2020-12-05 14:32:57 ,ip: 127.0.0.1,	path: /financial/multi_transaction_add/,	user_id: 2,	sesion_id: yz56ly7buvmc5egtp5d90a7vknqdz90h	
INFO "POST /financial/multi_transaction_add/?account=2&date=2020-12-04&time=18:16:00&category=40&corporation=101&desc=&tr_type=1&amount=140 HTTP/1.1" 302 0
INFO [GET] method: 2020-12-05 14:32:58 ,ip: 127.0.0.1,	path: /financial/multi_transaction_add/,	user_id: 2,	sesion_id: yz56ly7buvmc5egtp5d90a7vknqdz90h	
INFO "GET /financial/multi_transaction_add/?account=2&date=2020-12-04&time=18:16:00&category=40&corporation=154&desc=&tr_type=2&amount=200 HTTP/1.1" 200 81031
INFO [GET] method: 2020-12-05 14:32:59 ,ip: 127.0.0.1,	path: /favicon.ico,	user_id: 2,	sesion_id: yz56ly7buvmc5egtp5d90a7vknqdz90h	
INFO "GET /favicon.ico HTTP/1.1" 302 0
INFO [GET] method: 2020-12-05 14:32:59 ,ip: 127.0.0.1,	path: /,	user_id: 2,	sesion_id: yz56ly7buvmc5egtp5d90a7vknqdz90h	
INFO "GET /?warning=unauthorizated_user HTTP/1.1" 200 169371
INFO [POST] method: 2020-12-05 14:33:34 ,ip: 127.0.0.1,	path: /financial/multi_transaction_add/,	user_id: 2,	sesion_id: yz56ly7buvmc5egtp5d90a7vknqdz90h	
INFO "POST /financial/multi_transaction_add/?account=2&date=2020-12-04&time=18:16:00&category=40&corporation=154&desc=&tr_type=2&amount=200 HTTP/1.1" 302 0
INFO [GET] method: 2020-12-05 14:33:34 ,ip: 127.0.0.1,	path: /financial/multi_transaction_add/,	user_id: 2,	sesion_id: yz56ly7buvmc5egtp5d90a7vknqdz90h	
INFO "GET /financial/multi_transaction_add/?account=2&date=2020-12-04&time=16:16:00&category=40&corporation=154&desc=Dernek&tr_type=1&amount=200 HTTP/1.1" 200 81046
INFO [GET] method: 2020-12-05 14:33:35 ,ip: 127.0.0.1,	path: /favicon.ico,	user_id: 2,	sesion_id: yz56ly7buvmc5egtp5d90a7vknqdz90h	
INFO "GET /favicon.ico HTTP/1.1" 302 0
INFO [GET] method: 2020-12-05 14:33:35 ,ip: 127.0.0.1,	path: /,	user_id: 2,	sesion_id: yz56ly7buvmc5egtp5d90a7vknqdz90h	
INFO "GET /?warning=unauthorizated_user HTTP/1.1" 200 169371
INFO [POST] method: 2020-12-05 14:34:06 ,ip: 127.0.0.1,	path: /financial/multi_transaction_add/,	user_id: 2,	sesion_id: yz56ly7buvmc5egtp5d90a7vknqdz90h	
INFO "POST /financial/multi_transaction_add/?account=2&date=2020-12-04&time=16:16:00&category=40&corporation=154&desc=Dernek&tr_type=1&amount=200 HTTP/1.1" 302 0
INFO [GET] method: 2020-12-05 14:34:06 ,ip: 127.0.0.1,	path: /financial/multi_transaction_add/,	user_id: 2,	sesion_id: yz56ly7buvmc5egtp5d90a7vknqdz90h	
INFO "GET /financial/multi_transaction_add/?account=2&date=2020-12-04&time=16:16:00&category=47&corporation=164&desc=&tr_type=2&amount=1737.73 HTTP/1.1" 200 81035
INFO [GET] method: 2020-12-05 14:34:07 ,ip: 127.0.0.1,	path: /favicon.ico,	user_id: 2,	sesion_id: yz56ly7buvmc5egtp5d90a7vknqdz90h	
INFO "GET /favicon.ico HTTP/1.1" 302 0
INFO [GET] method: 2020-12-05 14:34:07 ,ip: 127.0.0.1,	path: /,	user_id: 2,	sesion_id: yz56ly7buvmc5egtp5d90a7vknqdz90h	
INFO "GET /?warning=unauthorizated_user HTTP/1.1" 200 169371
INFO [GET] method: 2020-12-05 14:37:03 ,ip: 127.0.0.1,	path: /list/Transaction/,	user_id: 2,	sesion_id: yz56ly7buvmc5egtp5d90a7vknqdz90h	
INFO "GET /list/Transaction/ HTTP/1.1" 200 175752
INFO [GET] method: 2020-12-05 14:37:07 ,ip: 127.0.0.1,	path: /favicon.ico,	user_id: 2,	sesion_id: yz56ly7buvmc5egtp5d90a7vknqdz90h	
INFO "GET /favicon.ico HTTP/1.1" 302 0
INFO [GET] method: 2020-12-05 14:37:07 ,ip: 127.0.0.1,	path: /,	user_id: 2,	sesion_id: yz56ly7buvmc5egtp5d90a7vknqdz90h	
INFO "GET /?warning=unauthorizated_user HTTP/1.1" 200 169371
INFO [GET] method: 2020-12-05 14:37:20 ,ip: 127.0.0.1,	path: /financial/,	user_id: 2,	sesion_id: yz56ly7buvmc5egtp5d90a7vknqdz90h	
INFO "GET /financial/ HTTP/1.1" 200 40101
INFO [GET] method: 2020-12-05 14:37:21 ,ip: 127.0.0.1,	path: /financial/get_report_data/,	user_id: 2,	sesion_id: yz56ly7buvmc5egtp5d90a7vknqdz90h	
INFO [GET] method: 2020-12-05 14:37:21 ,ip: 127.0.0.1,	path: /financial/get_report_data/,	user_id: 2,	sesion_id: yz56ly7buvmc5egtp5d90a7vknqdz90h	
INFO [GET] method: 2020-12-05 14:37:21 ,ip: 127.0.0.1,	path: /favicon.ico,	user_id: 2,	sesion_id: yz56ly7buvmc5egtp5d90a7vknqdz90h	
INFO "GET /favicon.ico HTTP/1.1" 302 0
INFO [GET] method: 2020-12-05 14:37:21 ,ip: 127.0.0.1,	path: /financial/get_report_data/,	user_id: 2,	sesion_id: yz56ly7buvmc5egtp5d90a7vknqdz90h	
INFO [GET] method: 2020-12-05 14:37:21 ,ip: 127.0.0.1,	path: /,	user_id: 2,	sesion_id: yz56ly7buvmc5egtp5d90a7vknqdz90h	
INFO "GET /financial/get_report_data/?period=30&m_name=Transaction&field=corporation&type_id=2 HTTP/1.1" 200 192
INFO [GET] method: 2020-12-05 14:37:21 ,ip: 127.0.0.1,	path: /financial/get_report_data/,	user_id: 2,	sesion_id: yz56ly7buvmc5egtp5d90a7vknqdz90h	
INFO "GET /financial/get_report_data/?period=30&m_name=Account&field=name&type_id= HTTP/1.1" 200 474
INFO [GET] method: 2020-12-05 14:37:21 ,ip: 127.0.0.1,	path: /financial/get_report_data/,	user_id: 2,	sesion_id: yz56ly7buvmc5egtp5d90a7vknqdz90h	
INFO "GET /financial/get_report_data/?period=30&m_name=Transaction&field=corporation&type_id=1 HTTP/1.1" 200 352
INFO "GET /financial/get_report_data/?period=30&m_name=Transaction&field=account&type_id=1 HTTP/1.1" 200 210
INFO "GET /financial/get_report_data/?period=30&m_name=Transaction&field=category&type_id=1 HTTP/1.1" 200 348
INFO "GET /?warning=unauthorizated_user HTTP/1.1" 200 169371
INFO [GET] method: 2020-12-05 14:37:37 ,ip: 127.0.0.1,	path: /detail/Transaction/2683/,	user_id: 2,	sesion_id: yz56ly7buvmc5egtp5d90a7vknqdz90h	
INFO "GET /detail/Transaction/2683/ HTTP/1.1" 200 38216
INFO [GET] method: 2020-12-05 14:37:38 ,ip: 127.0.0.1,	path: /favicon.ico,	user_id: 2,	sesion_id: yz56ly7buvmc5egtp5d90a7vknqdz90h	
INFO "GET /favicon.ico HTTP/1.1" 302 0
INFO [GET] method: 2020-12-05 14:37:38 ,ip: 127.0.0.1,	path: /,	user_id: 2,	sesion_id: yz56ly7buvmc5egtp5d90a7vknqdz90h	
INFO "GET /?warning=unauthorizated_user HTTP/1.1" 200 169371
INFO [GET] method: 2020-12-05 14:47:40 ,ip: 127.0.0.1,	path: /financial/,	user_id: 2,	sesion_id: yz56ly7buvmc5egtp5d90a7vknqdz90h	
INFO "GET /financial/ HTTP/1.1" 200 40101
INFO [GET] method: 2020-12-05 14:47:41 ,ip: 127.0.0.1,	path: /financial/get_report_data/,	user_id: 2,	sesion_id: yz56ly7buvmc5egtp5d90a7vknqdz90h	
INFO [GET] method: 2020-12-05 14:47:41 ,ip: 127.0.0.1,	path: /financial/get_report_data/,	user_id: 2,	sesion_id: yz56ly7buvmc5egtp5d90a7vknqdz90h	
INFO [GET] method: 2020-12-05 14:47:41 ,ip: 127.0.0.1,	path: /financial/get_report_data/,	user_id: 2,	sesion_id: yz56ly7buvmc5egtp5d90a7vknqdz90h	
INFO [GET] method: 2020-12-05 14:47:41 ,ip: 127.0.0.1,	path: /financial/get_report_data/,	user_id: 2,	sesion_id: yz56ly7buvmc5egtp5d90a7vknqdz90h	
INFO [GET] method: 2020-12-05 14:47:41 ,ip: 127.0.0.1,	path: /favicon.ico,	user_id: 2,	sesion_id: yz56ly7buvmc5egtp5d90a7vknqdz90h	
INFO "GET /financial/get_report_data/?period=30&m_name=Transaction&field=corporation&type_id=2 HTTP/1.1" 200 192
INFO "GET /favicon.ico HTTP/1.1" 302 0
INFO "GET /financial/get_report_data/?period=30&m_name=Account&field=name&type_id= HTTP/1.1" 200 474
INFO "GET /financial/get_report_data/?period=30&m_name=Transaction&field=category&type_id=1 HTTP/1.1" 200 348
INFO [GET] method: 2020-12-05 14:47:41 ,ip: 127.0.0.1,	path: /,	user_id: 2,	sesion_id: yz56ly7buvmc5egtp5d90a7vknqdz90h	
INFO [GET] method: 2020-12-05 14:47:41 ,ip: 127.0.0.1,	path: /financial/get_report_data/,	user_id: 2,	sesion_id: yz56ly7buvmc5egtp5d90a7vknqdz90h	
INFO "GET /financial/get_report_data/?period=30&m_name=Transaction&field=account&type_id=1 HTTP/1.1" 200 210
INFO "GET /financial/get_report_data/?period=30&m_name=Transaction&field=corporation&type_id=1 HTTP/1.1" 200 352
INFO "GET /?warning=unauthorizated_user HTTP/1.1" 200 169371
INFO [GET] method: 2020-12-05 14:47:55 ,ip: 127.0.0.1,	path: /list/Transaction/,	user_id: 2,	sesion_id: yz56ly7buvmc5egtp5d90a7vknqdz90h	
INFO "GET /list/Transaction/ HTTP/1.1" 200 175752
INFO [GET] method: 2020-12-05 14:47:57 ,ip: 127.0.0.1,	path: /favicon.ico,	user_id: 2,	sesion_id: yz56ly7buvmc5egtp5d90a7vknqdz90h	
INFO "GET /favicon.ico HTTP/1.1" 302 0
INFO [GET] method: 2020-12-05 14:47:57 ,ip: 127.0.0.1,	path: /,	user_id: 2,	sesion_id: yz56ly7buvmc5egtp5d90a7vknqdz90h	
INFO "GET /?warning=unauthorizated_user HTTP/1.1" 200 169371
INFO [GET] method: 2020-12-05 14:47:59 ,ip: 127.0.0.1,	path: /list/Account/,	user_id: 2,	sesion_id: yz56ly7buvmc5egtp5d90a7vknqdz90h	
INFO "GET /list/Account/ HTTP/1.1" 200 144804
INFO [GET] method: 2020-12-05 14:48:00 ,ip: 127.0.0.1,	path: /favicon.ico,	user_id: 2,	sesion_id: yz56ly7buvmc5egtp5d90a7vknqdz90h	
INFO "GET /favicon.ico HTTP/1.1" 302 0
INFO [GET] method: 2020-12-05 14:48:01 ,ip: 127.0.0.1,	path: /,	user_id: 2,	sesion_id: yz56ly7buvmc5egtp5d90a7vknqdz90h	
INFO "GET /?warning=unauthorizated_user HTTP/1.1" 200 169371
INFO [GET] method: 2020-12-05 14:48:09 ,ip: 127.0.0.1,	path: /detail/Account/2/,	user_id: 2,	sesion_id: yz56ly7buvmc5egtp5d90a7vknqdz90h	
INFO "GET /detail/Account/2/ HTTP/1.1" 200 43380
INFO [GET] method: 2020-12-05 14:48:09 ,ip: 127.0.0.1,	path: /favicon.ico,	user_id: 2,	sesion_id: yz56ly7buvmc5egtp5d90a7vknqdz90h	
INFO "GET /favicon.ico HTTP/1.1" 302 0
INFO [GET] method: 2020-12-05 14:48:10 ,ip: 127.0.0.1,	path: /,	user_id: 2,	sesion_id: yz56ly7buvmc5egtp5d90a7vknqdz90h	
INFO "GET /?warning=unauthorizated_user HTTP/1.1" 200 169371
INFO [GET] method: 2020-12-05 14:48:11 ,ip: 127.0.0.1,	path: /update/Account/2/,	user_id: 2,	sesion_id: yz56ly7buvmc5egtp5d90a7vknqdz90h	
INFO "GET /update/Account/2/ HTTP/1.1" 200 74633
INFO [GET] method: 2020-12-05 14:48:11 ,ip: 127.0.0.1,	path: /favicon.ico,	user_id: 2,	sesion_id: yz56ly7buvmc5egtp5d90a7vknqdz90h	
INFO "GET /favicon.ico HTTP/1.1" 302 0
INFO [GET] method: 2020-12-05 14:48:11 ,ip: 127.0.0.1,	path: /,	user_id: 2,	sesion_id: yz56ly7buvmc5egtp5d90a7vknqdz90h	
INFO "GET /?warning=unauthorizated_user HTTP/1.1" 200 169371
INFO [GET] method: 2020-12-05 14:48:18 ,ip: 127.0.0.1,	path: /detail/Transaction/2680/,	user_id: 2,	sesion_id: yz56ly7buvmc5egtp5d90a7vknqdz90h	
INFO "GET /detail/Transaction/2680/ HTTP/1.1" 200 38208
INFO [GET] method: 2020-12-05 14:48:19 ,ip: 127.0.0.1,	path: /favicon.ico,	user_id: 2,	sesion_id: yz56ly7buvmc5egtp5d90a7vknqdz90h	
INFO "GET /favicon.ico HTTP/1.1" 302 0
INFO [GET] method: 2020-12-05 14:48:19 ,ip: 127.0.0.1,	path: /,	user_id: 2,	sesion_id: yz56ly7buvmc5egtp5d90a7vknqdz90h	
INFO "GET /?warning=unauthorizated_user HTTP/1.1" 200 169371
INFO [POST] method: 2020-12-05 14:48:44 ,ip: 127.0.0.1,	path: /update/Account/2/,	user_id: 2,	sesion_id: yz56ly7buvmc5egtp5d90a7vknqdz90h	
INFO "POST /update/Account/2/ HTTP/1.1" 302 0
INFO [GET] method: 2020-12-05 14:48:45 ,ip: 127.0.0.1,	path: /detail/Account/2/,	user_id: 2,	sesion_id: yz56ly7buvmc5egtp5d90a7vknqdz90h	
INFO "GET /detail/Account/2/ HTTP/1.1" 200 43380
INFO [GET] method: 2020-12-05 14:48:45 ,ip: 127.0.0.1,	path: /favicon.ico,	user_id: 2,	sesion_id: yz56ly7buvmc5egtp5d90a7vknqdz90h	
INFO "GET /favicon.ico HTTP/1.1" 302 0
INFO [GET] method: 2020-12-05 14:48:45 ,ip: 127.0.0.1,	path: /,	user_id: 2,	sesion_id: yz56ly7buvmc5egtp5d90a7vknqdz90h	
INFO "GET /?warning=unauthorizated_user HTTP/1.1" 200 169371
INFO [GET] method: 2020-12-05 14:48:47 ,ip: 127.0.0.1,	path: /list/Account/,	user_id: 2,	sesion_id: yz56ly7buvmc5egtp5d90a7vknqdz90h	
INFO "GET /list/Account/ HTTP/1.1" 200 144804
INFO [GET] method: 2020-12-05 14:48:48 ,ip: 127.0.0.1,	path: /favicon.ico,	user_id: 2,	sesion_id: yz56ly7buvmc5egtp5d90a7vknqdz90h	
INFO "GET /favicon.ico HTTP/1.1" 302 0
INFO [GET] method: 2020-12-05 14:48:48 ,ip: 127.0.0.1,	path: /,	user_id: 2,	sesion_id: yz56ly7buvmc5egtp5d90a7vknqdz90h	
INFO "GET /?warning=unauthorizated_user HTTP/1.1" 200 169371
INFO [GET] method: 2020-12-05 14:49:16 ,ip: 127.0.0.1,	path: /detail/Account/8/,	user_id: 2,	sesion_id: yz56ly7buvmc5egtp5d90a7vknqdz90h	
INFO "GET /detail/Account/8/ HTTP/1.1" 200 43356
INFO [GET] method: 2020-12-05 14:49:17 ,ip: 127.0.0.1,	path: /favicon.ico,	user_id: 2,	sesion_id: yz56ly7buvmc5egtp5d90a7vknqdz90h	
INFO "GET /favicon.ico HTTP/1.1" 302 0
INFO [GET] method: 2020-12-05 14:49:17 ,ip: 127.0.0.1,	path: /,	user_id: 2,	sesion_id: yz56ly7buvmc5egtp5d90a7vknqdz90h	
INFO "GET /?warning=unauthorizated_user HTTP/1.1" 200 169371
INFO [GET] method: 2020-12-05 14:49:27 ,ip: 127.0.0.1,	path: /update/Account/8/,	user_id: 2,	sesion_id: yz56ly7buvmc5egtp5d90a7vknqdz90h	
INFO "GET /update/Account/8/ HTTP/1.1" 200 74464
INFO [GET] method: 2020-12-05 14:49:28 ,ip: 127.0.0.1,	path: /favicon.ico,	user_id: 2,	sesion_id: yz56ly7buvmc5egtp5d90a7vknqdz90h	
INFO "GET /favicon.ico HTTP/1.1" 302 0
INFO [GET] method: 2020-12-05 14:49:28 ,ip: 127.0.0.1,	path: /,	user_id: 2,	sesion_id: yz56ly7buvmc5egtp5d90a7vknqdz90h	
INFO "GET /?warning=unauthorizated_user HTTP/1.1" 200 169371
INFO [POST] method: 2020-12-05 14:49:36 ,ip: 127.0.0.1,	path: /update/Account/8/,	user_id: 2,	sesion_id: yz56ly7buvmc5egtp5d90a7vknqdz90h	
INFO "POST /update/Account/8/ HTTP/1.1" 302 0
INFO [GET] method: 2020-12-05 14:49:36 ,ip: 127.0.0.1,	path: /detail/Account/8/,	user_id: 2,	sesion_id: yz56ly7buvmc5egtp5d90a7vknqdz90h	
INFO "GET /detail/Account/8/ HTTP/1.1" 200 43356
INFO [GET] method: 2020-12-05 14:49:36 ,ip: 127.0.0.1,	path: /favicon.ico,	user_id: 2,	sesion_id: yz56ly7buvmc5egtp5d90a7vknqdz90h	
INFO "GET /favicon.ico HTTP/1.1" 302 0
INFO [GET] method: 2020-12-05 14:49:36 ,ip: 127.0.0.1,	path: /,	user_id: 2,	sesion_id: yz56ly7buvmc5egtp5d90a7vknqdz90h	
INFO "GET /?warning=unauthorizated_user HTTP/1.1" 200 169371
INFO [GET] method: 2020-12-05 14:49:39 ,ip: 127.0.0.1,	path: /list/Account/,	user_id: 2,	sesion_id: yz56ly7buvmc5egtp5d90a7vknqdz90h	
INFO "GET /list/Account/ HTTP/1.1" 200 144804
INFO [GET] method: 2020-12-05 14:49:40 ,ip: 127.0.0.1,	path: /favicon.ico,	user_id: 2,	sesion_id: yz56ly7buvmc5egtp5d90a7vknqdz90h	
INFO "GET /favicon.ico HTTP/1.1" 302 0
INFO [GET] method: 2020-12-05 14:49:40 ,ip: 127.0.0.1,	path: /,	user_id: 2,	sesion_id: yz56ly7buvmc5egtp5d90a7vknqdz90h	
INFO [GET] method: 2020-12-05 14:49:41 ,ip: 127.0.0.1,	path: /list/Transaction/,	user_id: 2,	sesion_id: yz56ly7buvmc5egtp5d90a7vknqdz90h	
INFO "GET /?warning=unauthorizated_user HTTP/1.1" 200 169371
INFO [GET] method: 2020-12-05 14:49:42 ,ip: 127.0.0.1,	path: /financial/,	user_id: 2,	sesion_id: yz56ly7buvmc5egtp5d90a7vknqdz90h	
INFO "GET /financial/ HTTP/1.1" 200 40101
INFO [GET] method: 2020-12-05 14:49:42 ,ip: 127.0.0.1,	path: /financial/get_report_data/,	user_id: 2,	sesion_id: yz56ly7buvmc5egtp5d90a7vknqdz90h	
INFO [GET] method: 2020-12-05 14:49:42 ,ip: 127.0.0.1,	path: /financial/get_report_data/,	user_id: 2,	sesion_id: yz56ly7buvmc5egtp5d90a7vknqdz90h	
INFO [GET] method: 2020-12-05 14:49:42 ,ip: 127.0.0.1,	path: /financial/get_report_data/,	user_id: 2,	sesion_id: yz56ly7buvmc5egtp5d90a7vknqdz90h	
INFO [GET] method: 2020-12-05 14:49:42 ,ip: 127.0.0.1,	path: /financial/get_report_data/,	user_id: 2,	sesion_id: yz56ly7buvmc5egtp5d90a7vknqdz90h	
INFO [GET] method: 2020-12-05 14:49:42 ,ip: 127.0.0.1,	path: /financial/get_report_data/,	user_id: 2,	sesion_id: yz56ly7buvmc5egtp5d90a7vknqdz90h	
INFO "GET /financial/get_report_data/?period=30&m_name=Account&field=name&type_id= HTTP/1.1" 200 474
INFO "GET /financial/get_report_data/?period=30&m_name=Transaction&field=corporation&type_id=2 HTTP/1.1" 200 192
INFO [GET] method: 2020-12-05 14:49:43 ,ip: 127.0.0.1,	path: /favicon.ico,	user_id: 2,	sesion_id: yz56ly7buvmc5egtp5d90a7vknqdz90h	
INFO "GET /favicon.ico HTTP/1.1" 302 0
INFO [GET] method: 2020-12-05 14:49:43 ,ip: 127.0.0.1,	path: /,	user_id: 2,	sesion_id: yz56ly7buvmc5egtp5d90a7vknqdz90h	
INFO "GET /financial/get_report_data/?period=30&m_name=Transaction&field=corporation&type_id=1 HTTP/1.1" 200 352
INFO "GET /financial/get_report_data/?period=30&m_name=Transaction&field=category&type_id=1 HTTP/1.1" 200 348
INFO "GET /financial/get_report_data/?period=30&m_name=Transaction&field=account&type_id=1 HTTP/1.1" 200 210
INFO "GET /list/Transaction/ HTTP/1.1" 200 175752
INFO [GET] method: 2020-12-05 14:49:44 ,ip: 127.0.0.1,	path: /favicon.ico,	user_id: 2,	sesion_id: yz56ly7buvmc5egtp5d90a7vknqdz90h	
INFO "GET /favicon.ico HTTP/1.1" 302 0
INFO "GET /?warning=unauthorizated_user HTTP/1.1" 200 169371
INFO [GET] method: 2020-12-05 14:49:44 ,ip: 127.0.0.1,	path: /,	user_id: 2,	sesion_id: yz56ly7buvmc5egtp5d90a7vknqdz90h	
INFO "GET /?warning=unauthorizated_user HTTP/1.1" 200 169371
INFO [GET] method: 2020-12-05 14:49:58 ,ip: 127.0.0.1,	path: /detail/Account/6/,	user_id: 2,	sesion_id: yz56ly7buvmc5egtp5d90a7vknqdz90h	
INFO "GET /detail/Account/6/ HTTP/1.1" 200 43290
INFO [GET] method: 2020-12-05 14:49:58 ,ip: 127.0.0.1,	path: /favicon.ico,	user_id: 2,	sesion_id: yz56ly7buvmc5egtp5d90a7vknqdz90h	
INFO "GET /favicon.ico HTTP/1.1" 302 0
INFO [GET] method: 2020-12-05 14:49:58 ,ip: 127.0.0.1,	path: /,	user_id: 2,	sesion_id: yz56ly7buvmc5egtp5d90a7vknqdz90h	
INFO "GET /?warning=unauthorizated_user HTTP/1.1" 200 169371
INFO [GET] method: 2020-12-05 14:56:41 ,ip: 127.0.0.1,	path: /update/Account/6/,	user_id: 2,	sesion_id: yz56ly7buvmc5egtp5d90a7vknqdz90h	
INFO "GET /update/Account/6/ HTTP/1.1" 200 74572
INFO [GET] method: 2020-12-05 14:56:42 ,ip: 127.0.0.1,	path: /favicon.ico,	user_id: 2,	sesion_id: yz56ly7buvmc5egtp5d90a7vknqdz90h	
INFO "GET /favicon.ico HTTP/1.1" 302 0
INFO [GET] method: 2020-12-05 14:56:42 ,ip: 127.0.0.1,	path: /,	user_id: 2,	sesion_id: yz56ly7buvmc5egtp5d90a7vknqdz90h	
INFO "GET /?warning=unauthorizated_user HTTP/1.1" 200 169371
INFO [POST] method: 2020-12-05 14:59:19 ,ip: 127.0.0.1,	path: /update/Account/6/,	user_id: 2,	sesion_id: yz56ly7buvmc5egtp5d90a7vknqdz90h	
INFO "POST /update/Account/6/ HTTP/1.1" 302 0
INFO [GET] method: 2020-12-05 14:59:19 ,ip: 127.0.0.1,	path: /detail/Account/6/,	user_id: 2,	sesion_id: yz56ly7buvmc5egtp5d90a7vknqdz90h	
INFO "GET /detail/Account/6/ HTTP/1.1" 200 43291
INFO [GET] method: 2020-12-05 14:59:20 ,ip: 127.0.0.1,	path: /favicon.ico,	user_id: 2,	sesion_id: yz56ly7buvmc5egtp5d90a7vknqdz90h	
INFO "GET /favicon.ico HTTP/1.1" 302 0
INFO [GET] method: 2020-12-05 14:59:20 ,ip: 127.0.0.1,	path: /,	user_id: 2,	sesion_id: yz56ly7buvmc5egtp5d90a7vknqdz90h	
INFO "GET /?warning=unauthorizated_user HTTP/1.1" 200 169371
INFO [GET] method: 2020-12-05 15:03:37 ,ip: 127.0.0.1,	path: /financial/,	user_id: 2,	sesion_id: yz56ly7buvmc5egtp5d90a7vknqdz90h	
INFO "GET /financial/ HTTP/1.1" 200 40101
INFO [GET] method: 2020-12-05 15:03:38 ,ip: 127.0.0.1,	path: /financial/get_report_data/,	user_id: 2,	sesion_id: yz56ly7buvmc5egtp5d90a7vknqdz90h	
INFO [GET] method: 2020-12-05 15:03:38 ,ip: 127.0.0.1,	path: /financial/get_report_data/,	user_id: 2,	sesion_id: yz56ly7buvmc5egtp5d90a7vknqdz90h	
INFO [GET] method: 2020-12-05 15:03:38 ,ip: 127.0.0.1,	path: /financial/get_report_data/,	user_id: 2,	sesion_id: yz56ly7buvmc5egtp5d90a7vknqdz90h	
INFO [GET] method: 2020-12-05 15:03:38 ,ip: 127.0.0.1,	path: /financial/get_report_data/,	user_id: 2,	sesion_id: yz56ly7buvmc5egtp5d90a7vknqdz90h	
INFO [GET] method: 2020-12-05 15:03:38 ,ip: 127.0.0.1,	path: /financial/get_report_data/,	user_id: 2,	sesion_id: yz56ly7buvmc5egtp5d90a7vknqdz90h	
INFO [GET] method: 2020-12-05 15:03:38 ,ip: 127.0.0.1,	path: /favicon.ico,	user_id: 2,	sesion_id: yz56ly7buvmc5egtp5d90a7vknqdz90h	
INFO "GET /financial/get_report_data/?period=30&m_name=Account&field=name&type_id= HTTP/1.1" 200 475
INFO "GET /favicon.ico HTTP/1.1" 302 0
INFO [GET] method: 2020-12-05 15:03:38 ,ip: 127.0.0.1,	path: /,	user_id: 2,	sesion_id: yz56ly7buvmc5egtp5d90a7vknqdz90h	
INFO "GET /financial/get_report_data/?period=30&m_name=Transaction&field=corporation&type_id=2 HTTP/1.1" 200 192
INFO "GET /financial/get_report_data/?period=30&m_name=Transaction&field=category&type_id=1 HTTP/1.1" 200 348
INFO "GET /financial/get_report_data/?period=30&m_name=Transaction&field=corporation&type_id=1 HTTP/1.1" 200 352
INFO "GET /financial/get_report_data/?period=30&m_name=Transaction&field=account&type_id=1 HTTP/1.1" 200 210
INFO "GET /?warning=unauthorizated_user HTTP/1.1" 200 169371
INFO [POST] method: 2020-12-05 15:05:51 ,ip: 127.0.0.1,	path: /financial/multi_transaction_add/,	user_id: 2,	sesion_id: yz56ly7buvmc5egtp5d90a7vknqdz90h	
INFO "POST /financial/multi_transaction_add/?account=2&date=2020-12-04&time=16:16:00&category=47&corporation=164&desc=&tr_type=2&amount=1737.73 HTTP/1.1" 302 0
INFO [GET] method: 2020-12-05 15:05:52 ,ip: 127.0.0.1,	path: /financial/multi_transaction_add/,	user_id: 2,	sesion_id: yz56ly7buvmc5egtp5d90a7vknqdz90h	
INFO "GET /financial/multi_transaction_add/?account=6&date=2020-12-23&time=13:45:00&category=47&corporation=164&desc=&tr_type=1&amount=6.99 HTTP/1.1" 200 81019
INFO [GET] method: 2020-12-05 15:05:53 ,ip: 127.0.0.1,	path: /favicon.ico,	user_id: 2,	sesion_id: yz56ly7buvmc5egtp5d90a7vknqdz90h	
INFO "GET /favicon.ico HTTP/1.1" 302 0
INFO [GET] method: 2020-12-05 15:05:53 ,ip: 127.0.0.1,	path: /,	user_id: 2,	sesion_id: yz56ly7buvmc5egtp5d90a7vknqdz90h	
INFO "GET /?warning=unauthorizated_user HTTP/1.1" 200 169371
INFO [POST] method: 2020-12-05 15:43:21 ,ip: 127.0.0.1,	path: /financial/multi_transaction_add/,	user_id: 2,	sesion_id: yz56ly7buvmc5egtp5d90a7vknqdz90h	
INFO "POST /financial/multi_transaction_add/?account=6&date=2020-12-23&time=13:45:00&category=47&corporation=164&desc=&tr_type=1&amount=6.99 HTTP/1.1" 302 0
INFO [GET] method: 2020-12-05 15:43:22 ,ip: 127.0.0.1,	path: /financial/multi_transaction_add/,	user_id: 2,	sesion_id: yz56ly7buvmc5egtp5d90a7vknqdz90h	
INFO "GET /financial/multi_transaction_add/?account=6&date=2020-12-04&time=11:25:00&category=40&corporation=77&desc=&tr_type=1&amount=140 HTTP/1.1" 200 81018
INFO [GET] method: 2020-12-05 15:43:23 ,ip: 127.0.0.1,	path: /favicon.ico,	user_id: 2,	sesion_id: yz56ly7buvmc5egtp5d90a7vknqdz90h	
INFO "GET /favicon.ico HTTP/1.1" 302 0
INFO [GET] method: 2020-12-05 15:43:23 ,ip: 127.0.0.1,	path: /,	user_id: 2,	sesion_id: yz56ly7buvmc5egtp5d90a7vknqdz90h	
INFO "GET /?warning=unauthorizated_user HTTP/1.1" 200 169371
INFO "GET /static/dist/js/adminlte.min.js.map HTTP/1.1" 200 82896
INFO "GET /static/dist/css/adminlte.min.css.map HTTP/1.1" 200 1483310
INFO "GET /static/plugins/bootstrap/js/bootstrap.bundle.min.js.map HTTP/1.1" 200 318045
INFO [POST] method: 2020-12-05 15:43:54 ,ip: 127.0.0.1,	path: /financial/multi_transaction_add/,	user_id: 2,	sesion_id: yz56ly7buvmc5egtp5d90a7vknqdz90h	
INFO "POST /financial/multi_transaction_add/?account=6&date=2020-12-04&time=11:25:00&category=40&corporation=77&desc=&tr_type=1&amount=140 HTTP/1.1" 302 0
INFO [GET] method: 2020-12-05 15:43:55 ,ip: 127.0.0.1,	path: /financial/multi_transaction_add/,	user_id: 2,	sesion_id: yz56ly7buvmc5egtp5d90a7vknqdz90h	
INFO "GET /financial/multi_transaction_add/?account=6&date=2020-12-04&time=15:20:00&category=48&corporation=190&desc=&tr_type=1&amount=25.99 HTTP/1.1" 200 81020
INFO [GET] method: 2020-12-05 15:43:56 ,ip: 127.0.0.1,	path: /favicon.ico,	user_id: 2,	sesion_id: yz56ly7buvmc5egtp5d90a7vknqdz90h	
INFO "GET /favicon.ico HTTP/1.1" 302 0
INFO [GET] method: 2020-12-05 15:43:56 ,ip: 127.0.0.1,	path: /,	user_id: 2,	sesion_id: yz56ly7buvmc5egtp5d90a7vknqdz90h	
INFO "GET /?warning=unauthorizated_user HTTP/1.1" 200 169371
INFO [GET] method: 2020-12-05 15:44:28 ,ip: 127.0.0.1,	path: /list/Transaction/,	user_id: 2,	sesion_id: yz56ly7buvmc5egtp5d90a7vknqdz90h	
INFO [GET] method: 2020-12-05 15:44:29 ,ip: 127.0.0.1,	path: /financial/,	user_id: 2,	sesion_id: yz56ly7buvmc5egtp5d90a7vknqdz90h	
INFO "GET /financial/ HTTP/1.1" 200 40101
INFO [GET] method: 2020-12-05 15:44:30 ,ip: 127.0.0.1,	path: /financial/get_report_data/,	user_id: 2,	sesion_id: yz56ly7buvmc5egtp5d90a7vknqdz90h	
INFO [GET] method: 2020-12-05 15:44:30 ,ip: 127.0.0.1,	path: /financial/get_report_data/,	user_id: 2,	sesion_id: yz56ly7buvmc5egtp5d90a7vknqdz90h	
INFO [GET] method: 2020-12-05 15:44:30 ,ip: 127.0.0.1,	path: /financial/get_report_data/,	user_id: 2,	sesion_id: yz56ly7buvmc5egtp5d90a7vknqdz90h	
INFO [GET] method: 2020-12-05 15:44:31 ,ip: 127.0.0.1,	path: /financial/get_report_data/,	user_id: 2,	sesion_id: yz56ly7buvmc5egtp5d90a7vknqdz90h	
INFO [GET] method: 2020-12-05 15:44:31 ,ip: 127.0.0.1,	path: /financial/get_report_data/,	user_id: 2,	sesion_id: yz56ly7buvmc5egtp5d90a7vknqdz90h	
INFO "GET /financial/get_report_data/?period=30&m_name=Transaction&field=corporation&type_id=2 HTTP/1.1" 200 192
INFO "GET /financial/get_report_data/?period=30&m_name=Account&field=name&type_id= HTTP/1.1" 200 481
INFO [GET] method: 2020-12-05 15:44:32 ,ip: 127.0.0.1,	path: /favicon.ico,	user_id: 2,	sesion_id: yz56ly7buvmc5egtp5d90a7vknqdz90h	
INFO "GET /favicon.ico HTTP/1.1" 302 0
INFO "GET /financial/get_report_data/?period=30&m_name=Transaction&field=corporation&type_id=1 HTTP/1.1" 200 352
INFO [GET] method: 2020-12-05 15:44:32 ,ip: 127.0.0.1,	path: /,	user_id: 2,	sesion_id: yz56ly7buvmc5egtp5d90a7vknqdz90h	
INFO "GET /financial/get_report_data/?period=30&m_name=Transaction&field=category&type_id=1 HTTP/1.1" 200 346
INFO "GET /financial/get_report_data/?period=30&m_name=Transaction&field=account&type_id=1 HTTP/1.1" 200 210
INFO "GET /?warning=unauthorizated_user HTTP/1.1" 200 169371
INFO "GET /list/Transaction/ HTTP/1.1" 200 175731
INFO [GET] method: 2020-12-05 15:44:37 ,ip: 127.0.0.1,	path: /favicon.ico,	user_id: 2,	sesion_id: yz56ly7buvmc5egtp5d90a7vknqdz90h	
INFO "GET /favicon.ico HTTP/1.1" 302 0
INFO [GET] method: 2020-12-05 15:44:37 ,ip: 127.0.0.1,	path: /,	user_id: 2,	sesion_id: yz56ly7buvmc5egtp5d90a7vknqdz90h	
INFO "GET /?warning=unauthorizated_user HTTP/1.1" 200 169371
INFO [GET] method: 2020-12-05 15:44:40 ,ip: 127.0.0.1,	path: /update/Account/6/,	user_id: 2,	sesion_id: yz56ly7buvmc5egtp5d90a7vknqdz90h	
INFO "GET /update/Account/6/ HTTP/1.1" 200 74575
INFO [GET] method: 2020-12-05 15:44:41 ,ip: 127.0.0.1,	path: /favicon.ico,	user_id: 2,	sesion_id: yz56ly7buvmc5egtp5d90a7vknqdz90h	
INFO "GET /favicon.ico HTTP/1.1" 302 0
INFO [GET] method: 2020-12-05 15:44:41 ,ip: 127.0.0.1,	path: /,	user_id: 2,	sesion_id: yz56ly7buvmc5egtp5d90a7vknqdz90h	
INFO "GET /?warning=unauthorizated_user HTTP/1.1" 200 169371
INFO [POST] method: 2020-12-05 15:44:49 ,ip: 127.0.0.1,	path: /update/Account/6/,	user_id: 2,	sesion_id: yz56ly7buvmc5egtp5d90a7vknqdz90h	
INFO "POST /update/Account/6/ HTTP/1.1" 302 0
INFO [GET] method: 2020-12-05 15:44:49 ,ip: 127.0.0.1,	path: /detail/Account/6/,	user_id: 2,	sesion_id: yz56ly7buvmc5egtp5d90a7vknqdz90h	
INFO "GET /detail/Account/6/ HTTP/1.1" 200 43292
INFO [GET] method: 2020-12-05 15:44:49 ,ip: 127.0.0.1,	path: /favicon.ico,	user_id: 2,	sesion_id: yz56ly7buvmc5egtp5d90a7vknqdz90h	
INFO "GET /favicon.ico HTTP/1.1" 302 0
INFO [GET] method: 2020-12-05 15:44:50 ,ip: 127.0.0.1,	path: /,	user_id: 2,	sesion_id: yz56ly7buvmc5egtp5d90a7vknqdz90h	
INFO "GET /?warning=unauthorizated_user HTTP/1.1" 200 169371
INFO [GET] method: 2020-12-05 15:44:57 ,ip: 127.0.0.1,	path: /financial/,	user_id: 2,	sesion_id: yz56ly7buvmc5egtp5d90a7vknqdz90h	
INFO "GET /financial/ HTTP/1.1" 200 40101
INFO [GET] method: 2020-12-05 15:44:57 ,ip: 127.0.0.1,	path: /financial/get_report_data/,	user_id: 2,	sesion_id: yz56ly7buvmc5egtp5d90a7vknqdz90h	
INFO [GET] method: 2020-12-05 15:44:57 ,ip: 127.0.0.1,	path: /financial/get_report_data/,	user_id: 2,	sesion_id: yz56ly7buvmc5egtp5d90a7vknqdz90h	
INFO [GET] method: 2020-12-05 15:44:57 ,ip: 127.0.0.1,	path: /financial/get_report_data/,	user_id: 2,	sesion_id: yz56ly7buvmc5egtp5d90a7vknqdz90h	
INFO "GET /financial/get_report_data/?period=30&m_name=Transaction&field=corporation&type_id=2 HTTP/1.1" 200 192
INFO [GET] method: 2020-12-05 15:44:58 ,ip: 127.0.0.1,	path: /favicon.ico,	user_id: 2,	sesion_id: yz56ly7buvmc5egtp5d90a7vknqdz90h	
INFO [GET] method: 2020-12-05 15:44:57 ,ip: 127.0.0.1,	path: /financial/get_report_data/,	user_id: 2,	sesion_id: yz56ly7buvmc5egtp5d90a7vknqdz90h	
INFO "GET /favicon.ico HTTP/1.1" 302 0
INFO [GET] method: 2020-12-05 15:44:57 ,ip: 127.0.0.1,	path: /financial/get_report_data/,	user_id: 2,	sesion_id: yz56ly7buvmc5egtp5d90a7vknqdz90h	
INFO [GET] method: 2020-12-05 15:44:58 ,ip: 127.0.0.1,	path: /,	user_id: 2,	sesion_id: yz56ly7buvmc5egtp5d90a7vknqdz90h	
INFO "GET /financial/get_report_data/?period=30&m_name=Account&field=name&type_id= HTTP/1.1" 200 476
INFO "GET /financial/get_report_data/?period=30&m_name=Transaction&field=category&type_id=1 HTTP/1.1" 200 346
INFO "GET /financial/get_report_data/?period=30&m_name=Transaction&field=corporation&type_id=1 HTTP/1.1" 200 352
INFO "GET /financial/get_report_data/?period=30&m_name=Transaction&field=account&type_id=1 HTTP/1.1" 200 210
INFO "GET /?warning=unauthorizated_user HTTP/1.1" 200 169371
